  Building Custom Rule C:/msys64/home/Satvik/meta/src/sequence/crf/tools/CMakeLists.txt
  CMake does not need to re-run because C:/Users/Satvik/of_v0.9.8_vs_release/apps/myApps/final-project-ssethia2/src/sequence/crf/tools/CMakeFiles/generate.stamp is up-to-date.
  pos_tag.cpp
c:\msys64\home\satvik\meta\include\meta\hashing\hashes\farm_hash.h(284): warning C4307: '*': integral constant overflow
c:\msys64\home\satvik\meta\include\meta\hashing\hashes\metro_hash.h(161): warning C4244: 'return': conversion from 'uint64_t' to '::size_t', possible loss of data
c:\program files (x86)\microsoft visual studio\2017\community\vc\tools\msvc\14.13.26128\include\xutility(2440): warning C4996: 'std::copy::_Unchecked_iterators::_Deprecate': Call to 'std::copy' with parameters that may be unsafe - this call relies on the caller to check that the passed values are correct. To disable this warning, use -D_SCL_SECURE_NO_WARNINGS. See documentation on how to use Visual C++ 'Checked Iterators'
  c:\program files (x86)\microsoft visual studio\2017\community\vc\tools\msvc\14.13.26128\include\xutility(2440): note: see declaration of 'std::copy::_Unchecked_iterators::_Deprecate'
  c:\msys64\home\satvik\meta\include\meta\hashing\hashes\farm_hash.h(269): note: see reference to function template instantiation '_OutIt std::copy<const uint8_t*,uint8_t*>(_InIt,_InIt,_OutIt)' being compiled
          with
          [
              _OutIt=uint8_t *,
              _InIt=const uint8_t *
          ]
c:\msys64\home\satvik\meta\include\meta\util\disk_vector.tcc(99): warning C4244: 'argument': conversion from 'uint64_t' to '::size_t', possible loss of data
  c:\msys64\home\satvik\meta\include\meta\util\disk_vector.tcc(95): note: while compiling class template member function 'meta::util::disk_vector<meta::sequence::crf_feature_id>::~disk_vector(void)'
  c:\msys64\home\satvik\meta\include\meta\util\optional.tcc(146): note: see reference to function template instantiation 'meta::util::disk_vector<meta::sequence::crf_feature_id>::~disk_vector(void)' being compiled
  c:\msys64\home\satvik\meta\include\meta\util\optional.tcc(144): note: while compiling class template member function 'void meta::util::optional<meta::util::disk_vector<meta::sequence::crf_feature_id>>::clear(void)'
  c:\msys64\home\satvik\meta\include\meta\util\optional.tcc(101): note: see reference to function template instantiation 'void meta::util::optional<meta::util::disk_vector<meta::sequence::crf_feature_id>>::clear(void)' being compiled
  c:\msys64\home\satvik\meta\include\meta\util\optional.tcc(100): note: while compiling class template member function 'meta::util::optional<meta::util::disk_vector<meta::sequence::crf_feature_id>>::~optional(void)'
  c:\msys64\home\satvik\meta\src\sequence\crf\tools\pos_tag.cpp(84): note: see reference to function template instantiation 'meta::util::optional<meta::util::disk_vector<meta::sequence::crf_feature_id>>::~optional(void)' being compiled
  c:\msys64\home\satvik\meta\include\meta\sequence\crf\crf.h(325): note: see reference to class template instantiation 'meta::util::optional<meta::util::disk_vector<meta::sequence::crf_feature_id>>' being compiled
LINK : fatal error LNK1104: cannot open file '..\..\..\..\lib\Debug\meta-sequence.lib'
