  Building Custom Rule C:/msys64/home/Satvik/meta/src/regression/CMakeLists.txt
  CMake does not need to re-run because C:/Users/Satvik/of_v0.9.8_vs_release/apps/myApps/final-project-ssethia2/src/regression/CMakeFiles/generate.stamp is up-to-date.
  metrics.cpp
c:\msys64\home\satvik\meta\include\meta\hashing\hashes\farm_hash.h(284): warning C4307: '*': integral constant overflow
c:\msys64\home\satvik\meta\include\meta\hashing\hashes\metro_hash.h(161): warning C4244: 'return': conversion from 'uint64_t' to '::size_t', possible loss of data
c:\program files (x86)\microsoft visual studio\2017\community\vc\tools\msvc\14.13.26128\include\xutility(2440): warning C4996: 'std::copy::_Unchecked_iterators::_Deprecate': Call to 'std::copy' with parameters that may be unsafe - this call relies on the caller to check that the passed values are correct. To disable this warning, use -D_SCL_SECURE_NO_WARNINGS. See documentation on how to use Visual C++ 'Checked Iterators'
  c:\program files (x86)\microsoft visual studio\2017\community\vc\tools\msvc\14.13.26128\include\xutility(2440): note: see declaration of 'std::copy::_Unchecked_iterators::_Deprecate'
  c:\msys64\home\satvik\meta\include\meta\hashing\hashes\farm_hash.h(269): note: see reference to function template instantiation '_OutIt std::copy<const uint8_t*,uint8_t*>(_InIt,_InIt,_OutIt)' being compiled
          with
          [
              _OutIt=uint8_t *,
              _InIt=const uint8_t *
          ]
  regressor_factory.cpp
c:\msys64\home\satvik\meta\include\meta\hashing\hashes\farm_hash.h(284): warning C4307: '*': integral constant overflow
c:\msys64\home\satvik\meta\include\meta\hashing\hashes\metro_hash.h(161): warning C4244: 'return': conversion from 'uint64_t' to '::size_t', possible loss of data
c:\msys64\home\satvik\meta\include\meta\learn\dataset.h(330): warning C4244: 'argument': conversion from 'const uint64_t' to 'const unsigned int', possible loss of data
  c:\msys64\home\satvik\meta\include\meta\learn\dataset.h(324): note: while compiling class template member function 'double meta::learn::labeled_dataset<double>::label(const meta::learn::dataset::instance_type &) const'
  c:\msys64\home\satvik\meta\include\meta\regression\regression_dataset_view.h(47): note: see reference to function template instantiation 'double meta::learn::labeled_dataset<double>::label(const meta::learn::dataset::instance_type &) const' being compiled
  c:\msys64\home\satvik\meta\include\meta\regression\regression_dataset_view.h(27): note: see reference to class template instantiation 'meta::learn::labeled_dataset<double>' being compiled
c:\program files (x86)\microsoft visual studio\2017\community\vc\tools\msvc\14.13.26128\include\xutility(2440): warning C4996: 'std::copy::_Unchecked_iterators::_Deprecate': Call to 'std::copy' with parameters that may be unsafe - this call relies on the caller to check that the passed values are correct. To disable this warning, use -D_SCL_SECURE_NO_WARNINGS. See documentation on how to use Visual C++ 'Checked Iterators'
  c:\program files (x86)\microsoft visual studio\2017\community\vc\tools\msvc\14.13.26128\include\xutility(2440): note: see declaration of 'std::copy::_Unchecked_iterators::_Deprecate'
  c:\msys64\home\satvik\meta\include\meta\hashing\hashes\farm_hash.h(269): note: see reference to function template instantiation '_OutIt std::copy<const uint8_t*,uint8_t*>(_InIt,_InIt,_OutIt)' being compiled
          with
          [
              _OutIt=uint8_t *,
              _InIt=const uint8_t *
          ]
c:\msys64\home\satvik\meta\include\meta\hashing\hash.h(351): warning C4244: 'argument': conversion from 'uint64_t' to 'meta::hashing::murmur_hash<4>::result_type', possible loss of data
  c:\program files (x86)\microsoft visual studio\2017\community\vc\tools\msvc\14.13.26128\include\xhash(114): note: see reference to function template instantiation 'unsigned int meta::hashing::hash<meta::hashing::default_hasher<4>::type>::operator ()<_Kty>(const T &) const' being compiled
          with
          [
              _Kty=meta::util::string_view,
              T=meta::util::string_view
          ]
  c:\program files (x86)\microsoft visual studio\2017\community\vc\tools\msvc\14.13.26128\include\xhash(114): note: see reference to function template instantiation 'unsigned int meta::hashing::hash<meta::hashing::default_hasher<4>::type>::operator ()<_Kty>(const T &) const' being compiled
          with
          [
              _Kty=meta::util::string_view,
              T=meta::util::string_view
          ]
  c:\program files (x86)\microsoft visual studio\2017\community\vc\tools\msvc\14.13.26128\include\xhash(113): note: while compiling class template member function 'size_t std::_Uhash_compare<_Kty,_Hasher,_Keyeq>::operator ()(const _Kty &) const'
          with
          [
              _Kty=meta::util::string_view,
              _Hasher=std::hash<meta::util::string_view>,
              _Keyeq=std::equal_to<meta::util::string_view>
          ]
  c:\program files (x86)\microsoft visual studio\2017\community\vc\tools\msvc\14.13.26128\include\xhash(1121): note: see reference to function template instantiation 'size_t std::_Uhash_compare<_Kty,_Hasher,_Keyeq>::operator ()(const _Kty &) const' being compiled
          with
          [
              _Kty=meta::util::string_view,
              _Hasher=std::hash<meta::util::string_view>,
              _Keyeq=std::equal_to<meta::util::string_view>
          ]
  c:\program files (x86)\microsoft visual studio\2017\community\vc\tools\msvc\14.13.26128\include\unordered_map(28): note: see reference to class template instantiation 'std::_Uhash_compare<_Kty,_Hasher,_Keyeq>' being compiled
          with
          [
              _Kty=meta::util::string_view,
              _Hasher=std::hash<meta::util::string_view>,
              _Keyeq=std::equal_to<meta::util::string_view>
          ]
  c:\program files (x86)\microsoft visual studio\2017\community\vc\tools\msvc\14.13.26128\include\xhash(160): note: see reference to class template instantiation 'std::_Umap_traits<_Kty,_Ty,std::_Uhash_compare<_Kty,_Hasher,_Keyeq>,_Alloc,false>' being compiled
          with
          [
              _Kty=meta::util::string_view,
              _Ty=std::function<std::unique_ptr<meta::corpus::corpus,std::default_delete<meta::corpus::corpus>> (meta::util::string_view,meta::util::string_view,const cpptoml::table &)>,
              _Hasher=std::hash<meta::util::string_view>,
              _Keyeq=std::equal_to<meta::util::string_view>,
              _Alloc=std::allocator<std::pair<const meta::util::string_view,std::function<std::unique_ptr<meta::corpus::corpus,std::default_delete<meta::corpus::corpus>> (meta::util::string_view,meta::util::string_view,const cpptoml::table &)>>>
          ]
  c:\program files (x86)\microsoft visual studio\2017\community\vc\tools\msvc\14.13.26128\include\unordered_map(96): note: see reference to class template instantiation 'std::_Hash<std::_Umap_traits<_Kty,_Ty,std::_Uhash_compare<_Kty,_Hasher,_Keyeq>,_Alloc,false>>' being compiled
          with
          [
              _Kty=meta::util::string_view,
              _Ty=std::function<std::unique_ptr<meta::corpus::corpus,std::default_delete<meta::corpus::corpus>> (meta::util::string_view,meta::util::string_view,const cpptoml::table &)>,
              _Hasher=std::hash<meta::util::string_view>,
              _Keyeq=std::equal_to<meta::util::string_view>,
              _Alloc=std::allocator<std::pair<const meta::util::string_view,std::function<std::unique_ptr<meta::corpus::corpus,std::default_delete<meta::corpus::corpus>> (meta::util::string_view,meta::util::string_view,const cpptoml::table &)>>>
          ]
  c:\msys64\home\satvik\meta\include\meta\util\factory.h(91): note: see reference to class template instantiation 'std::unordered_map<meta::util::string_view,std::function<std::unique_ptr<meta::corpus::corpus,std::default_delete<_Ty>> (meta::util::string_view,meta::util::string_view,const cpptoml::table &)>,std::hash<_Kty>,std::equal_to<_Kty>,std::allocator<std::pair<const _Kty,std::function<std::unique_ptr<_Ty,std::default_delete<_Ty>> (meta::util::string_view,meta::util::string_view,const cpptoml::table &)>>>>' being compiled
          with
          [
              _Ty=meta::corpus::corpus,
              _Kty=meta::util::string_view
          ]
  c:\msys64\home\satvik\meta\include\meta\corpus\corpus_factory.h(37): note: see reference to class template instantiation 'meta::util::factory<meta::corpus::corpus_factory,meta::corpus::corpus,meta::util::string_view,meta::util::string_view,const cpptoml::table &>' being compiled
  regressor.cpp
c:\msys64\home\satvik\meta\include\meta\hashing\hashes\farm_hash.h(284): warning C4307: '*': integral constant overflow
c:\msys64\home\satvik\meta\include\meta\hashing\hashes\metro_hash.h(161): warning C4244: 'return': conversion from 'uint64_t' to '::size_t', possible loss of data
c:\msys64\home\satvik\meta\include\meta\learn\dataset.h(330): warning C4244: 'argument': conversion from 'const uint64_t' to 'const unsigned int', possible loss of data
  c:\msys64\home\satvik\meta\include\meta\learn\dataset.h(324): note: while compiling class template member function 'double meta::learn::labeled_dataset<double>::label(const meta::learn::dataset::instance_type &) const'
  c:\msys64\home\satvik\meta\include\meta\regression\regression_dataset_view.h(47): note: see reference to function template instantiation 'double meta::learn::labeled_dataset<double>::label(const meta::learn::dataset::instance_type &) const' being compiled
  c:\msys64\home\satvik\meta\include\meta\regression\regression_dataset_view.h(27): note: see reference to class template instantiation 'meta::learn::labeled_dataset<double>' being compiled
c:\program files (x86)\microsoft visual studio\2017\community\vc\tools\msvc\14.13.26128\include\xutility(2440): warning C4996: 'std::copy::_Unchecked_iterators::_Deprecate': Call to 'std::copy' with parameters that may be unsafe - this call relies on the caller to check that the passed values are correct. To disable this warning, use -D_SCL_SECURE_NO_WARNINGS. See documentation on how to use Visual C++ 'Checked Iterators'
  c:\program files (x86)\microsoft visual studio\2017\community\vc\tools\msvc\14.13.26128\include\xutility(2440): note: see declaration of 'std::copy::_Unchecked_iterators::_Deprecate'
  c:\msys64\home\satvik\meta\include\meta\hashing\hashes\farm_hash.h(269): note: see reference to function template instantiation '_OutIt std::copy<const uint8_t*,uint8_t*>(_InIt,_InIt,_OutIt)' being compiled
          with
          [
              _OutIt=uint8_t *,
              _InIt=const uint8_t *
          ]
  sgd.cpp
c:\msys64\home\satvik\meta\include\meta\hashing\hashes\farm_hash.h(284): warning C4307: '*': integral constant overflow
c:\msys64\home\satvik\meta\include\meta\hashing\hashes\metro_hash.h(161): warning C4244: 'return': conversion from 'uint64_t' to '::size_t', possible loss of data
c:\msys64\home\satvik\meta\include\meta\learn\dataset.h(330): warning C4244: 'argument': conversion from 'const uint64_t' to 'const unsigned int', possible loss of data
  c:\msys64\home\satvik\meta\include\meta\learn\dataset.h(324): note: while compiling class template member function 'double meta::learn::labeled_dataset<double>::label(const meta::learn::dataset::instance_type &) const'
  c:\msys64\home\satvik\meta\include\meta\regression\regression_dataset_view.h(47): note: see reference to function template instantiation 'double meta::learn::labeled_dataset<double>::label(const meta::learn::dataset::instance_type &) const' being compiled
  c:\msys64\home\satvik\meta\include\meta\regression\regression_dataset_view.h(27): note: see reference to class template instantiation 'meta::learn::labeled_dataset<double>' being compiled
c:\program files (x86)\microsoft visual studio\2017\community\vc\tools\msvc\14.13.26128\include\xutility(2440): warning C4996: 'std::copy::_Unchecked_iterators::_Deprecate': Call to 'std::copy' with parameters that may be unsafe - this call relies on the caller to check that the passed values are correct. To disable this warning, use -D_SCL_SECURE_NO_WARNINGS. See documentation on how to use Visual C++ 'Checked Iterators'
  c:\program files (x86)\microsoft visual studio\2017\community\vc\tools\msvc\14.13.26128\include\xutility(2440): note: see declaration of 'std::copy::_Unchecked_iterators::_Deprecate'
  c:\msys64\home\satvik\meta\include\meta\hashing\hashes\farm_hash.h(269): note: see reference to function template instantiation '_OutIt std::copy<const uint8_t*,uint8_t*>(_InIt,_InIt,_OutIt)' being compiled
          with
          [
              _OutIt=uint8_t *,
              _InIt=const uint8_t *
          ]
c:\program files (x86)\microsoft visual studio\2017\community\vc\tools\msvc\14.13.26128\include\memory(2599): warning C4244: 'argument': conversion from 'int64_t' to '::size_t', possible loss of data
  c:\msys64\home\satvik\meta\src\regression\models\sgd.cpp(116): note: see reference to function template instantiation 'std::unique_ptr<meta::regression::sgd,std::default_delete<_Ty>> std::make_unique<meta::regression::sgd,meta::regression::regression_dataset_view,std::unique_ptr<meta::learn::loss::loss_function,std::default_delete<meta::learn::loss::loss_function>>,meta::learn::sgd_model::options_type&,T&,__int64&,bool&,0>(meta::regression::regression_dataset_view &&,std::unique_ptr<meta::learn::loss::loss_function,std::default_delete<meta::learn::loss::loss_function>> &&,meta::learn::sgd_model::options_type &,T &,__int64 &,bool &)' being compiled
          with
          [
              _Ty=meta::regression::sgd,
              T=double
          ]
c:\msys64\home\satvik\meta\include\meta\io\packed.h(287): warning C4146: unary minus operator applied to unsigned type, result still unsigned
  c:\msys64\home\satvik\meta\include\meta\io\packed.h(306): note: see reference to function template instantiation 'unsigned __int64 meta::io::packed::packed_read<InputStream,int64_t>(InputStream &,T &)' being compiled
          with
          [
              InputStream=std::istream,
              T=int64_t
          ]
  c:\msys64\home\satvik\meta\include\meta\io\packed.h(424): note: see reference to function template instantiation 'unsigned __int64 meta::io::packed::packed_read<InputStream,T>(InputStream &,T &)' being compiled
          with
          [
              InputStream=std::istream,
              T=double
          ]
  c:\msys64\home\satvik\meta\src\regression\models\sgd.cpp(42): note: see reference to function template instantiation 'T meta::io::packed::read<double,std::istream>(InputStream &)' being compiled
          with
          [
              T=double,
              InputStream=std::istream
          ]
  Generating Code...
  meta-regression.vcxproj -> C:\Users\Satvik\of_v0.9.8_vs_release\apps\myApps\final-project-ssethia2\lib\Debug\meta-regression.lib
