  Building Custom Rule C:/msys64/home/Satvik/meta/src/features/CMakeLists.txt
  CMake does not need to re-run because C:/Users/Satvik/of_v0.9.8_vs_release/apps/myApps/final-project-ssethia2/src/features/CMakeFiles/generate.stamp is up-to-date.
  feature_selector.cpp
c:\msys64\home\satvik\meta\include\meta\hashing\hashes\farm_hash.h(284): warning C4307: '*': integral constant overflow
c:\msys64\home\satvik\meta\include\meta\hashing\hashes\metro_hash.h(161): warning C4244: 'return': conversion from 'uint64_t' to '::size_t', possible loss of data
c:\msys64\home\satvik\meta\src\features\feature_selector.cpp(36): warning C4244: 'argument': conversion from 'uint64_t' to 'const unsigned int', possible loss of data
c:\msys64\home\satvik\meta\src\features\feature_selector.cpp(55): warning C4244: 'argument': conversion from 'uint64_t' to 'const unsigned int', possible loss of data
c:\msys64\home\satvik\meta\src\features\feature_selector.cpp(70): warning C4244: 'argument': conversion from 'uint64_t' to 'const unsigned int', possible loss of data
c:\msys64\home\satvik\meta\src\features\feature_selector.cpp(94): warning C4244: 'argument': conversion from 'uint64_t' to 'const unsigned int', possible loss of data
c:\program files (x86)\microsoft visual studio\2017\community\vc\tools\msvc\14.13.26128\include\xutility(2440): warning C4996: 'std::copy::_Unchecked_iterators::_Deprecate': Call to 'std::copy' with parameters that may be unsafe - this call relies on the caller to check that the passed values are correct. To disable this warning, use -D_SCL_SECURE_NO_WARNINGS. See documentation on how to use Visual C++ 'Checked Iterators'
  c:\program files (x86)\microsoft visual studio\2017\community\vc\tools\msvc\14.13.26128\include\xutility(2440): note: see declaration of 'std::copy::_Unchecked_iterators::_Deprecate'
  c:\msys64\home\satvik\meta\include\meta\hashing\hashes\farm_hash.h(269): note: see reference to function template instantiation '_OutIt std::copy<const uint8_t*,uint8_t*>(_InIt,_InIt,_OutIt)' being compiled
          with
          [
              _OutIt=uint8_t *,
              _InIt=const uint8_t *
          ]
c:\msys64\home\satvik\meta\include\meta\util\disk_vector.tcc(99): warning C4244: 'argument': conversion from 'uint64_t' to '::size_t', possible loss of data
  c:\msys64\home\satvik\meta\include\meta\util\disk_vector.tcc(95): note: while compiling class template member function 'meta::util::disk_vector<int64_t>::~disk_vector(void)'
  c:\msys64\home\satvik\meta\src\features\feature_selector.cpp(284): note: see reference to function template instantiation 'meta::util::disk_vector<int64_t>::~disk_vector(void)' being compiled
  c:\msys64\home\satvik\meta\include\meta\succinct\darray.h(359): note: see reference to class template instantiation 'meta::util::disk_vector<int64_t>' being compiled
  c:\msys64\home\satvik\meta\include\meta\succinct\darray.h(342): note: see reference to class template instantiation 'meta::succinct::darray<WordReader>::impl' being compiled
  c:\msys64\home\satvik\meta\include\meta\succinct\darray.h(377): note: see reference to class template instantiation 'meta::succinct::darray<WordReader>' being compiled
c:\msys64\home\satvik\meta\include\meta\io\packed.h(287): warning C4146: unary minus operator applied to unsigned type, result still unsigned
  c:\msys64\home\satvik\meta\include\meta\io\packed.h(306): note: see reference to function template instantiation 'unsigned __int64 meta::io::packed::packed_read<InputStream,int64_t>(InputStream &,T &)' being compiled
          with
          [
              InputStream=std::ifstream,
              T=int64_t
          ]
  c:\msys64\home\satvik\meta\include\meta\io\packed.h(411): note: see reference to function template instantiation 'unsigned __int64 meta::io::packed::packed_read<InputStream,T>(InputStream &,T &)' being compiled
          with
          [
              InputStream=std::ifstream,
              T=double
          ]
  c:\msys64\home\satvik\meta\src\features\feature_selector.cpp(107): note: see reference to function template instantiation 'uint64_t meta::io::packed::read<std::ifstream,double>(InputStream &,T &)' being compiled
          with
          [
              InputStream=std::ifstream,
              T=double
          ]
c:\msys64\home\satvik\meta\include\meta\util\disk_vector.tcc(83): warning C4244: 'argument': conversion from 'uint64_t' to '::size_t', possible loss of data
  c:\msys64\home\satvik\meta\include\meta\util\disk_vector.tcc(78): note: while compiling class template member function 'meta::util::disk_vector<uint64_t> &meta::util::disk_vector<uint64_t>::operator =(meta::util::disk_vector<uint64_t> &&)'
  c:\msys64\home\satvik\meta\src\features\feature_selector.cpp(284): note: see reference to function template instantiation 'meta::util::disk_vector<uint64_t> &meta::util::disk_vector<uint64_t>::operator =(meta::util::disk_vector<uint64_t> &&)' being compiled
  c:\msys64\home\satvik\meta\include\meta\util\disk_vector.tcc(68): note: while compiling class template member function 'meta::util::disk_vector<uint64_t>::disk_vector(meta::util::disk_vector<uint64_t> &&)'
  c:\msys64\home\satvik\meta\src\features\feature_selector.cpp(284): note: see reference to function template instantiation 'meta::util::disk_vector<uint64_t>::disk_vector(meta::util::disk_vector<uint64_t> &&)' being compiled
  c:\program files (x86)\microsoft visual studio\2017\community\vc\tools\msvc\14.13.26128\include\xlocmon(148): note: while compiling class template member function 'void std::_Mpunct<_Elem>::_Init(const std::_Locinfo &,bool)'
          with
          [
              _Elem=char
          ]
  c:\program files (x86)\microsoft visual studio\2017\community\vc\tools\msvc\14.13.26128\include\xlocmon(102): note: see reference to function template instantiation 'void std::_Mpunct<_Elem>::_Init(const std::_Locinfo &,bool)' being compiled
          with
          [
              _Elem=char
          ]
  c:\program files (x86)\microsoft visual studio\2017\community\vc\tools\msvc\14.13.26128\include\xlocmon(275): note: see reference to class template instantiation 'std::_Mpunct<_Elem>' being compiled
          with
          [
              _Elem=char
          ]
  c:\program files (x86)\microsoft visual studio\2017\community\vc\tools\msvc\14.13.26128\include\xlocmon(969): note: see reference to class template instantiation 'std::moneypunct<char,true>' being compiled
  selector_factory.cpp
c:\msys64\home\satvik\meta\include\meta\hashing\hashes\farm_hash.h(284): warning C4307: '*': integral constant overflow
c:\msys64\home\satvik\meta\include\meta\hashing\hashes\metro_hash.h(161): warning C4244: 'return': conversion from 'uint64_t' to '::size_t', possible loss of data
c:\msys64\home\satvik\meta\include\meta\learn\dataset.h(330): warning C4244: 'argument': conversion from 'const uint64_t' to 'const unsigned int', possible loss of data
  c:\msys64\home\satvik\meta\include\meta\learn\dataset.h(324): note: while compiling class template member function 'double meta::learn::labeled_dataset<double>::label(const meta::learn::dataset::instance_type &) const'
  c:\msys64\home\satvik\meta\include\meta\regression\regression_dataset_view.h(47): note: see reference to function template instantiation 'double meta::learn::labeled_dataset<double>::label(const meta::learn::dataset::instance_type &) const' being compiled
  c:\msys64\home\satvik\meta\include\meta\regression\regression_dataset_view.h(27): note: see reference to class template instantiation 'meta::learn::labeled_dataset<double>' being compiled
c:\msys64\home\satvik\meta\include\meta\learn\dataset.h(330): warning C4244: 'argument': conversion from 'const uint64_t' to 'unsigned int', possible loss of data
  c:\msys64\home\satvik\meta\include\meta\learn\dataset.h(324): note: while compiling class template member function 'bool meta::learn::labeled_dataset<bool>::label(const meta::learn::dataset::instance_type &) const'
  c:\msys64\home\satvik\meta\include\meta\classify\binary_dataset_view.h(32): note: see reference to function template instantiation 'bool meta::learn::labeled_dataset<bool>::label(const meta::learn::dataset::instance_type &) const' being compiled
  c:\msys64\home\satvik\meta\include\meta\classify\binary_dataset_view.h(55): note: see reference to class template instantiation 'meta::learn::labeled_dataset<bool>' being compiled
c:\program files (x86)\microsoft visual studio\2017\community\vc\tools\msvc\14.13.26128\include\xutility(2440): warning C4996: 'std::copy::_Unchecked_iterators::_Deprecate': Call to 'std::copy' with parameters that may be unsafe - this call relies on the caller to check that the passed values are correct. To disable this warning, use -D_SCL_SECURE_NO_WARNINGS. See documentation on how to use Visual C++ 'Checked Iterators'
  c:\program files (x86)\microsoft visual studio\2017\community\vc\tools\msvc\14.13.26128\include\xutility(2440): note: see declaration of 'std::copy::_Unchecked_iterators::_Deprecate'
  c:\msys64\home\satvik\meta\include\meta\hashing\hashes\farm_hash.h(269): note: see reference to function template instantiation '_OutIt std::copy<const uint8_t*,uint8_t*>(_InIt,_InIt,_OutIt)' being compiled
          with
          [
              _OutIt=uint8_t *,
              _InIt=const uint8_t *
          ]
c:\msys64\home\satvik\meta\include\meta\util\range.h(194): warning C4244: 'initializing': conversion from 'uint64_t' to '::size_t', possible loss of data
  c:\msys64\home\satvik\meta\include\meta\util\range.h(193): note: while compiling class template member function 'meta::util::basic_range<meta::doc_id>::basic_range(const T &,const T &,const T &)'
          with
          [
              T=meta::doc_id
          ]
  c:\msys64\home\satvik\meta\include\meta\util\range.h(229): note: see reference to function template instantiation 'meta::util::basic_range<meta::doc_id>::basic_range(const T &,const T &,const T &)' being compiled
          with
          [
              T=meta::doc_id
          ]
  c:\msys64\home\satvik\meta\include\meta\classify\multiclass_dataset.h(39): note: see reference to class template instantiation 'meta::util::basic_range<meta::doc_id>' being compiled
c:\msys64\home\satvik\meta\include\meta\hashing\hash.h(351): warning C4244: 'argument': conversion from 'uint64_t' to 'meta::hashing::murmur_hash<4>::result_type', possible loss of data
  c:\program files (x86)\microsoft visual studio\2017\community\vc\tools\msvc\14.13.26128\include\xhash(114): note: see reference to function template instantiation 'unsigned int meta::hashing::hash<meta::hashing::default_hasher<4>::type>::operator ()<_Kty>(const T &) const' being compiled
          with
          [
              _Kty=meta::util::string_view,
              T=meta::util::string_view
          ]
  c:\program files (x86)\microsoft visual studio\2017\community\vc\tools\msvc\14.13.26128\include\xhash(114): note: see reference to function template instantiation 'unsigned int meta::hashing::hash<meta::hashing::default_hasher<4>::type>::operator ()<_Kty>(const T &) const' being compiled
          with
          [
              _Kty=meta::util::string_view,
              T=meta::util::string_view
          ]
  c:\program files (x86)\microsoft visual studio\2017\community\vc\tools\msvc\14.13.26128\include\xhash(113): note: while compiling class template member function 'size_t std::_Uhash_compare<_Kty,_Hasher,_Keyeq>::operator ()(const _Kty &) const'
          with
          [
              _Kty=meta::util::string_view,
              _Hasher=std::hash<meta::util::string_view>,
              _Keyeq=std::equal_to<meta::util::string_view>
          ]
  c:\program files (x86)\microsoft visual studio\2017\community\vc\tools\msvc\14.13.26128\include\xhash(1121): note: see reference to function template instantiation 'size_t std::_Uhash_compare<_Kty,_Hasher,_Keyeq>::operator ()(const _Kty &) const' being compiled
          with
          [
              _Kty=meta::util::string_view,
              _Hasher=std::hash<meta::util::string_view>,
              _Keyeq=std::equal_to<meta::util::string_view>
          ]
  c:\program files (x86)\microsoft visual studio\2017\community\vc\tools\msvc\14.13.26128\include\unordered_map(28): note: see reference to class template instantiation 'std::_Uhash_compare<_Kty,_Hasher,_Keyeq>' being compiled
          with
          [
              _Kty=meta::util::string_view,
              _Hasher=std::hash<meta::util::string_view>,
              _Keyeq=std::equal_to<meta::util::string_view>
          ]
  c:\program files (x86)\microsoft visual studio\2017\community\vc\tools\msvc\14.13.26128\include\xhash(160): note: see reference to class template instantiation 'std::_Umap_traits<_Kty,_Ty,std::_Uhash_compare<_Kty,_Hasher,_Keyeq>,_Alloc,false>' being compiled
          with
          [
              _Kty=meta::util::string_view,
              _Ty=std::function<std::unique_ptr<meta::corpus::corpus,std::default_delete<meta::corpus::corpus>> (meta::util::string_view,meta::util::string_view,const cpptoml::table &)>,
              _Hasher=std::hash<meta::util::string_view>,
              _Keyeq=std::equal_to<meta::util::string_view>,
              _Alloc=std::allocator<std::pair<const meta::util::string_view,std::function<std::unique_ptr<meta::corpus::corpus,std::default_delete<meta::corpus::corpus>> (meta::util::string_view,meta::util::string_view,const cpptoml::table &)>>>
          ]
  c:\program files (x86)\microsoft visual studio\2017\community\vc\tools\msvc\14.13.26128\include\unordered_map(96): note: see reference to class template instantiation 'std::_Hash<std::_Umap_traits<_Kty,_Ty,std::_Uhash_compare<_Kty,_Hasher,_Keyeq>,_Alloc,false>>' being compiled
          with
          [
              _Kty=meta::util::string_view,
              _Ty=std::function<std::unique_ptr<meta::corpus::corpus,std::default_delete<meta::corpus::corpus>> (meta::util::string_view,meta::util::string_view,const cpptoml::table &)>,
              _Hasher=std::hash<meta::util::string_view>,
              _Keyeq=std::equal_to<meta::util::string_view>,
              _Alloc=std::allocator<std::pair<const meta::util::string_view,std::function<std::unique_ptr<meta::corpus::corpus,std::default_delete<meta::corpus::corpus>> (meta::util::string_view,meta::util::string_view,const cpptoml::table &)>>>
          ]
  c:\msys64\home\satvik\meta\include\meta\util\factory.h(91): note: see reference to class template instantiation 'std::unordered_map<meta::util::string_view,std::function<std::unique_ptr<meta::corpus::corpus,std::default_delete<_Ty>> (meta::util::string_view,meta::util::string_view,const cpptoml::table &)>,std::hash<_Kty>,std::equal_to<_Kty>,std::allocator<std::pair<const _Kty,std::function<std::unique_ptr<_Ty,std::default_delete<_Ty>> (meta::util::string_view,meta::util::string_view,const cpptoml::table &)>>>>' being compiled
          with
          [
              _Ty=meta::corpus::corpus,
              _Kty=meta::util::string_view
          ]
  c:\msys64\home\satvik\meta\include\meta\corpus\corpus_factory.h(37): note: see reference to class template instantiation 'meta::util::factory<meta::corpus::corpus_factory,meta::corpus::corpus,meta::util::string_view,meta::util::string_view,const cpptoml::table &>' being compiled
c:\msys64\home\satvik\meta\include\meta\learn\dataset.h(108): warning C4244: 'initializing': conversion from 'uint64_t' to 'meta::learn::dataset::size_type', possible loss of data
  c:\msys64\home\satvik\meta\include\meta\learn\dataset.h(286): note: see reference to function template instantiation 'meta::learn::dataset::dataset<ForwardIterator,meta::printing::default_progress_trait>(std::shared_ptr<meta::index::inverted_index>,ForwardIterator,ForwardIterator,ProgressTrait)' being compiled
          with
          [
              ForwardIterator=meta::util::basic_range<meta::doc_id>::iterator_t<std::plus<meta::doc_id>>,
              ProgressTrait=meta::printing::default_progress_trait
          ]
  c:\msys64\home\satvik\meta\include\meta\classify\multiclass_dataset.h(87): note: see reference to function template instantiation 'meta::learn::labeled_dataset<meta::class_label>::labeled_dataset<ForwardIterator>(std::shared_ptr<meta::index::inverted_index>,ForwardIterator,ForwardIterator)' being compiled
          with
          [
              ForwardIterator=meta::util::basic_range<meta::doc_id>::iterator_t<std::plus<meta::doc_id>>
          ]
  c:\msys64\home\satvik\meta\include\meta\classify\multiclass_dataset.h(86): note: see reference to function template instantiation 'meta::learn::labeled_dataset<meta::class_label>::labeled_dataset<ForwardIterator>(std::shared_ptr<meta::index::inverted_index>,ForwardIterator,ForwardIterator)' being compiled
          with
          [
              ForwardIterator=meta::util::basic_range<meta::doc_id>::iterator_t<std::plus<meta::doc_id>>
          ]
  c:\msys64\home\satvik\meta\include\meta\classify\multiclass_dataset.h(115): note: see reference to function template instantiation 'meta::classify::multiclass_dataset::multiclass_dataset<meta::util::basic_range<meta::doc_id>::iterator_t<std::plus<T>>>(std::shared_ptr<meta::index::inverted_index>,ForwardIterator,ForwardIterator)' being compiled
          with
          [
              T=meta::doc_id,
              ForwardIterator=meta::util::basic_range<meta::doc_id>::iterator_t<std::plus<meta::doc_id>>
          ]
  c:\msys64\home\satvik\meta\include\meta\classify\multiclass_dataset.h(100): note: see reference to function template instantiation 'meta::classify::multiclass_dataset::multiclass_dataset<meta::util::basic_range<meta::doc_id>>(std::shared_ptr<meta::index::inverted_index>,DocIdContainer &&)' being compiled
          with
          [
              DocIdContainer=meta::util::basic_range<meta::doc_id>
          ]
c:\msys64\home\satvik\meta\include\meta\learn\dataset.h(111): warning C4244: 'argument': conversion from 'uint64_t' to 'const unsigned int', possible loss of data
c:\msys64\home\satvik\meta\include\meta\learn\dataset.h(77): warning C4244: 'initializing': conversion from 'uint64_t' to 'meta::learn::dataset::size_type', possible loss of data
  c:\msys64\home\satvik\meta\include\meta\learn\dataset.h(270): note: see reference to function template instantiation 'meta::learn::dataset::dataset<ForwardIterator,meta::printing::default_progress_trait>(std::shared_ptr<meta::index::forward_index>,ForwardIterator,ForwardIterator,ProgressTrait)' being compiled
          with
          [
              ForwardIterator=meta::util::basic_range<meta::doc_id>::iterator_t<std::plus<meta::doc_id>>,
              ProgressTrait=meta::printing::default_progress_trait
          ]
  c:\msys64\home\satvik\meta\include\meta\classify\multiclass_dataset.h(65): note: see reference to function template instantiation 'meta::learn::labeled_dataset<meta::class_label>::labeled_dataset<ForwardIterator,meta::classify::multiclass_dataset::<lambda_0745d1bfdafa5391e6c6ea2107571ccd>>(std::shared_ptr<meta::index::forward_index>,ForwardIterator,ForwardIterator,LabelFunction &&)' being compiled
          with
          [
              ForwardIterator=meta::util::basic_range<meta::doc_id>::iterator_t<std::plus<meta::doc_id>>,
              LabelFunction=meta::classify::multiclass_dataset::<lambda_0745d1bfdafa5391e6c6ea2107571ccd>
          ]
  c:\msys64\home\satvik\meta\include\meta\classify\multiclass_dataset.h(63): note: see reference to function template instantiation 'meta::learn::labeled_dataset<meta::class_label>::labeled_dataset<ForwardIterator,meta::classify::multiclass_dataset::<lambda_0745d1bfdafa5391e6c6ea2107571ccd>>(std::shared_ptr<meta::index::forward_index>,ForwardIterator,ForwardIterator,LabelFunction &&)' being compiled
          with
          [
              ForwardIterator=meta::util::basic_range<meta::doc_id>::iterator_t<std::plus<meta::doc_id>>,
              LabelFunction=meta::classify::multiclass_dataset::<lambda_0745d1bfdafa5391e6c6ea2107571ccd>
          ]
  c:\msys64\home\satvik\meta\include\meta\classify\multiclass_dataset.h(52): note: see reference to function template instantiation 'meta::classify::multiclass_dataset::multiclass_dataset<meta::util::basic_range<meta::doc_id>::iterator_t<std::plus<T>>>(std::shared_ptr<meta::index::forward_index>,ForwardIterator,ForwardIterator)' being compiled
          with
          [
              T=meta::doc_id,
              ForwardIterator=meta::util::basic_range<meta::doc_id>::iterator_t<std::plus<meta::doc_id>>
          ]
  c:\msys64\home\satvik\meta\include\meta\classify\multiclass_dataset.h(40): note: see reference to function template instantiation 'meta::classify::multiclass_dataset::multiclass_dataset<meta::util::basic_range<meta::doc_id>>(std::shared_ptr<meta::index::forward_index>,DocIdContainer &&)' being compiled
          with
          [
              DocIdContainer=meta::util::basic_range<meta::doc_id>
          ]
c:\msys64\home\satvik\meta\include\meta\learn\dataset.h(84): warning C4244: 'argument': conversion from 'uint64_t' to 'const unsigned int', possible loss of data
c:\msys64\home\satvik\meta\include\meta\util\disk_vector.tcc(99): warning C4244: 'argument': conversion from 'uint64_t' to '::size_t', possible loss of data
  c:\msys64\home\satvik\meta\include\meta\util\disk_vector.tcc(95): note: while compiling class template member function 'meta::util::disk_vector<int64_t>::~disk_vector(void)'
  c:\msys64\home\satvik\meta\src\features\selector_factory.cpp(31): note: see reference to function template instantiation 'meta::util::disk_vector<int64_t>::~disk_vector(void)' being compiled
  c:\program files (x86)\microsoft visual studio\2017\community\vc\tools\msvc\14.13.26128\include\vector(663): note: see reference to class template instantiation 'std::_Vector_alloc<std::_Vec_base_types<_Ty,_Alloc>>' being compiled
          with
          [
              _Ty=meta::learn::dataset::instance_type,
              _Alloc=std::allocator<meta::learn::dataset::instance_type>
          ]
  c:\msys64\home\satvik\meta\include\meta\learn\dataset.h(36): note: see reference to class template instantiation 'std::vector<meta::learn::dataset::instance_type,std::allocator<_Ty>>' being compiled
          with
          [
              _Ty=meta::learn::dataset::instance_type
          ]
c:\msys64\home\satvik\meta\include\meta\io\packed.h(287): warning C4146: unary minus operator applied to unsigned type, result still unsigned
  c:\msys64\home\satvik\meta\include\meta\io\packed.h(306): note: see reference to function template instantiation 'unsigned __int64 meta::io::packed::packed_read<InputStream,int64_t>(InputStream &,T &)' being compiled
          with
          [
              InputStream=meta::index::postings_stream<meta::term_id,double>::char_input_stream,
              T=int64_t
          ]
  c:\msys64\home\satvik\meta\include\meta\io\packed.h(411): note: see reference to function template instantiation 'unsigned __int64 meta::io::packed::packed_read<InputStream,T>(InputStream &,T &)' being compiled
          with
          [
              InputStream=meta::index::postings_stream<meta::term_id,double>::char_input_stream,
              T=double
          ]
  c:\msys64\home\satvik\meta\include\meta\index\postings_stream.h(149): note: see reference to function template instantiation 'uint64_t meta::io::packed::read<meta::index::postings_stream<meta::term_id,double>::char_input_stream,_Ty2>(InputStream &,T &)' being compiled
          with
          [
              _Ty2=double,
              InputStream=meta::index::postings_stream<meta::term_id,double>::char_input_stream,
              T=double
          ]
  chi_square.cpp
c:\msys64\home\satvik\meta\include\meta\hashing\hashes\farm_hash.h(284): warning C4307: '*': integral constant overflow
c:\msys64\home\satvik\meta\include\meta\hashing\hashes\metro_hash.h(161): warning C4244: 'return': conversion from 'uint64_t' to '::size_t', possible loss of data
c:\program files (x86)\microsoft visual studio\2017\community\vc\tools\msvc\14.13.26128\include\xutility(2440): warning C4996: 'std::copy::_Unchecked_iterators::_Deprecate': Call to 'std::copy' with parameters that may be unsafe - this call relies on the caller to check that the passed values are correct. To disable this warning, use -D_SCL_SECURE_NO_WARNINGS. See documentation on how to use Visual C++ 'Checked Iterators'
  c:\program files (x86)\microsoft visual studio\2017\community\vc\tools\msvc\14.13.26128\include\xutility(2440): note: see declaration of 'std::copy::_Unchecked_iterators::_Deprecate'
  c:\msys64\home\satvik\meta\include\meta\hashing\hashes\farm_hash.h(269): note: see reference to function template instantiation '_OutIt std::copy<const uint8_t*,uint8_t*>(_InIt,_InIt,_OutIt)' being compiled
          with
          [
              _OutIt=uint8_t *,
              _InIt=const uint8_t *
          ]
  odds_ratio.cpp
c:\msys64\home\satvik\meta\include\meta\hashing\hashes\farm_hash.h(284): warning C4307: '*': integral constant overflow
c:\msys64\home\satvik\meta\include\meta\hashing\hashes\metro_hash.h(161): warning C4244: 'return': conversion from 'uint64_t' to '::size_t', possible loss of data
c:\program files (x86)\microsoft visual studio\2017\community\vc\tools\msvc\14.13.26128\include\xutility(2440): warning C4996: 'std::copy::_Unchecked_iterators::_Deprecate': Call to 'std::copy' with parameters that may be unsafe - this call relies on the caller to check that the passed values are correct. To disable this warning, use -D_SCL_SECURE_NO_WARNINGS. See documentation on how to use Visual C++ 'Checked Iterators'
  c:\program files (x86)\microsoft visual studio\2017\community\vc\tools\msvc\14.13.26128\include\xutility(2440): note: see declaration of 'std::copy::_Unchecked_iterators::_Deprecate'
  c:\msys64\home\satvik\meta\include\meta\hashing\hashes\farm_hash.h(269): note: see reference to function template instantiation '_OutIt std::copy<const uint8_t*,uint8_t*>(_InIt,_InIt,_OutIt)' being compiled
          with
          [
              _OutIt=uint8_t *,
              _InIt=const uint8_t *
          ]
  correlation_coefficient.cpp
c:\msys64\home\satvik\meta\include\meta\hashing\hashes\farm_hash.h(284): warning C4307: '*': integral constant overflow
c:\msys64\home\satvik\meta\include\meta\hashing\hashes\metro_hash.h(161): warning C4244: 'return': conversion from 'uint64_t' to '::size_t', possible loss of data
c:\program files (x86)\microsoft visual studio\2017\community\vc\tools\msvc\14.13.26128\include\xutility(2440): warning C4996: 'std::copy::_Unchecked_iterators::_Deprecate': Call to 'std::copy' with parameters that may be unsafe - this call relies on the caller to check that the passed values are correct. To disable this warning, use -D_SCL_SECURE_NO_WARNINGS. See documentation on how to use Visual C++ 'Checked Iterators'
  c:\program files (x86)\microsoft visual studio\2017\community\vc\tools\msvc\14.13.26128\include\xutility(2440): note: see declaration of 'std::copy::_Unchecked_iterators::_Deprecate'
  c:\msys64\home\satvik\meta\include\meta\hashing\hashes\farm_hash.h(269): note: see reference to function template instantiation '_OutIt std::copy<const uint8_t*,uint8_t*>(_InIt,_InIt,_OutIt)' being compiled
          with
          [
              _OutIt=uint8_t *,
              _InIt=const uint8_t *
          ]
  information_gain.cpp
c:\msys64\home\satvik\meta\include\meta\hashing\hashes\farm_hash.h(284): warning C4307: '*': integral constant overflow
c:\msys64\home\satvik\meta\include\meta\hashing\hashes\metro_hash.h(161): warning C4244: 'return': conversion from 'uint64_t' to '::size_t', possible loss of data
c:\program files (x86)\microsoft visual studio\2017\community\vc\tools\msvc\14.13.26128\include\xutility(2440): warning C4996: 'std::copy::_Unchecked_iterators::_Deprecate': Call to 'std::copy' with parameters that may be unsafe - this call relies on the caller to check that the passed values are correct. To disable this warning, use -D_SCL_SECURE_NO_WARNINGS. See documentation on how to use Visual C++ 'Checked Iterators'
  c:\program files (x86)\microsoft visual studio\2017\community\vc\tools\msvc\14.13.26128\include\xutility(2440): note: see declaration of 'std::copy::_Unchecked_iterators::_Deprecate'
  c:\msys64\home\satvik\meta\include\meta\hashing\hashes\farm_hash.h(269): note: see reference to function template instantiation '_OutIt std::copy<const uint8_t*,uint8_t*>(_InIt,_InIt,_OutIt)' being compiled
          with
          [
              _OutIt=uint8_t *,
              _InIt=const uint8_t *
          ]
  Generating Code...
  meta-features.vcxproj -> C:\Users\Satvik\of_v0.9.8_vs_release\apps\myApps\final-project-ssethia2\lib\Debug\meta-features.lib
