  Building Custom Rule C:/msys64/home/Satvik/meta/src/sequence/analyzers/CMakeLists.txt
  CMake does not need to re-run because C:/Users/Satvik/of_v0.9.8_vs_release/apps/myApps/final-project-ssethia2/src/sequence/analyzers/CMakeFiles/generate.stamp is up-to-date.
  ngram_pos_analyzer.cpp
c:\msys64\home\satvik\meta\include\meta\hashing\hashes\farm_hash.h(284): warning C4307: '*': integral constant overflow
c:\msys64\home\satvik\meta\include\meta\hashing\hashes\metro_hash.h(161): warning C4244: 'return': conversion from 'uint64_t' to '::size_t', possible loss of data
c:\program files (x86)\microsoft visual studio\2017\community\vc\tools\msvc\14.13.26128\include\xutility(2440): warning C4996: 'std::copy::_Unchecked_iterators::_Deprecate': Call to 'std::copy' with parameters that may be unsafe - this call relies on the caller to check that the passed values are correct. To disable this warning, use -D_SCL_SECURE_NO_WARNINGS. See documentation on how to use Visual C++ 'Checked Iterators'
  c:\program files (x86)\microsoft visual studio\2017\community\vc\tools\msvc\14.13.26128\include\xutility(2440): note: see declaration of 'std::copy::_Unchecked_iterators::_Deprecate'
  c:\msys64\home\satvik\meta\include\meta\hashing\hashes\farm_hash.h(269): note: see reference to function template instantiation '_OutIt std::copy<const uint8_t*,uint8_t*>(_InIt,_InIt,_OutIt)' being compiled
          with
          [
              _OutIt=uint8_t *,
              _InIt=const uint8_t *
          ]
c:\program files (x86)\microsoft visual studio\2017\community\vc\tools\msvc\14.13.26128\include\memory(2599): warning C4244: 'argument': conversion from 'const int64_t' to 'uint16_t', possible loss of data
  c:\msys64\home\satvik\meta\src\sequence\analyzers\ngram_pos_analyzer.cpp(108): note: see reference to function template instantiation 'std::unique_ptr<meta::analyzers::ngram_pos_analyzer,std::default_delete<_Ty>> std::make_unique<meta::analyzers::ngram_pos_analyzer,const T&,std::unique_ptr<Root,std::default_delete<meta::analyzers::token_stream>>,const std::basic_string<char,std::char_traits<char>,std::allocator<char>>&,0>(const T &,std::unique_ptr<Root,std::default_delete<meta::analyzers::token_stream>> &&,const std::basic_string<char,std::char_traits<char>,std::allocator<char>> &)' being compiled
          with
          [
              _Ty=meta::analyzers::ngram_pos_analyzer,
              T=int64_t,
              Root=meta::analyzers::token_stream
          ]
c:\msys64\home\satvik\meta\include\meta\hashing\hash.h(351): warning C4244: 'argument': conversion from 'uint64_t' to 'meta::hashing::murmur_hash<4>::result_type', possible loss of data
  c:\program files (x86)\microsoft visual studio\2017\community\vc\tools\msvc\14.13.26128\include\xhash(114): note: see reference to function template instantiation 'unsigned int meta::hashing::hash<meta::hashing::default_hasher<4>::type>::operator ()<_Kty>(const T &) const' being compiled
          with
          [
              _Kty=meta::util::string_view,
              T=meta::util::string_view
          ]
  c:\program files (x86)\microsoft visual studio\2017\community\vc\tools\msvc\14.13.26128\include\xhash(114): note: see reference to function template instantiation 'unsigned int meta::hashing::hash<meta::hashing::default_hasher<4>::type>::operator ()<_Kty>(const T &) const' being compiled
          with
          [
              _Kty=meta::util::string_view,
              T=meta::util::string_view
          ]
  c:\program files (x86)\microsoft visual studio\2017\community\vc\tools\msvc\14.13.26128\include\xhash(113): note: while compiling class template member function 'size_t std::_Uhash_compare<_Kty,_Hasher,_Keyeq>::operator ()(const _Kty &) const'
          with
          [
              _Kty=meta::util::string_view,
              _Hasher=std::hash<meta::util::string_view>,
              _Keyeq=std::equal_to<meta::util::string_view>
          ]
  c:\program files (x86)\microsoft visual studio\2017\community\vc\tools\msvc\14.13.26128\include\xhash(1121): note: see reference to function template instantiation 'size_t std::_Uhash_compare<_Kty,_Hasher,_Keyeq>::operator ()(const _Kty &) const' being compiled
          with
          [
              _Kty=meta::util::string_view,
              _Hasher=std::hash<meta::util::string_view>,
              _Keyeq=std::equal_to<meta::util::string_view>
          ]
  c:\program files (x86)\microsoft visual studio\2017\community\vc\tools\msvc\14.13.26128\include\unordered_map(28): note: see reference to class template instantiation 'std::_Uhash_compare<_Kty,_Hasher,_Keyeq>' being compiled
          with
          [
              _Kty=meta::util::string_view,
              _Hasher=std::hash<meta::util::string_view>,
              _Keyeq=std::equal_to<meta::util::string_view>
          ]
  c:\program files (x86)\microsoft visual studio\2017\community\vc\tools\msvc\14.13.26128\include\xhash(160): note: see reference to class template instantiation 'std::_Umap_traits<_Kty,_Ty,std::_Uhash_compare<_Kty,_Hasher,_Keyeq>,_Alloc,false>' being compiled
          with
          [
              _Kty=meta::util::string_view,
              _Ty=std::function<std::unique_ptr<meta::analyzers::analyzer,std::default_delete<meta::analyzers::analyzer>> (const cpptoml::table &,const cpptoml::table &)>,
              _Hasher=std::hash<meta::util::string_view>,
              _Keyeq=std::equal_to<meta::util::string_view>,
              _Alloc=std::allocator<std::pair<const meta::util::string_view,std::function<std::unique_ptr<meta::analyzers::analyzer,std::default_delete<meta::analyzers::analyzer>> (const cpptoml::table &,const cpptoml::table &)>>>
          ]
  c:\program files (x86)\microsoft visual studio\2017\community\vc\tools\msvc\14.13.26128\include\unordered_map(96): note: see reference to class template instantiation 'std::_Hash<std::_Umap_traits<_Kty,_Ty,std::_Uhash_compare<_Kty,_Hasher,_Keyeq>,_Alloc,false>>' being compiled
          with
          [
              _Kty=meta::util::string_view,
              _Ty=std::function<std::unique_ptr<meta::analyzers::analyzer,std::default_delete<meta::analyzers::analyzer>> (const cpptoml::table &,const cpptoml::table &)>,
              _Hasher=std::hash<meta::util::string_view>,
              _Keyeq=std::equal_to<meta::util::string_view>,
              _Alloc=std::allocator<std::pair<const meta::util::string_view,std::function<std::unique_ptr<meta::analyzers::analyzer,std::default_delete<meta::analyzers::analyzer>> (const cpptoml::table &,const cpptoml::table &)>>>
          ]
  c:\msys64\home\satvik\meta\include\meta\util\factory.h(91): note: see reference to class template instantiation 'std::unordered_map<meta::util::string_view,std::function<std::unique_ptr<Root,std::default_delete<_Ty>> (const cpptoml::table &,const cpptoml::table &)>,std::hash<_Kty>,std::equal_to<_Kty>,std::allocator<std::pair<const _Kty,std::function<std::unique_ptr<_Ty,std::default_delete<_Ty>> (const cpptoml::table &,const cpptoml::table &)>>>>' being compiled
          with
          [
              Root=meta::analyzers::analyzer,
              _Ty=meta::analyzers::analyzer,
              _Kty=meta::util::string_view
          ]
  c:\msys64\home\satvik\meta\include\meta\analyzers\analyzer_factory.h(36): note: see reference to class template instantiation 'meta::util::factory<meta::analyzers::analyzer_factory,meta::analyzers::analyzer,const cpptoml::table &,const cpptoml::table &>' being compiled
c:\msys64\home\satvik\meta\include\meta\util\disk_vector.tcc(99): warning C4244: 'argument': conversion from 'uint64_t' to '::size_t', possible loss of data
  c:\msys64\home\satvik\meta\include\meta\util\disk_vector.tcc(95): note: while compiling class template member function 'meta::util::disk_vector<meta::sequence::crf_feature_id>::~disk_vector(void)'
  c:\msys64\home\satvik\meta\include\meta\util\optional.tcc(146): note: see reference to function template instantiation 'meta::util::disk_vector<meta::sequence::crf_feature_id>::~disk_vector(void)' being compiled
  c:\msys64\home\satvik\meta\include\meta\util\optional.tcc(144): note: while compiling class template member function 'void meta::util::optional<meta::util::disk_vector<meta::sequence::crf_feature_id>>::clear(void)'
  c:\msys64\home\satvik\meta\include\meta\util\optional.tcc(101): note: see reference to function template instantiation 'void meta::util::optional<meta::util::disk_vector<meta::sequence::crf_feature_id>>::clear(void)' being compiled
  c:\msys64\home\satvik\meta\include\meta\util\optional.tcc(100): note: while compiling class template member function 'meta::util::optional<meta::util::disk_vector<meta::sequence::crf_feature_id>>::~optional(void)'
  c:\msys64\home\satvik\meta\src\sequence\analyzers\ngram_pos_analyzer.cpp(121): note: see reference to function template instantiation 'meta::util::optional<meta::util::disk_vector<meta::sequence::crf_feature_id>>::~optional(void)' being compiled
  c:\program files (x86)\microsoft visual studio\2017\community\vc\tools\msvc\14.13.26128\include\iosfwd(409): note: see reference to class template instantiation 'std::_WChar_traits<wchar_t>' being compiled
  meta-sequence-analyzers.vcxproj -> C:\Users\Satvik\of_v0.9.8_vs_release\apps\myApps\final-project-ssethia2\lib\Debug\meta-sequence-analyzers.lib
