  Building Custom Rule C:/msys64/home/Satvik/meta/src/topics/tools/CMakeLists.txt
  CMake does not need to re-run because C:/Users/Satvik/of_v0.9.8_vs_release/apps/myApps/final-project-ssethia2/src/topics/tools/CMakeFiles/generate.stamp is up-to-date.
  lda_topics.cpp
c:\msys64\home\satvik\meta\include\meta\hashing\hashes\farm_hash.h(284): warning C4307: '*': integral constant overflow
c:\msys64\home\satvik\meta\include\meta\hashing\hashes\metro_hash.h(161): warning C4244: 'return': conversion from 'uint64_t' to '::size_t', possible loss of data
c:\program files (x86)\microsoft visual studio\2017\community\vc\tools\msvc\14.13.26128\include\xutility(2440): warning C4996: 'std::copy::_Unchecked_iterators::_Deprecate': Call to 'std::copy' with parameters that may be unsafe - this call relies on the caller to check that the passed values are correct. To disable this warning, use -D_SCL_SECURE_NO_WARNINGS. See documentation on how to use Visual C++ 'Checked Iterators'
  c:\program files (x86)\microsoft visual studio\2017\community\vc\tools\msvc\14.13.26128\include\xutility(2440): note: see declaration of 'std::copy::_Unchecked_iterators::_Deprecate'
  c:\msys64\home\satvik\meta\include\meta\hashing\hashes\farm_hash.h(269): note: see reference to function template instantiation '_OutIt std::copy<const uint8_t*,uint8_t*>(_InIt,_InIt,_OutIt)' being compiled
          with
          [
              _OutIt=uint8_t *,
              _InIt=const uint8_t *
          ]
c:\msys64\home\satvik\meta\include\meta\topics\topic_model.h(148): warning C4244: 'argument': conversion from 'uint64_t' to 'const unsigned int', possible loss of data
  c:\msys64\home\satvik\meta\src\topics\tools\lda_topics.cpp(32): note: see reference to function template instantiation 'std::vector<meta::topics::term_prob,std::allocator<_Ty>> meta::topics::topic_model::top_k<meta::topics::bl_term_scorer&>(meta::topic_id,::size_t,T) const' being compiled
          with
          [
              _Ty=meta::topics::term_prob,
              T=meta::topics::bl_term_scorer &
          ]
c:\msys64\home\satvik\meta\include\meta\util\fixed_heap.tcc(54): warning C4244: 'return': conversion from 'const uint64_t' to 'unsigned int', possible loss of data
  c:\msys64\home\satvik\meta\include\meta\util\fixed_heap.tcc(53): note: while compiling class template member function 'unsigned int meta::util::fixed_heap<meta::topics::term_prob,meta::topics::topic_model::top_k::<lambda_ce486db2045c2c6e3cfd15885276e3ad>>::max_elems(void) const'
  c:\msys64\home\satvik\meta\include\meta\util\fixed_heap.tcc(38): note: see reference to function template instantiation 'unsigned int meta::util::fixed_heap<meta::topics::term_prob,meta::topics::topic_model::top_k::<lambda_ce486db2045c2c6e3cfd15885276e3ad>>::max_elems(void) const' being compiled
  c:\msys64\home\satvik\meta\include\meta\util\fixed_heap.tcc(35): note: while compiling class template member function 'void meta::util::fixed_heap<meta::topics::term_prob,meta::topics::topic_model::top_k::<lambda_ce486db2045c2c6e3cfd15885276e3ad>>::push(const T &)'
          with
          [
              T=meta::topics::term_prob
          ]
  c:\msys64\home\satvik\meta\include\meta\topics\topic_model.h(152): note: see reference to function template instantiation 'void meta::util::fixed_heap<meta::topics::term_prob,meta::topics::topic_model::top_k::<lambda_ce486db2045c2c6e3cfd15885276e3ad>>::push(const T &)' being compiled
          with
          [
              T=meta::topics::term_prob
          ]
  c:\msys64\home\satvik\meta\include\meta\topics\topic_model.h(146): note: see reference to class template instantiation 'meta::util::fixed_heap<meta::topics::term_prob,meta::topics::topic_model::top_k::<lambda_ce486db2045c2c6e3cfd15885276e3ad>>' being compiled
  c:\msys64\home\satvik\meta\src\topics\tools\lda_topics.cpp(32): note: see reference to function template instantiation 'std::vector<meta::topics::term_prob,std::allocator<_Ty>> meta::topics::topic_model::top_k<meta::topics::bl_term_scorer&>(meta::topic_id,::size_t,T) const' being compiled
          with
          [
              _Ty=meta::topics::term_prob,
              T=meta::topics::bl_term_scorer &
          ]
LINK : fatal error LNK1104: cannot open file '..\..\..\lib\Debug\meta-corpus.lib'
