  Building Custom Rule C:/msys64/home/Satvik/meta/src/graph/tools/CMakeLists.txt
  CMake does not need to re-run because C:/Users/Satvik/of_v0.9.8_vs_release/apps/myApps/final-project-ssethia2/src/graph/tools/CMakeFiles/generate.stamp is up-to-date.
  wiki_page_rank.cpp
c:\msys64\home\satvik\meta\include\meta\hashing\hashes\farm_hash.h(284): warning C4307: '*': integral constant overflow
c:\msys64\home\satvik\meta\include\meta\hashing\hashes\metro_hash.h(161): warning C4244: 'return': conversion from 'uint64_t' to '::size_t', possible loss of data
c:\program files (x86)\microsoft visual studio\2017\community\vc\tools\msvc\14.13.26128\include\xutility(2440): warning C4996: 'std::copy::_Unchecked_iterators::_Deprecate': Call to 'std::copy' with parameters that may be unsafe - this call relies on the caller to check that the passed values are correct. To disable this warning, use -D_SCL_SECURE_NO_WARNINGS. See documentation on how to use Visual C++ 'Checked Iterators'
  c:\program files (x86)\microsoft visual studio\2017\community\vc\tools\msvc\14.13.26128\include\xutility(2440): note: see declaration of 'std::copy::_Unchecked_iterators::_Deprecate'
  c:\msys64\home\satvik\meta\include\meta\hashing\hashes\farm_hash.h(269): note: see reference to function template instantiation '_OutIt std::copy<const uint8_t*,uint8_t*>(_InIt,_InIt,_OutIt)' being compiled
          with
          [
              _OutIt=uint8_t *,
              _InIt=const uint8_t *
          ]
c:\msys64\home\satvik\meta\include\meta\graph\directed_graph.tcc(46): warning C4244: 'argument': conversion from 'uint64_t' to 'const unsigned int', possible loss of data
  c:\msys64\home\satvik\meta\include\meta\graph\directed_graph.tcc(42): note: while compiling class template member function 'void meta::graph::directed_graph<meta::graph::default_node,meta::graph::default_edge>::add_edge(Edge,meta::node_id,meta::node_id)'
          with
          [
              Edge=meta::graph::default_edge
          ]
  c:\msys64\home\satvik\meta\src\graph\tools\wiki_page_rank.cpp(33): note: see reference to class template instantiation 'meta::graph::directed_graph<meta::graph::default_node,meta::graph::default_edge>' being compiled
c:\msys64\home\satvik\meta\include\meta\graph\directed_graph.tcc(60): warning C4244: 'argument': conversion from 'uint64_t' to 'const unsigned int', possible loss of data
c:\msys64\home\satvik\meta\include\meta\graph\graph.tcc(27): warning C4244: 'argument': conversion from 'uint64_t' to 'const unsigned int', possible loss of data
  c:\msys64\home\satvik\meta\include\meta\graph\graph.tcc(23): note: while compiling class template member function 'const meta::graph::default_node &meta::graph::graph<Node,Edge>::node(meta::node_id) const'
          with
          [
              Node=meta::graph::default_node,
              Edge=meta::graph::default_edge
          ]
  c:\msys64\home\satvik\meta\include\meta\graph\directed_graph.h(34): note: see reference to class template instantiation 'meta::graph::graph<Node,Edge>' being compiled
          with
          [
              Node=meta::graph::default_node,
              Edge=meta::graph::default_edge
          ]
c:\msys64\home\satvik\meta\include\meta\graph\graph.tcc(18): warning C4244: 'argument': conversion from 'uint64_t' to 'const unsigned int', possible loss of data
  c:\msys64\home\satvik\meta\include\meta\graph\graph.tcc(14): note: while compiling class template member function 'meta::graph::default_node &meta::graph::graph<Node,Edge>::node(meta::node_id)'
          with
          [
              Node=meta::graph::default_node,
              Edge=meta::graph::default_edge
          ]
  c:\msys64\home\satvik\meta\src\graph\tools\wiki_page_rank.cpp(105): note: see reference to function template instantiation 'meta::graph::default_node &meta::graph::graph<Node,Edge>::node(meta::node_id)' being compiled
          with
          [
              Node=meta::graph::default_node,
              Edge=meta::graph::default_edge
          ]
c:\msys64\home\satvik\meta\include\meta\graph\graph.tcc(37): warning C4244: 'argument': conversion from 'uint64_t' to 'const unsigned int', possible loss of data
  c:\msys64\home\satvik\meta\include\meta\graph\graph.tcc(33): note: while compiling class template member function 'meta::util::optional<Edge> meta::graph::graph<Node,Edge>::edge(meta::node_id,meta::node_id) const'
          with
          [
              Edge=meta::graph::default_edge,
              Node=meta::graph::default_node
          ]
c:\msys64\home\satvik\meta\include\meta\graph\algorithms\centrality.tcc(74): warning C4244: 'argument': conversion from 'uint64_t' to 'const unsigned int', possible loss of data
  c:\msys64\home\satvik\meta\src\graph\tools\wiki_page_rank.cpp(89): note: see reference to function template instantiation 'meta::graph::algorithms::centrality_result meta::graph::algorithms::page_rank_centrality<meta::graph::directed_graph<meta::graph::default_node,meta::graph::default_edge>>(const DirectedGraph &,double,const meta::stats::multinomial<meta::node_id> &,uint64_t)' being compiled
          with
          [
              DirectedGraph=meta::graph::directed_graph<meta::graph::default_node,meta::graph::default_edge>
          ]
c:\msys64\home\satvik\meta\include\meta\graph\algorithms\centrality.tcc(75): warning C4244: 'argument': conversion from 'uint64_t' to 'const unsigned int', possible loss of data
c:\msys64\home\satvik\meta\include\meta\graph\algorithms\centrality.tcc(94): warning C4244: 'argument': conversion from 'const uint64_t' to 'const unsigned int', possible loss of data
c:\msys64\home\satvik\meta\include\meta\graph\algorithms\centrality.tcc(98): warning C4244: 'argument': conversion from 'const uint64_t' to 'const unsigned int', possible loss of data
c:\msys64\home\satvik\meta\include\meta\graph\algorithms\centrality.tcc(102): warning C4244: 'argument': conversion from 'const uint64_t' to 'const unsigned int', possible loss of data
c:\msys64\home\satvik\meta\include\meta\graph\algorithms\centrality.tcc(111): warning C4244: 'argument': conversion from 'uint64_t' to 'const unsigned int', possible loss of data
c:\msys64\home\satvik\meta\src\graph\tools\wiki_page_rank.cpp(22): warning C4244: 'argument': conversion from 'uint64_t' to 'const unsigned int', possible loss of data
  c:\msys64\home\satvik\meta\src\graph\tools\wiki_page_rank.cpp(90): note: see reference to function template instantiation 'void print_results<meta::graph::directed_graph<meta::graph::default_node,meta::graph::default_edge>,meta::graph::algorithms::centrality_result>(const DirectedGraph &,const ResultList &,uint64_t)' being compiled
          with
          [
              DirectedGraph=meta::graph::directed_graph<meta::graph::default_node,meta::graph::default_edge>,
              ResultList=meta::graph::algorithms::centrality_result
          ]
c:\msys64\home\satvik\meta\src\graph\tools\wiki_page_rank.cpp(23): warning C4244: 'argument': conversion from 'uint64_t' to 'const unsigned int', possible loss of data
c:\msys64\home\satvik\meta\include\meta\graph\directed_graph.tcc(17): warning C4244: 'argument': conversion from 'uint64_t' to 'const unsigned int', possible loss of data
  c:\msys64\home\satvik\meta\include\meta\graph\directed_graph.tcc(13): note: while compiling class template member function 'const std::vector<std::pair<meta::node_id,Edge>,std::allocator<_Ty>> &meta::graph::directed_graph<meta::graph::default_node,Edge>::adjacent(meta::node_id) const'
          with
          [
              Edge=meta::graph::default_edge,
              _Ty=std::pair<meta::node_id,meta::graph::default_edge>
          ]
  c:\msys64\home\satvik\meta\include\meta\graph\algorithms\centrality.tcc(92): note: see reference to function template instantiation 'const std::vector<std::pair<meta::node_id,Edge>,std::allocator<_Ty>> &meta::graph::directed_graph<meta::graph::default_node,Edge>::adjacent(meta::node_id) const' being compiled
          with
          [
              Edge=meta::graph::default_edge,
              _Ty=std::pair<meta::node_id,meta::graph::default_edge>
          ]
  c:\msys64\home\satvik\meta\include\meta\graph\directed_graph.tcc(42): note: while compiling class template member function 'void meta::graph::directed_graph<meta::graph::default_node,meta::graph::default_edge>::add_edge(Edge,meta::node_id,meta::node_id)'
          with
          [
              Edge=meta::graph::default_edge
          ]
c:\msys64\home\satvik\meta\include\meta\graph\directed_graph.tcc(27): warning C4244: 'argument': conversion from 'uint64_t' to 'const unsigned int', possible loss of data
  c:\msys64\home\satvik\meta\include\meta\graph\directed_graph.tcc(23): note: while compiling class template member function 'const std::vector<meta::node_id,std::allocator<_Ty>> &meta::graph::directed_graph<meta::graph::default_node,meta::graph::default_edge>::incoming(meta::node_id) const'
          with
          [
              _Ty=meta::node_id
          ]
  c:\msys64\home\satvik\meta\include\meta\graph\algorithms\centrality.tcc(90): note: see reference to function template instantiation 'const std::vector<meta::node_id,std::allocator<_Ty>> &meta::graph::directed_graph<meta::graph::default_node,meta::graph::default_edge>::incoming(meta::node_id) const' being compiled
          with
          [
              _Ty=meta::node_id
          ]
LINK : fatal error LNK1104: cannot open file '..\..\..\lib\Debug\meta-io.lib'
