  Building Custom Rule C:/msys64/home/Satvik/meta/src/regression/tools/CMakeLists.txt
  CMake does not need to re-run because C:/Users/Satvik/of_v0.9.8_vs_release/apps/myApps/final-project-ssethia2/src/regression/tools/CMakeFiles/generate.stamp is up-to-date.
  regression.cpp
c:\msys64\home\satvik\meta\include\meta\hashing\hashes\farm_hash.h(284): warning C4307: '*': integral constant overflow
c:\msys64\home\satvik\meta\include\meta\hashing\hashes\metro_hash.h(161): warning C4244: 'return': conversion from 'uint64_t' to '::size_t', possible loss of data
c:\msys64\home\satvik\meta\include\meta\learn\dataset.h(330): warning C4244: 'argument': conversion from 'const uint64_t' to 'const unsigned int', possible loss of data
  c:\msys64\home\satvik\meta\include\meta\learn\dataset.h(324): note: while compiling class template member function 'double meta::learn::labeled_dataset<double>::label(const meta::learn::dataset::instance_type &) const'
  c:\msys64\home\satvik\meta\include\meta\regression\regression_dataset_view.h(47): note: see reference to function template instantiation 'double meta::learn::labeled_dataset<double>::label(const meta::learn::dataset::instance_type &) const' being compiled
  c:\msys64\home\satvik\meta\include\meta\regression\regression_dataset_view.h(27): note: see reference to class template instantiation 'meta::learn::labeled_dataset<double>' being compiled
c:\program files (x86)\microsoft visual studio\2017\community\vc\tools\msvc\14.13.26128\include\xutility(2440): warning C4996: 'std::copy::_Unchecked_iterators::_Deprecate': Call to 'std::copy' with parameters that may be unsafe - this call relies on the caller to check that the passed values are correct. To disable this warning, use -D_SCL_SECURE_NO_WARNINGS. See documentation on how to use Visual C++ 'Checked Iterators'
  c:\program files (x86)\microsoft visual studio\2017\community\vc\tools\msvc\14.13.26128\include\xutility(2440): note: see declaration of 'std::copy::_Unchecked_iterators::_Deprecate'
  c:\msys64\home\satvik\meta\include\meta\hashing\hashes\farm_hash.h(269): note: see reference to function template instantiation '_OutIt std::copy<const uint8_t*,uint8_t*>(_InIt,_InIt,_OutIt)' being compiled
          with
          [
              _OutIt=uint8_t *,
              _InIt=const uint8_t *
          ]
c:\msys64\home\satvik\meta\include\meta\corpus\metadata.h(85): warning C4244: 'argument': conversion from 'uint64_t' to 'const unsigned int', possible loss of data
  c:\msys64\home\satvik\meta\src\regression\tools\regression.cpp(45): note: see reference to function template instantiation 'meta::util::optional<double> meta::corpus::metadata::get<double>(const std::string &) const' being compiled
c:\msys64\home\satvik\meta\include\meta\corpus\metadata.h(91): warning C4244: 'argument': conversion from 'uint64_t' to 'const unsigned int', possible loss of data
c:\msys64\home\satvik\meta\include\meta\corpus\metadata.h(100): warning C4244: 'argument': conversion from 'uint64_t' to 'const unsigned int', possible loss of data
c:\msys64\home\satvik\meta\include\meta\corpus\metadata.h(109): warning C4244: 'argument': conversion from 'uint64_t' to 'const unsigned int', possible loss of data
c:\msys64\home\satvik\meta\include\meta\corpus\metadata.h(118): warning C4244: 'argument': conversion from 'uint64_t' to 'const unsigned int', possible loss of data
c:\msys64\home\satvik\meta\include\meta\util\range.h(194): warning C4244: 'initializing': conversion from 'uint64_t' to '::size_t', possible loss of data
  c:\msys64\home\satvik\meta\include\meta\util\range.h(193): note: while compiling class template member function 'meta::util::basic_range<meta::doc_id>::basic_range(const T &,const T &,const T &)'
          with
          [
              T=meta::doc_id
          ]
  c:\msys64\home\satvik\meta\include\meta\util\range.h(229): note: see reference to function template instantiation 'meta::util::basic_range<meta::doc_id>::basic_range(const T &,const T &,const T &)' being compiled
          with
          [
              T=meta::doc_id
          ]
  c:\msys64\home\satvik\meta\include\meta\learn\dataset.h(241): note: see reference to class template instantiation 'meta::util::basic_range<meta::doc_id>' being compiled
  c:\msys64\home\satvik\meta\src\regression\tools\regression.cpp(46): note: see reference to function template instantiation 'meta::learn::labeled_dataset<double>::labeled_dataset<main::<lambda_82039c1404a54c88ac5842175a3d2267>>(std::shared_ptr<meta::index::forward_index>,LabelFunction &&)' being compiled
          with
          [
              LabelFunction=main::<lambda_82039c1404a54c88ac5842175a3d2267>
          ]
  c:\msys64\home\satvik\meta\src\regression\tools\regression.cpp(42): note: see reference to function template instantiation 'meta::learn::labeled_dataset<double>::labeled_dataset<main::<lambda_82039c1404a54c88ac5842175a3d2267>>(std::shared_ptr<meta::index::forward_index>,LabelFunction &&)' being compiled
          with
          [
              LabelFunction=main::<lambda_82039c1404a54c88ac5842175a3d2267>
          ]
c:\msys64\home\satvik\meta\include\meta\io\packed.h(287): warning C4146: unary minus operator applied to unsigned type, result still unsigned
  c:\msys64\home\satvik\meta\include\meta\io\packed.h(411): note: see reference to function template instantiation 'unsigned __int64 meta::io::packed::packed_read<InputStream,T>(InputStream &,T &)' being compiled
          with
          [
              InputStream=meta::corpus::metadata::metadata_input_stream,
              T=int64_t
          ]
  c:\msys64\home\satvik\meta\include\meta\corpus\metadata.h(90): note: see reference to function template instantiation 'uint64_t meta::io::packed::read<meta::corpus::metadata::metadata_input_stream,int64_t>(InputStream &,T &)' being compiled
          with
          [
              InputStream=meta::corpus::metadata::metadata_input_stream,
              T=int64_t
          ]
  c:\msys64\home\satvik\meta\src\regression\tools\regression.cpp(45): note: see reference to function template instantiation 'meta::util::optional<double> meta::corpus::metadata::get<double>(const std::string &) const' being compiled
c:\msys64\home\satvik\meta\include\meta\learn\dataset.h(77): warning C4244: 'initializing': conversion from 'uint64_t' to 'meta::learn::dataset::size_type', possible loss of data
  c:\msys64\home\satvik\meta\include\meta\learn\dataset.h(270): note: see reference to function template instantiation 'meta::learn::dataset::dataset<ForwardIterator,meta::printing::default_progress_trait>(std::shared_ptr<meta::index::forward_index>,ForwardIterator,ForwardIterator,ProgressTrait)' being compiled
          with
          [
              ForwardIterator=meta::util::basic_range<meta::doc_id>::iterator_t<std::plus<meta::doc_id>>,
              ProgressTrait=meta::printing::default_progress_trait
          ]
  c:\msys64\home\satvik\meta\include\meta\learn\dataset.h(257): note: see reference to function template instantiation 'meta::learn::labeled_dataset<double>::labeled_dataset<meta::util::basic_range<meta::doc_id>::iterator_t<std::plus<T>>,_Ty>(std::shared_ptr<meta::index::forward_index>,ForwardIterator,ForwardIterator,LabelFunction &&)' being compiled
          with
          [
              T=meta::doc_id,
              _Ty=main::<lambda_82039c1404a54c88ac5842175a3d2267>,
              ForwardIterator=meta::util::basic_range<meta::doc_id>::iterator_t<std::plus<meta::doc_id>>,
              LabelFunction=main::<lambda_82039c1404a54c88ac5842175a3d2267>
          ]
  c:\msys64\home\satvik\meta\include\meta\learn\dataset.h(255): note: see reference to function template instantiation 'meta::learn::labeled_dataset<double>::labeled_dataset<meta::util::basic_range<meta::doc_id>::iterator_t<std::plus<T>>,_Ty>(std::shared_ptr<meta::index::forward_index>,ForwardIterator,ForwardIterator,LabelFunction &&)' being compiled
          with
          [
              T=meta::doc_id,
              _Ty=main::<lambda_82039c1404a54c88ac5842175a3d2267>,
              ForwardIterator=meta::util::basic_range<meta::doc_id>::iterator_t<std::plus<meta::doc_id>>,
              LabelFunction=main::<lambda_82039c1404a54c88ac5842175a3d2267>
          ]
  c:\msys64\home\satvik\meta\include\meta\learn\dataset.h(243): note: see reference to function template instantiation 'meta::learn::labeled_dataset<double>::labeled_dataset<meta::util::basic_range<meta::doc_id>,_Ty>(std::shared_ptr<meta::index::forward_index>,DocIdContainer &&,LabelFunction &&)' being compiled
          with
          [
              _Ty=main::<lambda_82039c1404a54c88ac5842175a3d2267>,
              DocIdContainer=meta::util::basic_range<meta::doc_id>,
              LabelFunction=main::<lambda_82039c1404a54c88ac5842175a3d2267>
          ]
  c:\msys64\home\satvik\meta\include\meta\learn\dataset.h(240): note: see reference to function template instantiation 'meta::learn::labeled_dataset<double>::labeled_dataset<meta::util::basic_range<meta::doc_id>,_Ty>(std::shared_ptr<meta::index::forward_index>,DocIdContainer &&,LabelFunction &&)' being compiled
          with
          [
              _Ty=main::<lambda_82039c1404a54c88ac5842175a3d2267>,
              DocIdContainer=meta::util::basic_range<meta::doc_id>,
              LabelFunction=main::<lambda_82039c1404a54c88ac5842175a3d2267>
          ]
c:\msys64\home\satvik\meta\include\meta\learn\dataset.h(84): warning C4244: 'argument': conversion from 'uint64_t' to 'const unsigned int', possible loss of data
LINK : fatal error LNK1104: cannot open file '..\..\..\lib\Debug\meta-corpus.lib'
