  Building Custom Rule C:/msys64/home/Satvik/meta/src/index/CMakeLists.txt
  CMake does not need to re-run because C:/Users/Satvik/of_v0.9.8_vs_release/apps/myApps/final-project-ssethia2/src/index/CMakeFiles/generate.stamp is up-to-date.
  disk_index.cpp
c:\msys64\home\satvik\meta\include\meta\hashing\hashes\farm_hash.h(284): warning C4307: '*': integral constant overflow
c:\msys64\home\satvik\meta\include\meta\hashing\hashes\metro_hash.h(161): warning C4244: 'return': conversion from 'uint64_t' to '::size_t', possible loss of data
c:\msys64\home\satvik\meta\src\index\disk_index.cpp(121): warning C4244: 'argument': conversion from 'uint64_t' to 'const unsigned int', possible loss of data
c:\program files (x86)\microsoft visual studio\2017\community\vc\tools\msvc\14.13.26128\include\xutility(2440): warning C4996: 'std::copy::_Unchecked_iterators::_Deprecate': Call to 'std::copy' with parameters that may be unsafe - this call relies on the caller to check that the passed values are correct. To disable this warning, use -D_SCL_SECURE_NO_WARNINGS. See documentation on how to use Visual C++ 'Checked Iterators'
  c:\program files (x86)\microsoft visual studio\2017\community\vc\tools\msvc\14.13.26128\include\xutility(2440): note: see declaration of 'std::copy::_Unchecked_iterators::_Deprecate'
  c:\msys64\home\satvik\meta\include\meta\hashing\hashes\farm_hash.h(269): note: see reference to function template instantiation '_OutIt std::copy<const uint8_t*,uint8_t*>(_InIt,_InIt,_OutIt)' being compiled
          with
          [
              _OutIt=uint8_t *,
              _InIt=const uint8_t *
          ]
c:\msys64\home\satvik\meta\include\meta\util\disk_vector.tcc(99): warning C4244: 'argument': conversion from 'uint64_t' to '::size_t', possible loss of data
  c:\msys64\home\satvik\meta\include\meta\util\disk_vector.tcc(95): note: while compiling class template member function 'meta::util::disk_vector<const uint64_t>::~disk_vector(void)'
  c:\msys64\home\satvik\meta\src\index\disk_index.cpp(150): note: see reference to function template instantiation 'meta::util::disk_vector<const uint64_t>::~disk_vector(void)' being compiled
  c:\msys64\home\satvik\meta\include\meta\index\metadata_file.h(79): note: see reference to class template instantiation 'meta::util::disk_vector<const uint64_t>' being compiled
c:\msys64\home\satvik\meta\include\meta\util\disk_vector.tcc(60): warning C4244: 'argument': conversion from 'uint64_t' to '::size_t', possible loss of data
  c:\msys64\home\satvik\meta\include\meta\util\disk_vector.tcc(17): note: while compiling class template member function 'meta::util::disk_vector<const meta::label_id>::disk_vector(const std::string &,uint64_t)'
  c:\msys64\home\satvik\meta\src\index\disk_index.cpp(155): note: see reference to function template instantiation 'meta::util::disk_vector<const meta::label_id>::disk_vector(const std::string &,uint64_t)' being compiled
  c:\msys64\home\satvik\meta\include\meta\util\optional.h(78): note: see reference to class template instantiation 'meta::util::disk_vector<const meta::label_id>' being compiled
  c:\msys64\home\satvik\meta\include\meta\util\optional.h(252): note: see reference to class template instantiation 'meta::util::optional_storage<T>' being compiled
          with
          [
              T=meta::util::disk_vector<const meta::label_id>
          ]
  c:\msys64\home\satvik\meta\include\meta\index\disk_index_impl.h(117): note: see reference to class template instantiation 'meta::util::optional<meta::util::disk_vector<const meta::label_id>>' being compiled
c:\msys64\home\satvik\meta\include\meta\corpus\metadata.h(85): warning C4244: 'argument': conversion from 'uint64_t' to 'const unsigned int', possible loss of data
  c:\msys64\home\satvik\meta\src\index\disk_index.cpp(88): note: see reference to function template instantiation 'meta::util::optional<uint64_t> meta::corpus::metadata::get<uint64_t>(const std::string &) const' being compiled
c:\msys64\home\satvik\meta\include\meta\corpus\metadata.h(91): warning C4244: 'argument': conversion from 'uint64_t' to 'const unsigned int', possible loss of data
c:\msys64\home\satvik\meta\include\meta\corpus\metadata.h(100): warning C4244: 'argument': conversion from 'uint64_t' to 'const unsigned int', possible loss of data
c:\msys64\home\satvik\meta\include\meta\corpus\metadata.h(109): warning C4244: 'argument': conversion from 'uint64_t' to 'const unsigned int', possible loss of data
c:\msys64\home\satvik\meta\include\meta\corpus\metadata.h(118): warning C4244: 'argument': conversion from 'uint64_t' to 'const unsigned int', possible loss of data
c:\msys64\home\satvik\meta\include\meta\corpus\metadata.h(92): warning C4927: illegal conversion; more than one user-defined conversion has been implicitly applied
  c:\msys64\home\satvik\meta\include\meta\corpus\metadata.h(92): note: while calling the constructor 'meta::util::optional<std::string>::optional(T &&)'
          with
          [
              T=std::string
          ]
  c:\msys64\home\satvik\meta\include\meta\util\optional.h(140): note: see declaration of 'meta::util::optional<std::string>::optional'
c:\msys64\home\satvik\meta\include\meta\corpus\metadata.h(101): warning C4927: illegal conversion; more than one user-defined conversion has been implicitly applied
  c:\msys64\home\satvik\meta\include\meta\corpus\metadata.h(101): note: while calling the constructor 'meta::util::optional<std::string>::optional(T &&)'
          with
          [
              T=std::string
          ]
  c:\msys64\home\satvik\meta\include\meta\util\optional.h(140): note: see declaration of 'meta::util::optional<std::string>::optional'
c:\msys64\home\satvik\meta\include\meta\corpus\metadata.h(110): warning C4927: illegal conversion; more than one user-defined conversion has been implicitly applied
  c:\msys64\home\satvik\meta\include\meta\corpus\metadata.h(110): note: while calling the constructor 'meta::util::optional<std::string>::optional(T &&)'
          with
          [
              T=std::string
          ]
  c:\msys64\home\satvik\meta\include\meta\util\optional.h(140): note: see declaration of 'meta::util::optional<std::string>::optional'
c:\msys64\home\satvik\meta\include\meta\corpus\metadata.h(119): warning C4927: illegal conversion; more than one user-defined conversion has been implicitly applied
  c:\msys64\home\satvik\meta\include\meta\corpus\metadata.h(119): note: while calling the constructor 'meta::util::optional<std::string>::optional(T &&)'
          with
          [
              T=std::string
          ]
  c:\msys64\home\satvik\meta\include\meta\util\optional.h(140): note: see declaration of 'meta::util::optional<std::string>::optional'
c:\msys64\home\satvik\meta\include\meta\io\packed.h(287): warning C4146: unary minus operator applied to unsigned type, result still unsigned
  c:\msys64\home\satvik\meta\include\meta\io\packed.h(411): note: see reference to function template instantiation 'unsigned __int64 meta::io::packed::packed_read<InputStream,T>(InputStream &,T &)' being compiled
          with
          [
              InputStream=meta::corpus::metadata::metadata_input_stream,
              T=int64_t
          ]
  c:\msys64\home\satvik\meta\include\meta\corpus\metadata.h(90): note: see reference to function template instantiation 'uint64_t meta::io::packed::read<meta::corpus::metadata::metadata_input_stream,int64_t>(InputStream &,T &)' being compiled
          with
          [
              InputStream=meta::corpus::metadata::metadata_input_stream,
              T=int64_t
          ]
  c:\msys64\home\satvik\meta\src\index\disk_index.cpp(88): note: see reference to function template instantiation 'meta::util::optional<uint64_t> meta::corpus::metadata::get<uint64_t>(const std::string &) const' being compiled
c:\msys64\home\satvik\meta\include\meta\util\disk_vector.tcc(83): warning C4244: 'argument': conversion from 'uint64_t' to '::size_t', possible loss of data
  c:\msys64\home\satvik\meta\include\meta\util\disk_vector.tcc(78): note: while compiling class template member function 'meta::util::disk_vector<const uint64_t> &meta::util::disk_vector<const uint64_t>::operator =(meta::util::disk_vector<const uint64_t> &&)'
  c:\msys64\home\satvik\meta\src\index\disk_index.cpp(200): note: see reference to function template instantiation 'meta::util::disk_vector<const uint64_t> &meta::util::disk_vector<const uint64_t>::operator =(meta::util::disk_vector<const uint64_t> &&)' being compiled
  c:\msys64\home\satvik\meta\include\meta\util\disk_vector.tcc(68): note: while compiling class template member function 'meta::util::disk_vector<const uint64_t>::disk_vector(meta::util::disk_vector<const uint64_t> &&)'
  c:\msys64\home\satvik\meta\src\index\disk_index.cpp(200): note: see reference to function template instantiation 'meta::util::disk_vector<const uint64_t>::disk_vector(meta::util::disk_vector<const uint64_t> &&)' being compiled
  c:\program files (x86)\microsoft visual studio\2017\community\vc\tools\msvc\14.13.26128\include\list(778): note: while compiling class template member function 'void std::_List_buy<_Ty,_Alloc>::_Freenode(std::_List_node<_Ty,std::_Default_allocator_traits<_Alloc>::void_pointer> *)'
          with
          [
              _Ty=std::pair<const meta::class_label,meta::label_id>,
              _Alloc=std::allocator<std::pair<const meta::class_label,meta::label_id>>
          ]
  c:\program files (x86)\microsoft visual studio\2017\community\vc\tools\msvc\14.13.26128\include\list(1456): note: see reference to function template instantiation 'void std::_List_buy<_Ty,_Alloc>::_Freenode(std::_List_node<_Ty,std::_Default_allocator_traits<_Alloc>::void_pointer> *)' being compiled
          with
          [
              _Ty=std::pair<const meta::class_label,meta::label_id>,
              _Alloc=std::allocator<std::pair<const meta::class_label,meta::label_id>>
          ]
  c:\program files (x86)\microsoft visual studio\2017\community\vc\tools\msvc\14.13.26128\include\list(790): note: see reference to class template instantiation 'std::_List_buy<_Ty,_Alloc>' being compiled
          with
          [
              _Ty=std::pair<const meta::class_label,meta::label_id>,
              _Alloc=std::allocator<std::pair<const meta::class_label,meta::label_id>>
          ]
  c:\program files (x86)\microsoft visual studio\2017\community\vc\tools\msvc\14.13.26128\include\xhash(169): note: see reference to class template instantiation 'std::list<std::pair<const _Kty,_Ty>,std::allocator<std::pair<const _Kty,_Ty>>>' being compiled
          with
          [
              _Kty=meta::class_label,
              _Ty=meta::label_id
          ]
  c:\program files (x86)\microsoft visual studio\2017\community\vc\tools\msvc\14.13.26128\include\unordered_map(96): note: see reference to class template instantiation 'std::_Hash<std::_Umap_traits<_Kty,_Ty,std::_Uhash_compare<_Kty,_Hasher,_Keyeq>,_Alloc,false>>' being compiled
          with
          [
              _Kty=meta::class_label,
              _Ty=meta::label_id,
              _Hasher=std::hash<meta::class_label>,
              _Keyeq=std::equal_to<meta::class_label>,
              _Alloc=std::allocator<std::pair<const meta::class_label,meta::label_id>>
          ]
  c:\msys64\home\satvik\meta\include\meta\util\invertible_map.h(97): note: see reference to class template instantiation 'std::unordered_map<Key,Value,std::hash<_Kty>,std::equal_to<_Kty>,std::allocator<std::pair<const _Kty,_Ty>>>' being compiled
          with
          [
              Key=meta::class_label,
              Value=meta::label_id,
              _Kty=meta::class_label,
              _Ty=meta::label_id
          ]
  c:\msys64\home\satvik\meta\include\meta\index\disk_index_impl.h(126): note: see reference to class template instantiation 'meta::util::invertible_map<meta::class_label,meta::label_id>' being compiled
  forward_index.cpp
c:\msys64\home\satvik\meta\include\meta\hashing\hashes\farm_hash.h(284): warning C4307: '*': integral constant overflow
c:\msys64\home\satvik\meta\include\meta\hashing\hashes\metro_hash.h(161): warning C4244: 'return': conversion from 'uint64_t' to '::size_t', possible loss of data
c:\msys64\home\satvik\meta\src\index\forward_index.cpp(390): warning C4244: 'argument': conversion from 'const uint64_t' to 'const unsigned int', possible loss of data
c:\msys64\home\satvik\meta\src\index\forward_index.cpp(434): warning C4244: 'argument': conversion from 'const uint64_t' to 'const unsigned int', possible loss of data
c:\msys64\home\satvik\meta\src\index\forward_index.cpp(499): warning C4244: 'argument': conversion from 'uint64_t' to 'double', possible loss of data
c:\msys64\home\satvik\meta\src\index\forward_index.cpp(633): warning C4244: 'argument': conversion from 'uint64_t' to 'double', possible loss of data
c:\program files (x86)\microsoft visual studio\2017\community\vc\tools\msvc\14.13.26128\include\xutility(2440): warning C4996: 'std::copy::_Unchecked_iterators::_Deprecate': Call to 'std::copy' with parameters that may be unsafe - this call relies on the caller to check that the passed values are correct. To disable this warning, use -D_SCL_SECURE_NO_WARNINGS. See documentation on how to use Visual C++ 'Checked Iterators'
  c:\program files (x86)\microsoft visual studio\2017\community\vc\tools\msvc\14.13.26128\include\xutility(2440): note: see declaration of 'std::copy::_Unchecked_iterators::_Deprecate'
  c:\msys64\home\satvik\meta\include\meta\hashing\hashes\farm_hash.h(269): note: see reference to function template instantiation '_OutIt std::copy<const uint8_t*,uint8_t*>(_InIt,_InIt,_OutIt)' being compiled
          with
          [
              _OutIt=uint8_t *,
              _InIt=const uint8_t *
          ]
c:\msys64\home\satvik\meta\include\meta\util\disk_vector.tcc(60): warning C4244: 'argument': conversion from 'uint64_t' to '::size_t', possible loss of data
  c:\msys64\home\satvik\meta\include\meta\util\disk_vector.tcc(17): note: while compiling class template member function 'meta::util::disk_vector<const uint64_t>::disk_vector(const std::string &,uint64_t)'
  c:\msys64\home\satvik\meta\include\meta\index\postings_file.h(42): note: see reference to function template instantiation 'meta::util::disk_vector<const uint64_t>::disk_vector(const std::string &,uint64_t)' being compiled
  c:\msys64\home\satvik\meta\include\meta\index\metadata_file.h(79): note: see reference to class template instantiation 'meta::util::disk_vector<const uint64_t>' being compiled
c:\msys64\home\satvik\meta\include\meta\util\disk_vector.tcc(99): warning C4244: 'argument': conversion from 'uint64_t' to '::size_t', possible loss of data
  c:\msys64\home\satvik\meta\include\meta\util\disk_vector.tcc(95): note: while compiling class template member function 'meta::util::disk_vector<const uint64_t>::~disk_vector(void)'
  c:\msys64\home\satvik\meta\src\index\forward_index.cpp(642): note: see reference to function template instantiation 'meta::util::disk_vector<const uint64_t>::~disk_vector(void)' being compiled
c:\program files (x86)\microsoft visual studio\2017\community\vc\tools\msvc\14.13.26128\include\numeric(25): warning C4244: '=': conversion from 'double' to 'unsigned long', possible loss of data
  c:\msys64\home\satvik\meta\src\index\forward_index.cpp(343): note: see reference to function template instantiation '_Ty std::accumulate<meta::hashing::key_value_storage_iterator<meta::hashing::external_key_value_storage<K,V,ProbingStrategy,Hash,KeyEqual>>,unsigned long,meta::index::forward_index::impl::tokenize_docs::<lambda_6a7761bb177b1454b8b8597aa08b65d7>::()::<lambda_693c0d14a3943cd44354bdfdee07f96a>>(_InIt,const _InIt,_Ty,_Fn)' being compiled
          with
          [
              _Ty=unsigned long,
              K=std::string,
              V=double,
              ProbingStrategy=meta::hashing::probing::binary,
              Hash=meta::hashing::hash<meta::hashing::default_hasher<4>::type>,
              KeyEqual=std::equal_to<std::string>,
              _InIt=meta::hashing::key_value_storage_iterator<meta::hashing::external_key_value_storage<std::string,double,meta::hashing::probing::binary,meta::hashing::hash<meta::hashing::default_hasher<4>::type>,std::equal_to<std::string>>>,
              _Fn=meta::index::forward_index::impl::tokenize_docs::<lambda_6a7761bb177b1454b8b8597aa08b65d7>::()::<lambda_693c0d14a3943cd44354bdfdee07f96a>
          ]
c:\msys64\home\satvik\meta\include\meta\hashing\hash.h(351): warning C4244: 'argument': conversion from 'uint64_t' to 'meta::hashing::murmur_hash<4>::result_type', possible loss of data
  c:\msys64\home\satvik\meta\include\meta\hashing\hash_storage.h(515): note: see reference to function template instantiation 'unsigned int meta::hashing::hash<meta::hashing::default_hasher<4>::type>::operator ()<std::basic_string<char,std::char_traits<char>,std::allocator<char>>>(const T &) const' being compiled
          with
          [
              T=std::basic_string<char,std::char_traits<char>,std::allocator<char>>
          ]
  c:\msys64\home\satvik\meta\include\meta\hashing\hash_storage.h(515): note: see reference to function template instantiation 'unsigned int meta::hashing::hash<meta::hashing::default_hasher<4>::type>::operator ()<std::basic_string<char,std::char_traits<char>,std::allocator<char>>>(const T &) const' being compiled
          with
          [
              T=std::basic_string<char,std::char_traits<char>,std::allocator<char>>
          ]
  c:\msys64\home\satvik\meta\include\meta\hashing\hash_storage.h(514): note: while compiling class template member function 'meta::hashing::key_value_storage_iterator<meta::hashing::external_key_value_storage<K,V,ProbingStrategy,Hash,KeyEqual>> meta::hashing::storage_base<meta::hashing::external_key_value_storage<K,V,ProbingStrategy,Hash,KeyEqual>>::find(const std::basic_string<char,std::char_traits<char>,std::allocator<char>> &)'
          with
          [
              K=std::string,
              V=meta::term_id,
              ProbingStrategy=meta::hashing::probing::binary,
              Hash=meta::hashing::hash<meta::hashing::default_hasher<4>::type>,
              KeyEqual=std::equal_to<std::string>
          ]
  c:\msys64\home\satvik\meta\src\index\forward_index.cpp(354): note: see reference to function template instantiation 'meta::hashing::key_value_storage_iterator<meta::hashing::external_key_value_storage<K,V,ProbingStrategy,Hash,KeyEqual>> meta::hashing::storage_base<meta::hashing::external_key_value_storage<K,V,ProbingStrategy,Hash,KeyEqual>>::find(const std::basic_string<char,std::char_traits<char>,std::allocator<char>> &)' being compiled
          with
          [
              K=std::string,
              V=meta::term_id,
              ProbingStrategy=meta::hashing::probing::binary,
              Hash=meta::hashing::hash<meta::hashing::default_hasher<4>::type>,
              KeyEqual=std::equal_to<std::string>
          ]
  c:\msys64\home\satvik\meta\include\meta\hashing\hash_storage.h(1129): note: see reference to class template instantiation 'meta::hashing::storage_base<meta::hashing::external_key_value_storage<K,V,ProbingStrategy,Hash,KeyEqual>>' being compiled
          with
          [
              K=std::string,
              V=meta::term_id,
              ProbingStrategy=meta::hashing::probing::binary,
              Hash=meta::hashing::hash<meta::hashing::default_hasher<4>::type>,
              KeyEqual=std::equal_to<std::string>
          ]
  c:\msys64\home\satvik\meta\include\meta\hashing\probe_map.h(42): note: see reference to class template instantiation 'meta::hashing::external_key_value_storage<K,V,ProbingStrategy,Hash,KeyEqual>' being compiled
          with
          [
              K=std::string,
              V=meta::term_id,
              ProbingStrategy=meta::hashing::probing::binary,
              Hash=meta::hashing::hash<meta::hashing::default_hasher<4>::type>,
              KeyEqual=std::equal_to<std::string>
          ]
  c:\msys64\home\satvik\meta\src\index\forward_index.cpp(306): note: see reference to class template instantiation 'meta::hashing::probe_map<std::string,meta::term_id,meta::hashing::probing::binary,meta::hashing::hash<meta::hashing::default_hasher<4>::type>,std::equal_to<Key>,meta::hashing::hash_traits<meta::hashing::kv_pair<Key,Value>>>' being compiled
          with
          [
              Key=std::string,
              Value=meta::term_id
          ]
c:\msys64\home\satvik\meta\include\meta\index\postings_buffer.h(135): warning C4244: '+=': conversion from 'uint64_t' to '::size_t', possible loss of data
  c:\msys64\home\satvik\meta\include\meta\index\postings_buffer.h(127): note: while compiling class template member function 'size_t meta::index::postings_buffer<meta::util::numerical_identifier<meta::doc_id_tag,uint64_t>,meta::util::numerical_identifier<meta::term_id_tag,uint64_t>,uint64_t>::bytes_used(void) const'
  c:\msys64\home\satvik\meta\include\meta\index\postings_inverter.tcc(60): note: see reference to function template instantiation 'size_t meta::index::postings_buffer<meta::util::numerical_identifier<meta::doc_id_tag,uint64_t>,meta::util::numerical_identifier<meta::term_id_tag,uint64_t>,uint64_t>::bytes_used(void) const' being compiled
  c:\msys64\home\satvik\meta\include\meta\index\postings_inverter.tcc(38): note: see reference to class template instantiation 'meta::index::postings_buffer<meta::util::numerical_identifier<meta::doc_id_tag,uint64_t>,meta::util::numerical_identifier<meta::term_id_tag,uint64_t>,uint64_t>' being compiled
  c:\msys64\home\satvik\meta\src\index\forward_index.cpp(573): note: see reference to function template instantiation 'void meta::index::postings_inverter<meta::index::forward_index>::producer::operator ()<std::vector<std::pair<SecondaryKey,FeatureValue>,std::allocator<_Ty>>>(const meta::util::numerical_identifier<meta::term_id_tag,uint64_t> &,const Container &)' being compiled
          with
          [
              SecondaryKey=meta::doc_id,
              FeatureValue=uint64_t,
              _Ty=std::pair<meta::doc_id,uint64_t>,
              Container=std::vector<std::pair<meta::doc_id,uint64_t>,std::allocator<std::pair<meta::doc_id,uint64_t>>>
          ]
  c:\msys64\home\satvik\meta\src\index\forward_index.cpp(573): note: see reference to function template instantiation 'void meta::index::postings_inverter<meta::index::forward_index>::producer::operator ()<std::vector<std::pair<SecondaryKey,FeatureValue>,std::allocator<_Ty>>>(const meta::util::numerical_identifier<meta::term_id_tag,uint64_t> &,const Container &)' being compiled
          with
          [
              SecondaryKey=meta::doc_id,
              FeatureValue=uint64_t,
              _Ty=std::pair<meta::doc_id,uint64_t>,
              Container=std::vector<std::pair<meta::doc_id,uint64_t>,std::allocator<std::pair<meta::doc_id,uint64_t>>>
          ]
c:\msys64\home\satvik\meta\include\meta\util\sparse_vector.tcc(88): warning C4244: 'argument': conversion from 'uint64_t' to 'const unsigned int', possible loss of data
  c:\msys64\home\satvik\meta\include\meta\util\sparse_vector.tcc(87): note: while compiling class template member function 'void meta::util::sparse_vector<SecondaryKey,FeatureValue>::reserve(uint64_t)'
          with
          [
              SecondaryKey=meta::term_id,
              FeatureValue=uint64_t
          ]
  c:\msys64\home\satvik\meta\include\meta\index\postings_data.tcc(216): note: see reference to function template instantiation 'void meta::util::sparse_vector<SecondaryKey,FeatureValue>::reserve(uint64_t)' being compiled
          with
          [
              SecondaryKey=meta::term_id,
              FeatureValue=uint64_t
          ]
  c:\msys64\home\satvik\meta\include\meta\index\postings_data.tcc(80): note: while compiling class template member function 'const std::vector<std::pair<SecondaryKey,FeatureValue>,std::allocator<_Ty>> &meta::index::postings_data<meta::doc_id,SecondaryKey,FeatureValue>::counts(void) const'
          with
          [
              SecondaryKey=meta::term_id,
              FeatureValue=uint64_t,
              _Ty=std::pair<meta::term_id,uint64_t>
          ]
  c:\msys64\home\satvik\meta\src\index\forward_index.cpp(620): note: see reference to function template instantiation 'const std::vector<std::pair<SecondaryKey,FeatureValue>,std::allocator<_Ty>> &meta::index::postings_data<meta::doc_id,SecondaryKey,FeatureValue>::counts(void) const' being compiled
          with
          [
              SecondaryKey=meta::term_id,
              FeatureValue=uint64_t,
              _Ty=std::pair<meta::term_id,uint64_t>
          ]
  c:\msys64\home\satvik\meta\include\meta\index\postings_inverter.h(42): note: see reference to class template instantiation 'meta::index::postings_data<meta::doc_id,meta::term_id,uint64_t>' being compiled
  c:\msys64\home\satvik\meta\src\index\forward_index.cpp(564): note: see reference to class template instantiation 'meta::index::postings_inverter<meta::index::forward_index>' being compiled
c:\program files (x86)\microsoft visual studio\2017\community\vc\tools\msvc\14.13.26128\include\utility(201): warning C4244: 'initializing': conversion from 'const uint64_t' to 'double', possible loss of data
  c:\program files (x86)\microsoft visual studio\2017\community\vc\tools\msvc\14.13.26128\include\xmemory0(919): note: see reference to function template instantiation 'std::pair<Index,Value>::pair<const _Ty1&,const _Ty2&,0>(_Other1,_Other2) noexcept' being compiled
          with
          [
              Index=meta::learn::feature_id,
              Value=double,
              _Ty1=meta::term_id,
              _Ty2=uint64_t,
              _Other1=const meta::term_id &,
              _Other2=const uint64_t &
          ]
  c:\program files (x86)\microsoft visual studio\2017\community\vc\tools\msvc\14.13.26128\include\xmemory0(919): note: see reference to function template instantiation 'std::pair<Index,Value>::pair<const _Ty1&,const _Ty2&,0>(_Other1,_Other2) noexcept' being compiled
          with
          [
              Index=meta::learn::feature_id,
              Value=double,
              _Ty1=meta::term_id,
              _Ty2=uint64_t,
              _Other1=const meta::term_id &,
              _Other2=const uint64_t &
          ]
  c:\program files (x86)\microsoft visual studio\2017\community\vc\tools\msvc\14.13.26128\include\vector(968): note: see reference to function template instantiation 'void std::_Default_allocator_traits<_Alloc>::construct<_Ty,const _Ty1&,const _Ty2&>(_Alloc &,_Objty *const ,const _Ty1 &,const _Ty2 &)' being compiled
          with
          [
              _Alloc=std::allocator<std::pair<meta::learn::feature_id,double>>,
              _Ty=std::pair<meta::learn::feature_id,double>,
              _Ty1=meta::term_id,
              _Ty2=uint64_t,
              _Objty=std::pair<meta::learn::feature_id,double>
          ]
  c:\program files (x86)\microsoft visual studio\2017\community\vc\tools\msvc\14.13.26128\include\vector(968): note: see reference to function template instantiation 'void std::_Default_allocator_traits<_Alloc>::construct<_Ty,const _Ty1&,const _Ty2&>(_Alloc &,_Objty *const ,const _Ty1 &,const _Ty2 &)' being compiled
          with
          [
              _Alloc=std::allocator<std::pair<meta::learn::feature_id,double>>,
              _Ty=std::pair<meta::learn::feature_id,double>,
              _Ty1=meta::term_id,
              _Ty2=uint64_t,
              _Objty=std::pair<meta::learn::feature_id,double>
          ]
  c:\msys64\home\satvik\meta\src\index\forward_index.cpp(622): note: see reference to function template instantiation 'void std::vector<std::pair<Index,Value>,std::allocator<_Ty>>::emplace_back<const _Ty1&,const _Ty2&>(const _Ty1 &,const _Ty2 &)' being compiled
          with
          [
              Index=meta::learn::feature_id,
              Value=double,
              _Ty=std::pair<meta::learn::feature_id,double>,
              _Ty1=meta::term_id,
              _Ty2=uint64_t
          ]
c:\program files (x86)\microsoft visual studio\2017\community\vc\tools\msvc\14.13.26128\include\numeric(25): warning C4244: '=': conversion from 'uint64_t' to 'unsigned long', possible loss of data
  c:\msys64\home\satvik\meta\include\meta\util\multiway_merge.h(109): note: see reference to function template instantiation '_Ty std::accumulate<ForwardIterator,unsigned long,meta::util::multiway_merge::<lambda_96a0fd5a197b834756127f7ec415efe7>>(_InIt,const _InIt,_Ty,_Fn)' being compiled
          with
          [
              _Ty=unsigned long,
              ForwardIterator=std::_Vector_iterator<std::_Vector_val<std::_Simple_types<input_chunk>>>,
              _InIt=std::_Vector_iterator<std::_Vector_val<std::_Simple_types<input_chunk>>>,
              _Fn=meta::util::multiway_merge::<lambda_96a0fd5a197b834756127f7ec415efe7>
          ]
  c:\msys64\home\satvik\meta\include\meta\util\multiway_merge.h(183): note: see reference to function template instantiation 'uint64_t meta::util::multiway_merge<ForwardIterator,_Ty,meta::util::multiway_merge::<lambda_664df78150ee2a3b5b3b195d54028970>&,meta::util::multiway_merge::<lambda_2c2ef49d435e3ced961c3873af87d970>&,ProgressTrait>(ForwardIterator,ForwardIterator,Compare,ShouldMerge,RecordHandler &&,ProgressTrait)' being compiled
          with
          [
              ForwardIterator=std::_Vector_iterator<std::_Vector_val<std::_Simple_types<input_chunk>>>,
              _Ty=meta::index::forward_index::impl::merge_chunks::<lambda_acfeb1f2b2bd79127253e88e708c111b>,
              ProgressTrait=meta::printing::default_progress_trait,
              Compare=meta::util::multiway_merge::<lambda_664df78150ee2a3b5b3b195d54028970> &,
              ShouldMerge=meta::util::multiway_merge::<lambda_2c2ef49d435e3ced961c3873af87d970> &,
              RecordHandler=meta::index::forward_index::impl::merge_chunks::<lambda_acfeb1f2b2bd79127253e88e708c111b>
          ]
  c:\msys64\home\satvik\meta\src\index\forward_index.cpp(444): note: see reference to function template instantiation 'uint64_t meta::util::multiway_merge<std::_Vector_iterator<std::_Vector_val<std::_Simple_types<_Ty>>>,meta::index::forward_index::impl::merge_chunks::<lambda_acfeb1f2b2bd79127253e88e708c111b>,meta::printing::default_progress_trait>(ForwardIterator,ForwardIterator,RecordHandler &&,ProgressTrait)' being compiled
          with
          [
              _Ty=input_chunk,
              ForwardIterator=std::_Vector_iterator<std::_Vector_val<std::_Simple_types<input_chunk>>>,
              RecordHandler=meta::index::forward_index::impl::merge_chunks::<lambda_acfeb1f2b2bd79127253e88e708c111b>,
              ProgressTrait=meta::printing::default_progress_trait
          ]
c:\msys64\home\satvik\meta\include\meta\io\packed.h(287): warning C4146: unary minus operator applied to unsigned type, result still unsigned
  c:\msys64\home\satvik\meta\include\meta\io\packed.h(306): note: see reference to function template instantiation 'unsigned __int64 meta::io::packed::packed_read<InputStream,int64_t>(InputStream &,T &)' being compiled
          with
          [
              InputStream=meta::index::postings_stream<meta::term_id,double>::char_input_stream,
              T=int64_t
          ]
  c:\msys64\home\satvik\meta\include\meta\io\packed.h(411): note: see reference to function template instantiation 'unsigned __int64 meta::io::packed::packed_read<InputStream,T>(InputStream &,T &)' being compiled
          with
          [
              InputStream=meta::index::postings_stream<meta::term_id,double>::char_input_stream,
              T=double
          ]
  c:\msys64\home\satvik\meta\include\meta\index\postings_stream.h(63): note: see reference to function template instantiation 'uint64_t meta::io::packed::read<meta::index::postings_stream<meta::term_id,double>::char_input_stream,FeatureValue>(InputStream &,T &)' being compiled
          with
          [
              FeatureValue=double,
              InputStream=meta::index::postings_stream<meta::term_id,double>::char_input_stream,
              T=double
          ]
  c:\msys64\home\satvik\meta\include\meta\index\postings_stream.h(58): note: while compiling class template member function 'meta::index::postings_stream<meta::term_id,double>::postings_stream(const char *)'
  c:\msys64\home\satvik\meta\include\meta\index\postings_file.h(57): note: see reference to function template instantiation 'meta::index::postings_stream<meta::term_id,double>::postings_stream(const char *)' being compiled
  c:\msys64\home\satvik\meta\include\meta\util\optional.h(78): note: see reference to class template instantiation 'meta::index::postings_stream<meta::term_id,double>' being compiled
  c:\msys64\home\satvik\meta\include\meta\util\optional.h(252): note: see reference to class template instantiation 'meta::util::optional_storage<T>' being compiled
          with
          [
              T=meta::index::postings_stream<meta::term_id,double>
          ]
  c:\msys64\home\satvik\meta\src\index\forward_index.cpp(557): note: see reference to class template instantiation 'meta::util::optional<meta::index::postings_stream<meta::term_id,double>>' being compiled
c:\msys64\home\satvik\meta\include\meta\util\disk_vector.tcc(83): warning C4244: 'argument': conversion from 'uint64_t' to '::size_t', possible loss of data
  c:\msys64\home\satvik\meta\include\meta\util\disk_vector.tcc(78): note: while compiling class template member function 'meta::util::disk_vector<const uint64_t> &meta::util::disk_vector<const uint64_t>::operator =(meta::util::disk_vector<const uint64_t> &&)'
  c:\msys64\home\satvik\meta\src\index\forward_index.cpp(645): note: see reference to function template instantiation 'meta::util::disk_vector<const uint64_t> &meta::util::disk_vector<const uint64_t>::operator =(meta::util::disk_vector<const uint64_t> &&)' being compiled
  c:\msys64\home\satvik\meta\include\meta\util\disk_vector.tcc(68): note: while compiling class template member function 'meta::util::disk_vector<const uint64_t>::disk_vector(meta::util::disk_vector<const uint64_t> &&)'
  c:\msys64\home\satvik\meta\src\index\forward_index.cpp(645): note: see reference to function template instantiation 'meta::util::disk_vector<const uint64_t>::disk_vector(meta::util::disk_vector<const uint64_t> &&)' being compiled
  c:\msys64\home\satvik\meta\include\meta\index\postings_inverter.tcc(115): note: while compiling class template member function 'meta::index::postings_inverter<meta::index::forward_index>::postings_inverter(const std::string &,unsigned int)'
  c:\msys64\home\satvik\meta\src\index\forward_index.cpp(564): note: see reference to function template instantiation 'meta::index::postings_inverter<meta::index::forward_index>::postings_inverter(const std::string &,unsigned int)' being compiled
c:\program files (x86)\microsoft visual studio\2017\community\vc\tools\msvc\14.13.26128\include\utility(234): warning C4244: 'initializing': conversion from 'double' to 'uint64_t', possible loss of data
  c:\msys64\home\satvik\meta\include\meta\index\postings_stream.h(189): note: see reference to function template instantiation 'std::pair<SecondaryKey,FeatureValue>::pair<Index,Value,0>(std::pair<Index,Value> &&) noexcept' being compiled
          with
          [
              SecondaryKey=meta::term_id,
              FeatureValue=uint64_t,
              Index=meta::learn::feature_id,
              Value=double
          ]
  c:\msys64\home\satvik\meta\include\meta\index\postings_stream.h(188): note: see reference to function template instantiation 'std::pair<SecondaryKey,FeatureValue>::pair<Index,Value,0>(std::pair<Index,Value> &&) noexcept' being compiled
          with
          [
              SecondaryKey=meta::term_id,
              FeatureValue=uint64_t,
              Index=meta::learn::feature_id,
              Value=double
          ]
  c:\msys64\home\satvik\meta\include\meta\index\postings_stream.h(184): note: while compiling class template member function 'meta::index::postings_stream<SecondaryKey,FeatureValue>::iterator::iterator(const char *,uint64_t)'
          with
          [
              SecondaryKey=meta::util::numerical_identifier<meta::term_id_tag,uint64_t>,
              FeatureValue=uint64_t
          ]
  c:\msys64\home\satvik\meta\include\meta\index\postings_stream.h(204): note: see reference to function template instantiation 'meta::index::postings_stream<SecondaryKey,FeatureValue>::iterator::iterator(const char *,uint64_t)' being compiled
          with
          [
              SecondaryKey=meta::util::numerical_identifier<meta::term_id_tag,uint64_t>,
              FeatureValue=uint64_t
          ]
  c:\msys64\home\satvik\meta\include\meta\index\postings_data.tcc(40): note: see reference to class template instantiation 'meta::index::postings_stream<SecondaryKey,FeatureValue>::iterator' being compiled
          with
          [
              SecondaryKey=meta::util::numerical_identifier<meta::term_id_tag,uint64_t>,
              FeatureValue=uint64_t
          ]
  c:\msys64\home\satvik\meta\include\meta\index\chunk.tcc(67): note: see reference to function template instantiation 'void meta::index::postings_data<meta::doc_id,meta::term_id,uint64_t>::merge_with<meta::index::postings_stream<SecondaryKey,FeatureValue>>(Container &&)' being compiled
          with
          [
              SecondaryKey=meta::util::numerical_identifier<meta::term_id_tag,uint64_t>,
              FeatureValue=uint64_t,
              Container=meta::index::postings_stream<meta::util::numerical_identifier<meta::term_id_tag,uint64_t>,uint64_t>
          ]
  c:\msys64\home\satvik\meta\include\meta\index\chunk.tcc(67): note: see reference to function template instantiation 'void meta::index::postings_data<meta::doc_id,meta::term_id,uint64_t>::merge_with<meta::index::postings_stream<SecondaryKey,FeatureValue>>(Container &&)' being compiled
          with
          [
              SecondaryKey=meta::util::numerical_identifier<meta::term_id_tag,uint64_t>,
              FeatureValue=uint64_t,
              Container=meta::index::postings_stream<meta::util::numerical_identifier<meta::term_id_tag,uint64_t>,uint64_t>
          ]
  c:\msys64\home\satvik\meta\include\meta\index\postings_inverter.tcc(163): note: see reference to function template instantiation 'void meta::index::chunk<meta::util::numerical_identifier<meta::doc_id_tag,uint64_t>,meta::util::numerical_identifier<meta::term_id_tag,uint64_t>>::memory_merge_with<std::vector<T,meta::util::aligned_allocator<T,64>>>(Container &)' being compiled
          with
          [
              T=meta::index::postings_buffer<meta::util::numerical_identifier<meta::doc_id_tag,uint64_t>,meta::util::numerical_identifier<meta::term_id_tag,uint64_t>,uint64_t>,
              Container=std::vector<meta::index::postings_buffer<meta::util::numerical_identifier<meta::doc_id_tag,uint64_t>,meta::util::numerical_identifier<meta::term_id_tag,uint64_t>,uint64_t>,meta::util::aligned_allocator<meta::index::postings_buffer<meta::util::numerical_identifier<meta::doc_id_tag,uint64_t>,meta::util::numerical_identifier<meta::term_id_tag,uint64_t>,uint64_t>,64>>
          ]
  c:\msys64\home\satvik\meta\include\meta\index\postings_inverter.tcc(163): note: see reference to function template instantiation 'void meta::index::chunk<meta::util::numerical_identifier<meta::doc_id_tag,uint64_t>,meta::util::numerical_identifier<meta::term_id_tag,uint64_t>>::memory_merge_with<std::vector<T,meta::util::aligned_allocator<T,64>>>(Container &)' being compiled
          with
          [
              T=meta::index::postings_buffer<meta::util::numerical_identifier<meta::doc_id_tag,uint64_t>,meta::util::numerical_identifier<meta::term_id_tag,uint64_t>,uint64_t>,
              Container=std::vector<meta::index::postings_buffer<meta::util::numerical_identifier<meta::doc_id_tag,uint64_t>,meta::util::numerical_identifier<meta::term_id_tag,uint64_t>,uint64_t>,meta::util::aligned_allocator<meta::index::postings_buffer<meta::util::numerical_identifier<meta::doc_id_tag,uint64_t>,meta::util::numerical_identifier<meta::term_id_tag,uint64_t>,uint64_t>,64>>
          ]
  c:\msys64\home\satvik\meta\include\meta\index\postings_inverter.tcc(91): note: see reference to function template instantiation 'void meta::index::postings_inverter<meta::index::forward_index>::write_chunk<meta::util::aligned_allocator<T,64>>(std::vector<T,meta::util::aligned_allocator<T,64>> &)' being compiled
          with
          [
              T=meta::index::postings_buffer<meta::util::numerical_identifier<meta::doc_id_tag,uint64_t>,meta::util::numerical_identifier<meta::term_id_tag,uint64_t>,uint64_t>
          ]
  c:\msys64\home\satvik\meta\include\meta\index\postings_inverter.tcc(91): note: see reference to function template instantiation 'void meta::index::postings_inverter<meta::index::forward_index>::write_chunk<meta::util::aligned_allocator<T,64>>(std::vector<T,meta::util::aligned_allocator<T,64>> &)' being compiled
          with
          [
              T=meta::index::postings_buffer<meta::util::numerical_identifier<meta::doc_id_tag,uint64_t>,meta::util::numerical_identifier<meta::term_id_tag,uint64_t>,uint64_t>
          ]
  c:\msys64\home\satvik\meta\include\meta\index\postings_inverter.tcc(84): note: while compiling class template member function 'void meta::index::postings_inverter<meta::index::forward_index>::producer::flush_chunk(void)'
  c:\msys64\home\satvik\meta\include\meta\index\postings_inverter.tcc(109): note: see reference to function template instantiation 'void meta::index::postings_inverter<meta::index::forward_index>::producer::flush_chunk(void)' being compiled
  inverted_index.cpp
c:\msys64\home\satvik\meta\include\meta\hashing\hashes\farm_hash.h(284): warning C4307: '*': integral constant overflow
c:\msys64\home\satvik\meta\include\meta\hashing\hashes\metro_hash.h(161): warning C4244: 'return': conversion from 'uint64_t' to '::size_t', possible loss of data
c:\msys64\home\satvik\meta\src\index\inverted_index.cpp(150): warning C4244: 'argument': conversion from 'uint64_t' to 'double', possible loss of data
c:\msys64\home\satvik\meta\src\index\inverted_index.cpp(280): warning C4244: 'argument': conversion from 'uint64_t' to 'double', possible loss of data
c:\program files (x86)\microsoft visual studio\2017\community\vc\tools\msvc\14.13.26128\include\xutility(2440): warning C4996: 'std::copy::_Unchecked_iterators::_Deprecate': Call to 'std::copy' with parameters that may be unsafe - this call relies on the caller to check that the passed values are correct. To disable this warning, use -D_SCL_SECURE_NO_WARNINGS. See documentation on how to use Visual C++ 'Checked Iterators'
  c:\program files (x86)\microsoft visual studio\2017\community\vc\tools\msvc\14.13.26128\include\xutility(2440): note: see declaration of 'std::copy::_Unchecked_iterators::_Deprecate'
  c:\msys64\home\satvik\meta\include\meta\hashing\hashes\farm_hash.h(269): note: see reference to function template instantiation '_OutIt std::copy<const uint8_t*,uint8_t*>(_InIt,_InIt,_OutIt)' being compiled
          with
          [
              _OutIt=uint8_t *,
              _InIt=const uint8_t *
          ]
c:\msys64\home\satvik\meta\include\meta\util\disk_vector.tcc(60): warning C4244: 'argument': conversion from 'uint64_t' to '::size_t', possible loss of data
  c:\msys64\home\satvik\meta\include\meta\util\disk_vector.tcc(17): note: while compiling class template member function 'meta::util::disk_vector<const uint64_t>::disk_vector(const std::string &,uint64_t)'
  c:\msys64\home\satvik\meta\include\meta\index\postings_file.h(42): note: see reference to function template instantiation 'meta::util::disk_vector<const uint64_t>::disk_vector(const std::string &,uint64_t)' being compiled
  c:\msys64\home\satvik\meta\include\meta\index\metadata_file.h(79): note: see reference to class template instantiation 'meta::util::disk_vector<const uint64_t>' being compiled
c:\msys64\home\satvik\meta\include\meta\util\disk_vector.tcc(99): warning C4244: 'argument': conversion from 'uint64_t' to '::size_t', possible loss of data
  c:\msys64\home\satvik\meta\include\meta\util\disk_vector.tcc(95): note: while compiling class template member function 'meta::util::disk_vector<const uint64_t>::~disk_vector(void)'
  c:\msys64\home\satvik\meta\src\index\inverted_index.cpp(289): note: see reference to function template instantiation 'meta::util::disk_vector<const uint64_t>::~disk_vector(void)' being compiled
c:\program files (x86)\microsoft visual studio\2017\community\vc\tools\msvc\14.13.26128\include\numeric(25): warning C4244: '=': conversion from 'uint64_t' to 'unsigned long', possible loss of data
  c:\msys64\home\satvik\meta\src\index\inverted_index.cpp(237): note: see reference to function template instantiation '_Ty std::accumulate<meta::hashing::key_value_storage_iterator<meta::hashing::external_key_value_storage<K,V,ProbingStrategy,Hash,KeyEqual>>,unsigned long,meta::index::inverted_index::impl::tokenize_docs::<lambda_30fb326bfa9eee18b3d68dd42efdbb2d>::()::<lambda_12b6e5faf711bbf5afdc0f7f05454b10>>(_InIt,const _InIt,_Ty,_Fn)' being compiled
          with
          [
              _Ty=unsigned long,
              K=std::string,
              V=uint64_t,
              ProbingStrategy=meta::hashing::probing::binary,
              Hash=meta::hashing::hash<meta::hashing::default_hasher<4>::type>,
              KeyEqual=std::equal_to<std::string>,
              _InIt=meta::hashing::key_value_storage_iterator<meta::hashing::external_key_value_storage<std::string,uint64_t,meta::hashing::probing::binary,meta::hashing::hash<meta::hashing::default_hasher<4>::type>,std::equal_to<std::string>>>,
              _Fn=meta::index::inverted_index::impl::tokenize_docs::<lambda_30fb326bfa9eee18b3d68dd42efdbb2d>::()::<lambda_12b6e5faf711bbf5afdc0f7f05454b10>
          ]
c:\program files (x86)\microsoft visual studio\2017\community\vc\tools\msvc\14.13.26128\include\utility(234): warning C4244: 'initializing': conversion from 'double' to 'uint64_t', possible loss of data
  c:\msys64\home\satvik\meta\include\meta\index\postings_stream.h(189): note: see reference to function template instantiation 'std::pair<SecondaryKey,FeatureValue>::pair<meta::util::numerical_identifier<meta::doc_id_tag,uint64_t>,double,0>(std::pair<meta::util::numerical_identifier<meta::doc_id_tag,uint64_t>,double> &&) noexcept' being compiled
          with
          [
              SecondaryKey=meta::doc_id,
              FeatureValue=uint64_t
          ]
  c:\msys64\home\satvik\meta\include\meta\index\postings_stream.h(188): note: see reference to function template instantiation 'std::pair<SecondaryKey,FeatureValue>::pair<meta::util::numerical_identifier<meta::doc_id_tag,uint64_t>,double,0>(std::pair<meta::util::numerical_identifier<meta::doc_id_tag,uint64_t>,double> &&) noexcept' being compiled
          with
          [
              SecondaryKey=meta::doc_id,
              FeatureValue=uint64_t
          ]
  c:\msys64\home\satvik\meta\include\meta\index\postings_stream.h(184): note: while compiling class template member function 'meta::index::postings_stream<meta::doc_id,uint64_t>::iterator::iterator(const char *,uint64_t)'
  c:\msys64\home\satvik\meta\include\meta\index\postings_stream.h(204): note: see reference to function template instantiation 'meta::index::postings_stream<meta::doc_id,uint64_t>::iterator::iterator(const char *,uint64_t)' being compiled
  c:\msys64\home\satvik\meta\include\meta\index\postings_file.h(77): note: see reference to class template instantiation 'meta::index::postings_stream<meta::doc_id,uint64_t>::iterator' being compiled
  c:\msys64\home\satvik\meta\include\meta\index\postings_file.h(69): note: while compiling class template member function 'std::shared_ptr<meta::index::inverted_index::postings_data_type> meta::index::postings_file<meta::index::inverted_index::primary_key_type,meta::index::inverted_index::secondary_key_type,uint64_t>::find(PrimaryKey) const'
          with
          [
              PrimaryKey=meta::index::inverted_index::primary_key_type
          ]
  c:\msys64\home\satvik\meta\src\index\inverted_index.cpp(332): note: see reference to function template instantiation 'std::shared_ptr<meta::index::inverted_index::postings_data_type> meta::index::postings_file<meta::index::inverted_index::primary_key_type,meta::index::inverted_index::secondary_key_type,uint64_t>::find(PrimaryKey) const' being compiled
          with
          [
              PrimaryKey=meta::index::inverted_index::primary_key_type
          ]
  c:\msys64\home\satvik\meta\include\meta\util\optional.h(78): note: see reference to class template instantiation 'meta::index::postings_file<meta::index::inverted_index::primary_key_type,meta::index::inverted_index::secondary_key_type,uint64_t>' being compiled
  c:\msys64\home\satvik\meta\include\meta\util\optional.h(252): note: see reference to class template instantiation 'meta::util::optional_storage<T>' being compiled
          with
          [
              T=meta::index::postings_file<meta::index::inverted_index::primary_key_type,meta::index::inverted_index::secondary_key_type,uint64_t>
          ]
  c:\msys64\home\satvik\meta\src\index\inverted_index.cpp(69): note: see reference to class template instantiation 'meta::util::optional<meta::index::postings_file<meta::index::inverted_index::primary_key_type,meta::index::inverted_index::secondary_key_type,uint64_t>>' being compiled
c:\msys64\home\satvik\meta\include\meta\index\postings_buffer.h(135): warning C4244: '+=': conversion from 'uint64_t' to '::size_t', possible loss of data
  c:\msys64\home\satvik\meta\include\meta\index\postings_buffer.h(127): note: while compiling class template member function 'size_t meta::index::postings_buffer<std::basic_string<char,std::char_traits<char>,std::allocator<char>>,meta::util::numerical_identifier<meta::doc_id_tag,uint64_t>,uint64_t>::bytes_used(void) const'
  c:\msys64\home\satvik\meta\include\meta\index\postings_inverter.tcc(60): note: see reference to function template instantiation 'size_t meta::index::postings_buffer<std::basic_string<char,std::char_traits<char>,std::allocator<char>>,meta::util::numerical_identifier<meta::doc_id_tag,uint64_t>,uint64_t>::bytes_used(void) const' being compiled
  c:\msys64\home\satvik\meta\include\meta\index\postings_inverter.tcc(38): note: see reference to class template instantiation 'meta::index::postings_buffer<std::basic_string<char,std::char_traits<char>,std::allocator<char>>,meta::util::numerical_identifier<meta::doc_id_tag,uint64_t>,uint64_t>' being compiled
  c:\msys64\home\satvik\meta\src\index\inverted_index.cpp(243): note: see reference to function template instantiation 'void meta::index::postings_inverter<meta::index::inverted_index>::producer::operator ()<meta::hashing::probe_map<std::string,uint64_t,meta::hashing::probing::binary,meta::hashing::hash<meta::hashing::default_hasher<4>::type>,std::equal_to<_Kty>,meta::hashing::hash_traits<meta::hashing::kv_pair<Key,Value>>>>(const meta::util::numerical_identifier<meta::doc_id_tag,uint64_t> &,const Container &)' being compiled
          with
          [
              _Kty=std::string,
              Key=std::string,
              Value=uint64_t,
              Container=meta::hashing::probe_map<std::string,uint64_t,meta::hashing::probing::binary,meta::hashing::hash<meta::hashing::default_hasher<4>::type>,std::equal_to<std::string>,meta::hashing::hash_traits<meta::hashing::kv_pair<std::string,uint64_t>>>
          ]
  c:\msys64\home\satvik\meta\src\index\inverted_index.cpp(243): note: see reference to function template instantiation 'void meta::index::postings_inverter<meta::index::inverted_index>::producer::operator ()<meta::hashing::probe_map<std::string,uint64_t,meta::hashing::probing::binary,meta::hashing::hash<meta::hashing::default_hasher<4>::type>,std::equal_to<_Kty>,meta::hashing::hash_traits<meta::hashing::kv_pair<Key,Value>>>>(const meta::util::numerical_identifier<meta::doc_id_tag,uint64_t> &,const Container &)' being compiled
          with
          [
              _Kty=std::string,
              Key=std::string,
              Value=uint64_t,
              Container=meta::hashing::probe_map<std::string,uint64_t,meta::hashing::probing::binary,meta::hashing::hash<meta::hashing::default_hasher<4>::type>,std::equal_to<std::string>,meta::hashing::hash_traits<meta::hashing::kv_pair<std::string,uint64_t>>>
          ]
c:\msys64\home\satvik\meta\include\meta\util\sparse_vector.tcc(88): warning C4244: 'argument': conversion from 'uint64_t' to 'const unsigned int', possible loss of data
  c:\msys64\home\satvik\meta\include\meta\util\sparse_vector.tcc(87): note: while compiling class template member function 'void meta::util::sparse_vector<SecondaryKey,FeatureValue>::reserve(uint64_t)'
          with
          [
              SecondaryKey=meta::doc_id,
              FeatureValue=uint64_t
          ]
  c:\msys64\home\satvik\meta\include\meta\index\postings_data.tcc(216): note: see reference to function template instantiation 'void meta::util::sparse_vector<SecondaryKey,FeatureValue>::reserve(uint64_t)' being compiled
          with
          [
              SecondaryKey=meta::doc_id,
              FeatureValue=uint64_t
          ]
  c:\msys64\home\satvik\meta\include\meta\index\postings_data.tcc(73): note: while compiling class template member function 'uint64_t meta::index::postings_data<meta::term_id,meta::doc_id,uint64_t>::count(SecondaryKey) const'
          with
          [
              SecondaryKey=meta::doc_id
          ]
  c:\msys64\home\satvik\meta\src\index\inverted_index.cpp(294): note: see reference to function template instantiation 'uint64_t meta::index::postings_data<meta::term_id,meta::doc_id,uint64_t>::count(SecondaryKey) const' being compiled
          with
          [
              SecondaryKey=meta::doc_id
          ]
  c:\msys64\home\satvik\meta\src\index\inverted_index.cpp(294): note: see reference to class template instantiation 'meta::index::postings_data<meta::term_id,meta::doc_id,uint64_t>' being compiled
c:\msys64\home\satvik\meta\include\meta\hashing\hash.h(351): warning C4244: 'argument': conversion from 'uint64_t' to 'meta::hashing::murmur_hash<4>::result_type', possible loss of data
  c:\msys64\home\satvik\meta\include\meta\hashing\hash_storage.h(515): note: see reference to function template instantiation 'unsigned int meta::hashing::hash<meta::hashing::default_hasher<4>::type>::operator ()<meta::index::postings_buffer<std::basic_string<char,std::char_traits<char>,std::allocator<char>>,meta::util::numerical_identifier<meta::doc_id_tag,uint64_t>,uint64_t>>(const T &) const' being compiled
          with
          [
              T=meta::index::postings_buffer<std::basic_string<char,std::char_traits<char>,std::allocator<char>>,meta::util::numerical_identifier<meta::doc_id_tag,uint64_t>,uint64_t>
          ]
  c:\msys64\home\satvik\meta\include\meta\hashing\hash_storage.h(515): note: see reference to function template instantiation 'unsigned int meta::hashing::hash<meta::hashing::default_hasher<4>::type>::operator ()<meta::index::postings_buffer<std::basic_string<char,std::char_traits<char>,std::allocator<char>>,meta::util::numerical_identifier<meta::doc_id_tag,uint64_t>,uint64_t>>(const T &) const' being compiled
          with
          [
              T=meta::index::postings_buffer<std::basic_string<char,std::char_traits<char>,std::allocator<char>>,meta::util::numerical_identifier<meta::doc_id_tag,uint64_t>,uint64_t>
          ]
  c:\msys64\home\satvik\meta\include\meta\hashing\hash_storage.h(514): note: while compiling class template member function 'meta::hashing::key_storage_iterator<meta::hashing::external_key_storage<T,ProbingStrategy,Hash,KeyEqual>> meta::hashing::storage_base<meta::hashing::external_key_storage<T,ProbingStrategy,Hash,KeyEqual>>::find(const meta::index::postings_buffer<std::basic_string<char,std::char_traits<char>,std::allocator<char>>,meta::util::numerical_identifier<meta::doc_id_tag,uint64_t>,uint64_t> &)'
          with
          [
              T=meta::index::postings_buffer<std::basic_string<char,std::char_traits<char>,std::allocator<char>>,meta::util::numerical_identifier<meta::doc_id_tag,uint64_t>,uint64_t>,
              ProbingStrategy=meta::hashing::probing::binary,
              Hash=meta::hashing::hash<meta::hashing::default_hasher<4>::type>,
              KeyEqual=std::equal_to<meta::index::postings_buffer<std::basic_string<char,std::char_traits<char>,std::allocator<char>>,meta::util::numerical_identifier<meta::doc_id_tag,uint64_t>,uint64_t>>
          ]
  c:\msys64\home\satvik\meta\include\meta\index\postings_inverter.tcc(39): note: see reference to function template instantiation 'meta::hashing::key_storage_iterator<meta::hashing::external_key_storage<T,ProbingStrategy,Hash,KeyEqual>> meta::hashing::storage_base<meta::hashing::external_key_storage<T,ProbingStrategy,Hash,KeyEqual>>::find(const meta::index::postings_buffer<std::basic_string<char,std::char_traits<char>,std::allocator<char>>,meta::util::numerical_identifier<meta::doc_id_tag,uint64_t>,uint64_t> &)' being compiled
          with
          [
              T=meta::index::postings_buffer<std::basic_string<char,std::char_traits<char>,std::allocator<char>>,meta::util::numerical_identifier<meta::doc_id_tag,uint64_t>,uint64_t>,
              ProbingStrategy=meta::hashing::probing::binary,
              Hash=meta::hashing::hash<meta::hashing::default_hasher<4>::type>,
              KeyEqual=std::equal_to<meta::index::postings_buffer<std::basic_string<char,std::char_traits<char>,std::allocator<char>>,meta::util::numerical_identifier<meta::doc_id_tag,uint64_t>,uint64_t>>
          ]
  c:\msys64\home\satvik\meta\include\meta\hashing\hash_storage.h(578): note: see reference to class template instantiation 'meta::hashing::storage_base<meta::hashing::external_key_storage<T,ProbingStrategy,Hash,KeyEqual>>' being compiled
          with
          [
              T=meta::index::postings_buffer<std::basic_string<char,std::char_traits<char>,std::allocator<char>>,meta::util::numerical_identifier<meta::doc_id_tag,uint64_t>,uint64_t>,
              ProbingStrategy=meta::hashing::probing::binary,
              Hash=meta::hashing::hash<meta::hashing::default_hasher<4>::type>,
              KeyEqual=std::equal_to<meta::index::postings_buffer<std::basic_string<char,std::char_traits<char>,std::allocator<char>>,meta::util::numerical_identifier<meta::doc_id_tag,uint64_t>,uint64_t>>
          ]
  c:\msys64\home\satvik\meta\include\meta\hashing\probe_set.h(45): note: see reference to class template instantiation 'meta::hashing::external_key_storage<T,ProbingStrategy,Hash,KeyEqual>' being compiled
          with
          [
              T=meta::index::postings_buffer<std::basic_string<char,std::char_traits<char>,std::allocator<char>>,meta::util::numerical_identifier<meta::doc_id_tag,uint64_t>,uint64_t>,
              ProbingStrategy=meta::hashing::probing::binary,
              Hash=meta::hashing::hash<meta::hashing::default_hasher<4>::type>,
              KeyEqual=std::equal_to<meta::index::postings_buffer<std::basic_string<char,std::char_traits<char>,std::allocator<char>>,meta::util::numerical_identifier<meta::doc_id_tag,uint64_t>,uint64_t>>
          ]
  c:\msys64\home\satvik\meta\include\meta\index\postings_inverter.h(84): note: see reference to class template instantiation 'meta::hashing::probe_set<meta::index::postings_buffer<std::basic_string<char,std::char_traits<char>,std::allocator<char>>,meta::util::numerical_identifier<meta::doc_id_tag,uint64_t>,uint64_t>,meta::hashing::probing::binary,meta::hashing::hash<meta::hashing::default_hasher<4>::type>,std::equal_to<Key>,meta::hashing::hash_traits<Key>>' being compiled
          with
          [
              Key=meta::index::postings_buffer<std::basic_string<char,std::char_traits<char>,std::allocator<char>>,meta::util::numerical_identifier<meta::doc_id_tag,uint64_t>,uint64_t>
          ]
  c:\msys64\home\satvik\meta\src\index\inverted_index.cpp(193): note: see reference to class template instantiation 'meta::index::postings_inverter<meta::index::inverted_index>::producer' being compiled
c:\msys64\home\satvik\meta\include\meta\analyzers\featurizer.h(97): warning C4244: '+=': conversion from 'double' to 'uint64_t', possible loss of data
  c:\msys64\home\satvik\meta\include\meta\analyzers\featurizer.h(93): note: while compiling class template member function 'void meta::analyzers::featurizer::concrete_map<T>::increment(const std::string &,double)'
          with
          [
              T=uint64_t
          ]
  c:\program files (x86)\microsoft visual studio\2017\community\vc\tools\msvc\14.13.26128\include\type_traits(519): note: see reference to class template instantiation 'meta::analyzers::featurizer::concrete_map<T>' being compiled
          with
          [
              T=uint64_t
          ]
  c:\program files (x86)\microsoft visual studio\2017\community\vc\tools\msvc\14.13.26128\include\type_traits(1345): note: see reference to class template instantiation 'std::is_convertible<meta::analyzers::featurizer::concrete_map<T> *,_Ty *>' being compiled
          with
          [
              T=uint64_t,
              _Ty=meta::analyzers::featurizer::map_concept
          ]
  c:\program files (x86)\microsoft visual studio\2017\community\vc\tools\msvc\14.13.26128\include\type_traits(1357): note: see reference to class template instantiation 'std::_Conjunction<true,_First,std::is_convertible<meta::analyzers::featurizer::concrete_map<T> *,_Ty *>,std::is_convertible<std::default_delete<meta::analyzers::featurizer::concrete_map<T>>,std::default_delete<_Ty>>>' being compiled
          with
          [
              _First=std::negation<std::is_array<meta::analyzers::featurizer::concrete_map<uint64_t>>>,
              T=uint64_t,
              _Ty=meta::analyzers::featurizer::map_concept
          ]
  c:\program files (x86)\microsoft visual studio\2017\community\vc\tools\msvc\14.13.26128\include\type_traits(1363): note: see reference to class template instantiation 'std::conjunction<std::negation<std::is_array<_Ty>>,std::is_convertible<meta::analyzers::featurizer::concrete_map<T> *,meta::analyzers::featurizer::map_concept *>,std::is_convertible<std::default_delete<_Ty>,std::default_delete<meta::analyzers::featurizer::map_concept>>>' being compiled
          with
          [
              _Ty=meta::analyzers::featurizer::concrete_map<uint64_t>,
              T=uint64_t
          ]
  c:\msys64\home\satvik\meta\include\meta\analyzers\featurizer.h(97): note: see reference to variable template 'const bool conjunction_v<std::negation<std::is_array<meta::analyzers::featurizer::concrete_map<unsigned __int64> > >,std::is_convertible<meta::analyzers::featurizer::concrete_map<unsigned __int64> *,meta::analyzers::featurizer::map_concept *>,std::is_convertible<std::default_delete<meta::analyzers::featurizer::concrete_map<unsigned __int64> >,std::default_delete<meta::analyzers::featurizer::map_concept> > >' being compiled
  c:\msys64\home\satvik\meta\include\meta\analyzers\analyzer.h(70): note: see reference to function template instantiation 'meta::analyzers::featurizer::featurizer<uint64_t>(meta::hashing::probe_map<std::string,uint64_t,meta::hashing::probing::binary,meta::hashing::hash<meta::hashing::default_hasher<4>::type>,std::equal_to<_Kty>,meta::hashing::hash_traits<meta::hashing::kv_pair<Key,Value>>> &)' being compiled
          with
          [
              _Kty=std::string,
              Key=std::string,
              Value=uint64_t
          ]
  c:\msys64\home\satvik\meta\src\index\inverted_index.cpp(221): note: see reference to function template instantiation 'meta::hashing::probe_map<std::string,uint64_t,meta::hashing::probing::binary,meta::hashing::hash<meta::hashing::default_hasher<4>::type>,std::equal_to<_Kty>,meta::hashing::hash_traits<meta::hashing::kv_pair<Key,Value>>> meta::analyzers::analyzer::analyze<uint64_t>(const meta::corpus::document &)' being compiled
          with
          [
              _Kty=std::string,
              Key=std::string,
              Value=uint64_t
          ]
c:\msys64\home\satvik\meta\include\meta\util\disk_vector.tcc(83): warning C4244: 'argument': conversion from 'uint64_t' to '::size_t', possible loss of data
  c:\msys64\home\satvik\meta\include\meta\util\disk_vector.tcc(78): note: while compiling class template member function 'meta::util::disk_vector<const uint64_t> &meta::util::disk_vector<const uint64_t>::operator =(meta::util::disk_vector<const uint64_t> &&)'
  c:\msys64\home\satvik\meta\src\index\inverted_index.cpp(342): note: see reference to function template instantiation 'meta::util::disk_vector<const uint64_t> &meta::util::disk_vector<const uint64_t>::operator =(meta::util::disk_vector<const uint64_t> &&)' being compiled
  c:\msys64\home\satvik\meta\include\meta\util\disk_vector.tcc(68): note: while compiling class template member function 'meta::util::disk_vector<const uint64_t>::disk_vector(meta::util::disk_vector<const uint64_t> &&)'
  c:\msys64\home\satvik\meta\src\index\inverted_index.cpp(342): note: see reference to function template instantiation 'meta::util::disk_vector<const uint64_t>::disk_vector(meta::util::disk_vector<const uint64_t> &&)' being compiled
  c:\msys64\home\satvik\meta\include\meta\index\postings_inverter.tcc(115): note: while compiling class template member function 'meta::index::postings_inverter<meta::index::inverted_index>::postings_inverter(const std::string &,unsigned int)'
  c:\msys64\home\satvik\meta\src\index\inverted_index.cpp(137): note: see reference to function template instantiation 'meta::index::postings_inverter<meta::index::inverted_index>::postings_inverter(const std::string &,unsigned int)' being compiled
  c:\msys64\home\satvik\meta\src\index\inverted_index.cpp(137): note: see reference to class template instantiation 'meta::index::postings_inverter<meta::index::inverted_index>' being compiled
  metadata_file.cpp
c:\msys64\home\satvik\meta\include\meta\hashing\hashes\farm_hash.h(284): warning C4307: '*': integral constant overflow
c:\msys64\home\satvik\meta\include\meta\hashing\hashes\metro_hash.h(161): warning C4244: 'return': conversion from 'uint64_t' to '::size_t', possible loss of data
c:\msys64\home\satvik\meta\src\index\metadata_file.cpp(46): warning C4244: 'argument': conversion from 'uint64_t' to 'const unsigned int', possible loss of data
c:\program files (x86)\microsoft visual studio\2017\community\vc\tools\msvc\14.13.26128\include\xutility(2440): warning C4996: 'std::copy::_Unchecked_iterators::_Deprecate': Call to 'std::copy' with parameters that may be unsafe - this call relies on the caller to check that the passed values are correct. To disable this warning, use -D_SCL_SECURE_NO_WARNINGS. See documentation on how to use Visual C++ 'Checked Iterators'
  c:\program files (x86)\microsoft visual studio\2017\community\vc\tools\msvc\14.13.26128\include\xutility(2440): note: see declaration of 'std::copy::_Unchecked_iterators::_Deprecate'
  c:\msys64\home\satvik\meta\include\meta\hashing\hashes\farm_hash.h(269): note: see reference to function template instantiation '_OutIt std::copy<const uint8_t*,uint8_t*>(_InIt,_InIt,_OutIt)' being compiled
          with
          [
              _OutIt=uint8_t *,
              _InIt=const uint8_t *
          ]
c:\msys64\home\satvik\meta\include\meta\util\disk_vector.tcc(60): warning C4244: 'argument': conversion from 'uint64_t' to '::size_t', possible loss of data
  c:\msys64\home\satvik\meta\include\meta\util\disk_vector.tcc(17): note: while compiling class template member function 'meta::util::disk_vector<const uint64_t>::disk_vector(const std::string &,uint64_t)'
  c:\msys64\home\satvik\meta\src\index\metadata_file.cpp(39): note: see reference to function template instantiation 'meta::util::disk_vector<const uint64_t>::disk_vector(const std::string &,uint64_t)' being compiled
  c:\msys64\home\satvik\meta\include\meta\index\metadata_file.h(79): note: see reference to class template instantiation 'meta::util::disk_vector<const uint64_t>' being compiled
c:\msys64\home\satvik\meta\include\meta\util\disk_vector.tcc(99): warning C4244: 'argument': conversion from 'uint64_t' to '::size_t', possible loss of data
  c:\msys64\home\satvik\meta\include\meta\util\disk_vector.tcc(95): note: while compiling class template member function 'meta::util::disk_vector<const uint64_t>::~disk_vector(void)'
  c:\msys64\home\satvik\meta\src\index\metadata_file.cpp(39): note: see reference to function template instantiation 'meta::util::disk_vector<const uint64_t>::~disk_vector(void)' being compiled
  metadata_writer.cpp
c:\msys64\home\satvik\meta\include\meta\hashing\hashes\farm_hash.h(284): warning C4307: '*': integral constant overflow
c:\msys64\home\satvik\meta\include\meta\hashing\hashes\metro_hash.h(161): warning C4244: 'return': conversion from 'uint64_t' to '::size_t', possible loss of data
c:\program files (x86)\microsoft visual studio\2017\community\vc\tools\msvc\14.13.26128\include\xutility(2440): warning C4996: 'std::copy::_Unchecked_iterators::_Deprecate': Call to 'std::copy' with parameters that may be unsafe - this call relies on the caller to check that the passed values are correct. To disable this warning, use -D_SCL_SECURE_NO_WARNINGS. See documentation on how to use Visual C++ 'Checked Iterators'
  c:\program files (x86)\microsoft visual studio\2017\community\vc\tools\msvc\14.13.26128\include\xutility(2440): note: see declaration of 'std::copy::_Unchecked_iterators::_Deprecate'
  c:\msys64\home\satvik\meta\include\meta\hashing\hashes\farm_hash.h(269): note: see reference to function template instantiation '_OutIt std::copy<const uint8_t*,uint8_t*>(_InIt,_InIt,_OutIt)' being compiled
          with
          [
              _OutIt=uint8_t *,
              _InIt=const uint8_t *
          ]
c:\msys64\home\satvik\meta\include\meta\util\disk_vector.tcc(60): warning C4244: 'argument': conversion from 'uint64_t' to '::size_t', possible loss of data
  c:\msys64\home\satvik\meta\include\meta\util\disk_vector.tcc(17): note: while compiling class template member function 'meta::util::disk_vector<uint64_t>::disk_vector(const std::string &,uint64_t)'
  c:\msys64\home\satvik\meta\src\index\metadata_writer.cpp(16): note: see reference to function template instantiation 'meta::util::disk_vector<uint64_t>::disk_vector(const std::string &,uint64_t)' being compiled
  c:\msys64\home\satvik\meta\include\meta\index\metadata_writer.h(55): note: see reference to class template instantiation 'meta::util::disk_vector<uint64_t>' being compiled
c:\msys64\home\satvik\meta\include\meta\util\disk_vector.tcc(99): warning C4244: 'argument': conversion from 'uint64_t' to '::size_t', possible loss of data
  c:\msys64\home\satvik\meta\include\meta\util\disk_vector.tcc(95): note: while compiling class template member function 'meta::util::disk_vector<uint64_t>::~disk_vector(void)'
  c:\msys64\home\satvik\meta\src\index\metadata_writer.cpp(16): note: see reference to function template instantiation 'meta::util::disk_vector<uint64_t>::~disk_vector(void)' being compiled
  string_list.cpp
c:\msys64\home\satvik\meta\include\meta\hashing\hashes\farm_hash.h(284): warning C4307: '*': integral constant overflow
c:\msys64\home\satvik\meta\include\meta\hashing\hashes\metro_hash.h(161): warning C4244: 'return': conversion from 'uint64_t' to '::size_t', possible loss of data
c:\program files (x86)\microsoft visual studio\2017\community\vc\tools\msvc\14.13.26128\include\xutility(2440): warning C4996: 'std::copy::_Unchecked_iterators::_Deprecate': Call to 'std::copy' with parameters that may be unsafe - this call relies on the caller to check that the passed values are correct. To disable this warning, use -D_SCL_SECURE_NO_WARNINGS. See documentation on how to use Visual C++ 'Checked Iterators'
  c:\program files (x86)\microsoft visual studio\2017\community\vc\tools\msvc\14.13.26128\include\xutility(2440): note: see declaration of 'std::copy::_Unchecked_iterators::_Deprecate'
  c:\msys64\home\satvik\meta\include\meta\hashing\hashes\farm_hash.h(269): note: see reference to function template instantiation '_OutIt std::copy<const uint8_t*,uint8_t*>(_InIt,_InIt,_OutIt)' being compiled
          with
          [
              _OutIt=uint8_t *,
              _InIt=const uint8_t *
          ]
c:\msys64\home\satvik\meta\include\meta\util\disk_vector.tcc(60): warning C4244: 'argument': conversion from 'uint64_t' to '::size_t', possible loss of data
  c:\msys64\home\satvik\meta\include\meta\util\disk_vector.tcc(17): note: while compiling class template member function 'meta::util::disk_vector<uint64_t>::disk_vector(const std::string &,uint64_t)'
  c:\msys64\home\satvik\meta\src\index\string_list.cpp(14): note: see reference to function template instantiation 'meta::util::disk_vector<uint64_t>::disk_vector(const std::string &,uint64_t)' being compiled
  c:\msys64\home\satvik\meta\include\meta\index\string_list.h(65): note: see reference to class template instantiation 'meta::util::disk_vector<uint64_t>' being compiled
c:\msys64\home\satvik\meta\include\meta\util\disk_vector.tcc(99): warning C4244: 'argument': conversion from 'uint64_t' to '::size_t', possible loss of data
  c:\msys64\home\satvik\meta\include\meta\util\disk_vector.tcc(95): note: while compiling class template member function 'meta::util::disk_vector<uint64_t>::~disk_vector(void)'
  c:\msys64\home\satvik\meta\src\index\string_list.cpp(14): note: see reference to function template instantiation 'meta::util::disk_vector<uint64_t>::~disk_vector(void)' being compiled
  string_list_writer.cpp
c:\msys64\home\satvik\meta\include\meta\hashing\hashes\farm_hash.h(284): warning C4307: '*': integral constant overflow
c:\msys64\home\satvik\meta\include\meta\hashing\hashes\metro_hash.h(161): warning C4244: 'return': conversion from 'uint64_t' to '::size_t', possible loss of data
c:\program files (x86)\microsoft visual studio\2017\community\vc\tools\msvc\14.13.26128\include\xutility(2440): warning C4996: 'std::copy::_Unchecked_iterators::_Deprecate': Call to 'std::copy' with parameters that may be unsafe - this call relies on the caller to check that the passed values are correct. To disable this warning, use -D_SCL_SECURE_NO_WARNINGS. See documentation on how to use Visual C++ 'Checked Iterators'
  c:\program files (x86)\microsoft visual studio\2017\community\vc\tools\msvc\14.13.26128\include\xutility(2440): note: see declaration of 'std::copy::_Unchecked_iterators::_Deprecate'
  c:\msys64\home\satvik\meta\include\meta\hashing\hashes\farm_hash.h(269): note: see reference to function template instantiation '_OutIt std::copy<const uint8_t*,uint8_t*>(_InIt,_InIt,_OutIt)' being compiled
          with
          [
              _OutIt=uint8_t *,
              _InIt=const uint8_t *
          ]
c:\msys64\home\satvik\meta\include\meta\util\disk_vector.tcc(60): warning C4244: 'argument': conversion from 'uint64_t' to '::size_t', possible loss of data
  c:\msys64\home\satvik\meta\include\meta\util\disk_vector.tcc(17): note: while compiling class template member function 'meta::util::disk_vector<uint64_t>::disk_vector(const std::string &,uint64_t)'
  c:\msys64\home\satvik\meta\src\index\string_list_writer.cpp(17): note: see reference to function template instantiation 'meta::util::disk_vector<uint64_t>::disk_vector(const std::string &,uint64_t)' being compiled
  c:\msys64\home\satvik\meta\include\meta\index\string_list_writer.h(71): note: see reference to class template instantiation 'meta::util::disk_vector<uint64_t>' being compiled
c:\msys64\home\satvik\meta\include\meta\util\disk_vector.tcc(83): warning C4244: 'argument': conversion from 'uint64_t' to '::size_t', possible loss of data
  c:\msys64\home\satvik\meta\include\meta\util\disk_vector.tcc(78): note: while compiling class template member function 'meta::util::disk_vector<uint64_t> &meta::util::disk_vector<uint64_t>::operator =(meta::util::disk_vector<uint64_t> &&)'
  c:\msys64\home\satvik\meta\src\index\string_list_writer.cpp(36): note: see reference to function template instantiation 'meta::util::disk_vector<uint64_t> &meta::util::disk_vector<uint64_t>::operator =(meta::util::disk_vector<uint64_t> &&)' being compiled
c:\msys64\home\satvik\meta\include\meta\util\disk_vector.tcc(99): warning C4244: 'argument': conversion from 'uint64_t' to '::size_t', possible loss of data
  c:\msys64\home\satvik\meta\include\meta\util\disk_vector.tcc(95): note: while compiling class template member function 'meta::util::disk_vector<uint64_t>::~disk_vector(void)'
  c:\msys64\home\satvik\meta\src\index\string_list_writer.cpp(17): note: see reference to function template instantiation 'meta::util::disk_vector<uint64_t>::~disk_vector(void)' being compiled
  vocabulary_map.cpp
c:\msys64\home\satvik\meta\include\meta\hashing\hashes\farm_hash.h(284): warning C4307: '*': integral constant overflow
c:\msys64\home\satvik\meta\include\meta\hashing\hashes\metro_hash.h(161): warning C4244: 'return': conversion from 'uint64_t' to '::size_t', possible loss of data
c:\program files (x86)\microsoft visual studio\2017\community\vc\tools\msvc\14.13.26128\include\xutility(2440): warning C4996: 'std::copy::_Unchecked_iterators::_Deprecate': Call to 'std::copy' with parameters that may be unsafe - this call relies on the caller to check that the passed values are correct. To disable this warning, use -D_SCL_SECURE_NO_WARNINGS. See documentation on how to use Visual C++ 'Checked Iterators'
  c:\program files (x86)\microsoft visual studio\2017\community\vc\tools\msvc\14.13.26128\include\xutility(2440): note: see declaration of 'std::copy::_Unchecked_iterators::_Deprecate'
  c:\msys64\home\satvik\meta\include\meta\hashing\hashes\farm_hash.h(269): note: see reference to function template instantiation '_OutIt std::copy<const uint8_t*,uint8_t*>(_InIt,_InIt,_OutIt)' being compiled
          with
          [
              _OutIt=uint8_t *,
              _InIt=const uint8_t *
          ]
c:\msys64\home\satvik\meta\include\meta\util\disk_vector.tcc(60): warning C4244: 'argument': conversion from 'uint64_t' to '::size_t', possible loss of data
  c:\msys64\home\satvik\meta\include\meta\util\disk_vector.tcc(17): note: while compiling class template member function 'meta::util::disk_vector<const uint64_t>::disk_vector(const std::string &,uint64_t)'
  c:\msys64\home\satvik\meta\src\index\vocabulary_map.cpp(17): note: see reference to function template instantiation 'meta::util::disk_vector<const uint64_t>::disk_vector(const std::string &,uint64_t)' being compiled
  c:\msys64\home\satvik\meta\include\meta\index\vocabulary_map.h(41): note: see reference to class template instantiation 'meta::util::disk_vector<const uint64_t>' being compiled
c:\msys64\home\satvik\meta\include\meta\util\disk_vector.tcc(99): warning C4244: 'argument': conversion from 'uint64_t' to '::size_t', possible loss of data
  c:\msys64\home\satvik\meta\include\meta\util\disk_vector.tcc(95): note: while compiling class template member function 'meta::util::disk_vector<const uint64_t>::~disk_vector(void)'
  c:\msys64\home\satvik\meta\src\index\vocabulary_map.cpp(17): note: see reference to function template instantiation 'meta::util::disk_vector<const uint64_t>::~disk_vector(void)' being compiled
  vocabulary_map_writer.cpp
c:\msys64\home\satvik\meta\include\meta\hashing\hashes\farm_hash.h(284): warning C4307: '*': integral constant overflow
c:\msys64\home\satvik\meta\include\meta\hashing\hashes\metro_hash.h(161): warning C4244: 'return': conversion from 'uint64_t' to '::size_t', possible loss of data
c:\msys64\home\satvik\meta\src\index\vocabulary_map_writer.cpp(134): warning C4244: '-=': conversion from 'int64_t' to 'uint16_t', possible loss of data
c:\program files (x86)\microsoft visual studio\2017\community\vc\tools\msvc\14.13.26128\include\xutility(2440): warning C4996: 'std::copy::_Unchecked_iterators::_Deprecate': Call to 'std::copy' with parameters that may be unsafe - this call relies on the caller to check that the passed values are correct. To disable this warning, use -D_SCL_SECURE_NO_WARNINGS. See documentation on how to use Visual C++ 'Checked Iterators'
  c:\program files (x86)\microsoft visual studio\2017\community\vc\tools\msvc\14.13.26128\include\xutility(2440): note: see declaration of 'std::copy::_Unchecked_iterators::_Deprecate'
  c:\msys64\home\satvik\meta\include\meta\hashing\hashes\farm_hash.h(269): note: see reference to function template instantiation '_OutIt std::copy<const uint8_t*,uint8_t*>(_InIt,_InIt,_OutIt)' being compiled
          with
          [
              _OutIt=uint8_t *,
              _InIt=const uint8_t *
          ]
  Generating Code...
  meta-index.vcxproj -> C:\Users\Satvik\of_v0.9.8_vs_release\apps\myApps\final-project-ssethia2\lib\Debug\meta-index.lib
