  Building Custom Rule C:/msys64/home/Satvik/meta/src/tools/CMakeLists.txt
  CMake does not need to re-run because C:/Users/Satvik/of_v0.9.8_vs_release/apps/myApps/final-project-ssethia2/src/tools/CMakeFiles/generate.stamp is up-to-date.
  mph_vocab.cpp
c:\msys64\home\satvik\meta\include\meta\hashing\hashes\farm_hash.h(284): warning C4307: '*': integral constant overflow
c:\msys64\home\satvik\meta\include\meta\hashing\hashes\metro_hash.h(161): warning C4244: 'return': conversion from 'uint64_t' to '::size_t', possible loss of data
c:\msys64\home\satvik\meta\include\meta\hashing\perfect_hash_builder.tcc(343): warning C4244: 'argument': conversion from 'unsigned __int64' to 'unsigned int', possible loss of data
c:\msys64\home\satvik\meta\include\meta\hashing\perfect_hash_builder.tcc(345): warning C4244: 'argument': conversion from 'unsigned __int64' to 'unsigned int', possible loss of data
c:\msys64\home\satvik\meta\include\meta\hashing\perfect_hash_builder.tcc(353): warning C4244: 'argument': conversion from 'unsigned __int64' to 'unsigned int', possible loss of data
c:\msys64\home\satvik\meta\src\tools\mph_vocab.cpp(44): warning C4244: 'argument': conversion from 'uint64_t' to 'const unsigned int', possible loss of data
c:\msys64\home\satvik\meta\src\tools\mph_vocab.cpp(48): warning C4244: 'argument': conversion from 'uint64_t' to 'const unsigned int', possible loss of data
c:\msys64\home\satvik\meta\src\tools\mph_vocab.cpp(50): warning C4244: 'argument': conversion from 'uint64_t' to 'const unsigned int', possible loss of data
c:\msys64\home\satvik\meta\src\tools\mph_vocab.cpp(54): warning C4244: 'argument': conversion from 'uint64_t' to 'const unsigned int', possible loss of data
c:\program files (x86)\microsoft visual studio\2017\community\vc\tools\msvc\14.13.26128\include\xutility(2440): warning C4996: 'std::copy::_Unchecked_iterators::_Deprecate': Call to 'std::copy' with parameters that may be unsafe - this call relies on the caller to check that the passed values are correct. To disable this warning, use -D_SCL_SECURE_NO_WARNINGS. See documentation on how to use Visual C++ 'Checked Iterators'
  c:\program files (x86)\microsoft visual studio\2017\community\vc\tools\msvc\14.13.26128\include\xutility(2440): note: see declaration of 'std::copy::_Unchecked_iterators::_Deprecate'
  c:\msys64\home\satvik\meta\include\meta\hashing\hashes\farm_hash.h(269): note: see reference to function template instantiation '_OutIt std::copy<const uint8_t*,uint8_t*>(_InIt,_InIt,_OutIt)' being compiled
          with
          [
              _OutIt=uint8_t *,
              _InIt=const uint8_t *
          ]
c:\msys64\home\satvik\meta\include\meta\util\disk_vector.tcc(99): warning C4244: 'argument': conversion from 'uint64_t' to '::size_t', possible loss of data
  c:\msys64\home\satvik\meta\include\meta\util\disk_vector.tcc(95): note: while compiling class template member function 'meta::util::disk_vector<int64_t>::~disk_vector(void)'
  c:\msys64\home\satvik\meta\src\tools\mph_vocab.cpp(69): note: see reference to function template instantiation 'meta::util::disk_vector<int64_t>::~disk_vector(void)' being compiled
  c:\msys64\home\satvik\meta\include\meta\succinct\darray.h(359): note: see reference to class template instantiation 'meta::util::disk_vector<int64_t>' being compiled
  c:\msys64\home\satvik\meta\include\meta\succinct\darray.h(342): note: see reference to class template instantiation 'meta::succinct::darray<WordReader>::impl' being compiled
  c:\msys64\home\satvik\meta\include\meta\succinct\darray.h(377): note: see reference to class template instantiation 'meta::succinct::darray<WordReader>' being compiled
c:\msys64\home\satvik\meta\include\meta\hashing\perfect_hash_builder.tcc(105): warning C4244: 'argument': conversion from 'uint64_t' to 'const unsigned int', possible loss of data
  c:\msys64\home\satvik\meta\include\meta\hashing\perfect_hash_builder.tcc(98): note: while compiling class template member function 'meta::hashing::perfect_hash_builder<std::string>::perfect_hash_builder(meta::hashing::perfect_hash_builder<std::string>::options)'
  c:\msys64\home\satvik\meta\src\tools\mph_vocab.cpp(28): note: see reference to function template instantiation 'meta::hashing::perfect_hash_builder<std::string>::perfect_hash_builder(meta::hashing::perfect_hash_builder<std::string>::options)' being compiled
  c:\msys64\home\satvik\meta\src\tools\mph_vocab.cpp(22): note: see reference to class template instantiation 'meta::hashing::perfect_hash_builder<std::string>' being compiled
c:\msys64\home\satvik\meta\include\meta\hashing\perfect_hash_builder.tcc(422): warning C4244: 'argument': conversion from 'uint64_t' to 'const unsigned int', possible loss of data
  c:\msys64\home\satvik\meta\include\meta\hashing\perfect_hash_builder.tcc(367): note: while compiling class template member function 'void meta::hashing::perfect_hash_builder<std::string>::construct_perfect_hash(void)'
  c:\msys64\home\satvik\meta\include\meta\hashing\perfect_hash_builder.tcc(156): note: see reference to function template instantiation 'void meta::hashing::perfect_hash_builder<std::string>::construct_perfect_hash(void)' being compiled
  c:\msys64\home\satvik\meta\include\meta\hashing\perfect_hash_builder.tcc(98): note: while compiling class template member function 'meta::hashing::perfect_hash_builder<std::string>::perfect_hash_builder(meta::hashing::perfect_hash_builder<std::string>::options)'
  c:\msys64\home\satvik\meta\src\tools\mph_vocab.cpp(28): note: see reference to function template instantiation 'meta::hashing::perfect_hash_builder<std::string>::perfect_hash_builder(meta::hashing::perfect_hash_builder<std::string>::options)' being compiled
c:\msys64\home\satvik\meta\include\meta\util\disk_vector.tcc(60): warning C4244: 'argument': conversion from 'uint64_t' to '::size_t', possible loss of data
  c:\msys64\home\satvik\meta\include\meta\util\disk_vector.tcc(17): note: while compiling class template member function 'meta::util::disk_vector<uint16_t>::disk_vector(const std::string &,uint64_t)'
  c:\msys64\home\satvik\meta\include\meta\hashing\perfect_hash_builder.tcc(373): note: see reference to function template instantiation 'meta::util::disk_vector<uint16_t>::disk_vector(const std::string &,uint64_t)' being compiled
  c:\msys64\home\satvik\meta\include\meta\hashing\perfect_hash_builder.tcc(367): note: while compiling class template member function 'void meta::hashing::perfect_hash_builder<std::string>::construct_perfect_hash(void)'
  c:\msys64\home\satvik\meta\include\meta\hashing\perfect_hash_builder.tcc(156): note: see reference to function template instantiation 'void meta::hashing::perfect_hash_builder<std::string>::construct_perfect_hash(void)' being compiled
c:\program files (x86)\microsoft visual studio\2017\community\vc\tools\msvc\14.13.26128\include\numeric(25): warning C4244: '=': conversion from 'uint64_t' to 'unsigned long', possible loss of data
  c:\msys64\home\satvik\meta\include\meta\util\multiway_merge.h(109): note: see reference to function template instantiation '_Ty std::accumulate<ForwardIterator,unsigned long,meta::util::multiway_merge::<lambda_63719460148ebb211e5547bfc41eb4f3>>(_InIt,const _InIt,_Ty,_Fn)' being compiled
          with
          [
              _Ty=unsigned long,
              ForwardIterator=std::_Vector_iterator<std::_Vector_val<std::_Simple_types<meta::util::chunk_iterator<meta::hashing::mph::bucket_record<std::string>>>>>,
              _InIt=std::_Vector_iterator<std::_Vector_val<std::_Simple_types<meta::util::chunk_iterator<meta::hashing::mph::bucket_record<std::string>>>>>,
              _Fn=meta::util::multiway_merge::<lambda_63719460148ebb211e5547bfc41eb4f3>
          ]
  c:\msys64\home\satvik\meta\include\meta\hashing\perfect_hash_builder.tcc(297): note: see reference to function template instantiation 'uint64_t meta::util::multiway_merge<std::_Vector_iterator<std::_Vector_val<std::_Simple_types<_Ty>>>,meta::hashing::perfect_hash_builder<std::string>::merge_chunks_by_bucket_size::<lambda_744dea69e0e251e157eca8f182b0a70a>,meta::hashing::perfect_hash_builder<std::string>::merge_chunks_by_bucket_size::<lambda_75d99f796154d393df3fc84ca984132a>,meta::hashing::perfect_hash_builder<std::string>::merge_chunks_by_bucket_size::<lambda_5f433a65bfa7f3d5d648cadd5c50433e>,meta::printing::default_progress_trait>(ForwardIterator,ForwardIterator,Compare &&,ShouldMerge &&,RecordHandler &&,ProgressTrait)' being compiled
          with
          [
              _Ty=meta::util::chunk_iterator<meta::hashing::mph::bucket_record<std::string>>,
              ForwardIterator=std::_Vector_iterator<std::_Vector_val<std::_Simple_types<meta::util::chunk_iterator<meta::hashing::mph::bucket_record<std::string>>>>>,
              Compare=meta::hashing::perfect_hash_builder<std::string>::merge_chunks_by_bucket_size::<lambda_75d99f796154d393df3fc84ca984132a>,
              ShouldMerge=meta::hashing::perfect_hash_builder<std::string>::merge_chunks_by_bucket_size::<lambda_5f433a65bfa7f3d5d648cadd5c50433e>,
              RecordHandler=meta::hashing::perfect_hash_builder<std::string>::merge_chunks_by_bucket_size::<lambda_744dea69e0e251e157eca8f182b0a70a>,
              ProgressTrait=meta::printing::default_progress_trait
          ]
  c:\msys64\home\satvik\meta\include\meta\hashing\perfect_hash_builder.tcc(272): note: while compiling class template member function 'void meta::hashing::perfect_hash_builder<std::string>::merge_chunks_by_bucket_size(void)'
  c:\msys64\home\satvik\meta\include\meta\hashing\perfect_hash_builder.tcc(155): note: see reference to function template instantiation 'void meta::hashing::perfect_hash_builder<std::string>::merge_chunks_by_bucket_size(void)' being compiled
LINK : fatal error LNK1104: cannot open file '..\..\lib\Debug\meta-io.lib'
