  Building Custom Rule C:/msys64/home/Satvik/meta/src/utf/CMakeLists.txt
  CMake does not need to re-run because C:/Users/Satvik/of_v0.9.8_vs_release/apps/myApps/final-project-ssethia2/src/utf/CMakeFiles/generate.stamp is up-to-date.
  segmenter.cpp
c:\msys64\home\satvik\meta\src\utf\segmenter.cpp(7): warning C4068: unknown pragma
c:\msys64\home\satvik\meta\src\utf\segmenter.cpp(8): warning C4068: unknown pragma
c:\msys64\home\satvik\meta\src\utf\segmenter.cpp(10): warning C4068: unknown pragma
c:\msys64\home\satvik\meta\src\utf\detail.h(16): warning C4068: unknown pragma
c:\msys64\home\satvik\meta\src\utf\detail.h(17): warning C4068: unknown pragma
c:\msys64\home\satvik\meta\src\utf\detail.h(20): warning C4068: unknown pragma
c:\msys64\home\satvik\meta\include\meta\hashing\hashes\farm_hash.h(284): warning C4307: '*': integral constant overflow
c:\msys64\home\satvik\meta\include\meta\hashing\hashes\metro_hash.h(161): warning C4244: 'return': conversion from 'uint64_t' to '::size_t', possible loss of data
c:\program files (x86)\microsoft visual studio\2017\community\vc\tools\msvc\14.13.26128\include\xutility(2440): warning C4996: 'std::copy::_Unchecked_iterators::_Deprecate': Call to 'std::copy' with parameters that may be unsafe - this call relies on the caller to check that the passed values are correct. To disable this warning, use -D_SCL_SECURE_NO_WARNINGS. See documentation on how to use Visual C++ 'Checked Iterators'
  c:\program files (x86)\microsoft visual studio\2017\community\vc\tools\msvc\14.13.26128\include\xutility(2440): note: see declaration of 'std::copy::_Unchecked_iterators::_Deprecate'
  c:\msys64\home\satvik\meta\include\meta\hashing\hashes\farm_hash.h(269): note: see reference to function template instantiation '_OutIt std::copy<const uint8_t*,uint8_t*>(_InIt,_InIt,_OutIt)' being compiled
          with
          [
              _OutIt=uint8_t *,
              _InIt=const uint8_t *
          ]
  transformer.cpp
c:\msys64\home\satvik\meta\src\utf\transformer.cpp(7): warning C4068: unknown pragma
c:\msys64\home\satvik\meta\src\utf\transformer.cpp(8): warning C4068: unknown pragma
c:\msys64\home\satvik\meta\src\utf\transformer.cpp(10): warning C4068: unknown pragma
c:\msys64\home\satvik\meta\src\utf\detail.h(16): warning C4068: unknown pragma
c:\msys64\home\satvik\meta\src\utf\detail.h(17): warning C4068: unknown pragma
c:\msys64\home\satvik\meta\src\utf\detail.h(20): warning C4068: unknown pragma
  utf.cpp
c:\msys64\home\satvik\meta\src\utf\utf.cpp(10): warning C4068: unknown pragma
c:\msys64\home\satvik\meta\src\utf\utf.cpp(11): warning C4068: unknown pragma
c:\msys64\home\satvik\meta\src\utf\utf.cpp(18): warning C4068: unknown pragma
c:\msys64\home\satvik\meta\src\utf\detail.h(16): warning C4068: unknown pragma
c:\msys64\home\satvik\meta\src\utf\detail.h(17): warning C4068: unknown pragma
c:\msys64\home\satvik\meta\src\utf\detail.h(20): warning C4068: unknown pragma
c:\msys64\home\satvik\meta\src\utf\utf.cpp(37): warning C4068: unknown pragma
c:\msys64\home\satvik\meta\src\utf\utf.cpp(38): warning C4068: unknown pragma
c:\msys64\home\satvik\meta\src\utf\utf.cpp(40): warning C4068: unknown pragma
c:\msys64\home\satvik\meta\src\utf\utf.cpp(51): warning C4068: unknown pragma
c:\msys64\home\satvik\meta\src\utf\utf.cpp(52): warning C4068: unknown pragma
c:\msys64\home\satvik\meta\src\utf\utf.cpp(54): warning C4068: unknown pragma
c:\msys64\home\satvik\meta\src\utf\utf.cpp(138): warning C4068: unknown pragma
c:\msys64\home\satvik\meta\src\utf\utf.cpp(139): warning C4068: unknown pragma
c:\msys64\home\satvik\meta\src\utf\utf.cpp(141): warning C4068: unknown pragma
  Generating Code...
icuuc.lib(icuuc61.dll) : fatal error LNK1112: module machine type 'x64' conflicts with target machine type 'x86'
