  Building Custom Rule C:/msys64/home/Satvik/meta/src/lm/analyzers/CMakeLists.txt
  CMake does not need to re-run because C:/Users/Satvik/of_v0.9.8_vs_release/apps/myApps/final-project-ssethia2/src/lm/analyzers/CMakeFiles/generate.stamp is up-to-date.
  diff_analyzer.cpp
c:\msys64\home\satvik\meta\include\meta\hashing\hashes\farm_hash.h(284): warning C4307: '*': integral constant overflow
c:\msys64\home\satvik\meta\include\meta\hashing\hashes\metro_hash.h(161): warning C4244: 'return': conversion from 'uint64_t' to '::size_t', possible loss of data
c:\msys64\home\satvik\meta\src\lm\analyzers\diff_analyzer.cpp(68): warning C4101: 'ex': unreferenced local variable
c:\program files (x86)\microsoft visual studio\2017\community\vc\tools\msvc\14.13.26128\include\xutility(2440): warning C4996: 'std::copy::_Unchecked_iterators::_Deprecate': Call to 'std::copy' with parameters that may be unsafe - this call relies on the caller to check that the passed values are correct. To disable this warning, use -D_SCL_SECURE_NO_WARNINGS. See documentation on how to use Visual C++ 'Checked Iterators'
  c:\program files (x86)\microsoft visual studio\2017\community\vc\tools\msvc\14.13.26128\include\xutility(2440): note: see declaration of 'std::copy::_Unchecked_iterators::_Deprecate'
  c:\msys64\home\satvik\meta\include\meta\hashing\hashes\farm_hash.h(269): note: see reference to function template instantiation '_OutIt std::copy<const uint8_t*,uint8_t*>(_InIt,_InIt,_OutIt)' being compiled
          with
          [
              _OutIt=uint8_t *,
              _InIt=const uint8_t *
          ]
c:\msys64\home\satvik\meta\include\meta\util\disk_vector.tcc(99): warning C4244: 'argument': conversion from 'uint64_t' to '::size_t', possible loss of data
  c:\msys64\home\satvik\meta\include\meta\util\disk_vector.tcc(95): note: while compiling class template member function 'meta::util::disk_vector<uint64_t>::~disk_vector(void)'
  c:\msys64\home\satvik\meta\src\lm\analyzers\diff_analyzer.cpp(85): note: see reference to function template instantiation 'meta::util::disk_vector<uint64_t>::~disk_vector(void)' being compiled
  c:\program files (x86)\microsoft visual studio\2017\community\vc\tools\msvc\14.13.26128\include\xstring(2859): note: while compiling class template member function 'std::basic_string<wchar_t,std::char_traits<wchar_t>,std::allocator<wchar_t>> &std::basic_string<wchar_t,std::char_traits<wchar_t>,std::allocator<wchar_t>>::replace(const unsigned int,unsigned int,const _Elem *const ,const unsigned int)'
          with
          [
              _Elem=wchar_t
          ]
  c:\program files (x86)\microsoft visual studio\2017\community\vc\tools\msvc\14.13.26128\include\xstring(3004): note: see reference to function template instantiation 'std::basic_string<wchar_t,std::char_traits<wchar_t>,std::allocator<wchar_t>> &std::basic_string<wchar_t,std::char_traits<wchar_t>,std::allocator<wchar_t>>::replace(const unsigned int,unsigned int,const _Elem *const ,const unsigned int)' being compiled
          with
          [
              _Elem=wchar_t
          ]
  c:\program files (x86)\microsoft visual studio\2017\community\vc\tools\msvc\14.13.26128\include\string(324): note: see reference to class template instantiation 'std::basic_string<wchar_t,std::char_traits<wchar_t>,std::allocator<wchar_t>>' being compiled
  meta-lm-analyzers.vcxproj -> C:\Users\Satvik\of_v0.9.8_vs_release\apps\myApps\final-project-ssethia2\lib\Debug\meta-lm-analyzers.lib
