  Building Custom Rule C:/msys64/home/Satvik/meta/src/succinct/CMakeLists.txt
  CMake does not need to re-run because C:/Users/Satvik/of_v0.9.8_vs_release/apps/myApps/final-project-ssethia2/src/succinct/CMakeFiles/generate.stamp is up-to-date.
  compressed_vector.cpp
c:\msys64\home\satvik\meta\include\meta\hashing\hashes\farm_hash.h(284): warning C4307: '*': integral constant overflow
c:\msys64\home\satvik\meta\include\meta\hashing\hashes\metro_hash.h(161): warning C4244: 'return': conversion from 'uint64_t' to '::size_t', possible loss of data
c:\program files (x86)\microsoft visual studio\2017\community\vc\tools\msvc\14.13.26128\include\xutility(2440): warning C4996: 'std::copy::_Unchecked_iterators::_Deprecate': Call to 'std::copy' with parameters that may be unsafe - this call relies on the caller to check that the passed values are correct. To disable this warning, use -D_SCL_SECURE_NO_WARNINGS. See documentation on how to use Visual C++ 'Checked Iterators'
  c:\program files (x86)\microsoft visual studio\2017\community\vc\tools\msvc\14.13.26128\include\xutility(2440): note: see declaration of 'std::copy::_Unchecked_iterators::_Deprecate'
  c:\msys64\home\satvik\meta\include\meta\hashing\hashes\farm_hash.h(269): note: see reference to function template instantiation '_OutIt std::copy<const uint8_t*,uint8_t*>(_InIt,_InIt,_OutIt)' being compiled
          with
          [
              _OutIt=uint8_t *,
              _InIt=const uint8_t *
          ]
c:\msys64\home\satvik\meta\include\meta\util\disk_vector.tcc(99): warning C4244: 'argument': conversion from 'uint64_t' to '::size_t', possible loss of data
  c:\msys64\home\satvik\meta\include\meta\util\disk_vector.tcc(95): note: while compiling class template member function 'meta::util::disk_vector<int64_t>::~disk_vector(void)'
  c:\msys64\home\satvik\meta\src\succinct\compressed_vector.cpp(40): note: see reference to function template instantiation 'meta::util::disk_vector<int64_t>::~disk_vector(void)' being compiled
  c:\msys64\home\satvik\meta\include\meta\succinct\darray.h(359): note: see reference to class template instantiation 'meta::util::disk_vector<int64_t>' being compiled
  c:\msys64\home\satvik\meta\include\meta\succinct\darray.h(342): note: see reference to class template instantiation 'meta::succinct::darray<WordReader>::impl' being compiled
  c:\msys64\home\satvik\meta\include\meta\succinct\darray.h(377): note: see reference to class template instantiation 'meta::succinct::darray<WordReader>' being compiled
c:\msys64\home\satvik\meta\include\meta\util\disk_vector.tcc(60): warning C4244: 'argument': conversion from 'uint64_t' to '::size_t', possible loss of data
  c:\msys64\home\satvik\meta\include\meta\util\disk_vector.tcc(17): note: while compiling class template member function 'meta::util::disk_vector<uint64_t>::disk_vector(const std::string &,uint64_t)'
  c:\msys64\home\satvik\meta\src\succinct\compressed_vector.cpp(18): note: see reference to function template instantiation 'meta::util::disk_vector<uint64_t>::disk_vector(const std::string &,uint64_t)' being compiled
  c:\msys64\home\satvik\meta\include\meta\succinct\darray.h(370): note: see reference to class template instantiation 'meta::util::disk_vector<uint64_t>' being compiled
  bit_vector.cpp
c:\msys64\home\satvik\meta\src\succinct\bit_vector.cpp(34): warning C4244: 'argument': conversion from 'uint64_t' to '::size_t', possible loss of data
c:\msys64\home\satvik\meta\src\succinct\bit_vector.cpp(54): warning C4244: 'argument': conversion from 'uint64_t' to '::size_t', possible loss of data
c:\msys64\home\satvik\meta\src\succinct\bit_vector.cpp(60): warning C4244: 'argument': conversion from 'uint64_t' to '::size_t', possible loss of data
c:\msys64\home\satvik\meta\src\succinct\bit_vector.cpp(61): warning C4244: 'argument': conversion from 'uint64_t' to '::size_t', possible loss of data
  sarray.cpp
c:\msys64\home\satvik\meta\include\meta\hashing\hashes\farm_hash.h(284): warning C4307: '*': integral constant overflow
c:\msys64\home\satvik\meta\include\meta\hashing\hashes\metro_hash.h(161): warning C4244: 'return': conversion from 'uint64_t' to '::size_t', possible loss of data
c:\msys64\home\satvik\meta\include\meta\succinct\darray.h(137): warning C4244: 'argument': conversion from 'uint64_t' to '::size_t', possible loss of data
  c:\msys64\home\satvik\meta\include\meta\succinct\darray.h(105): note: while compiling class template member function 'meta::succinct::darray_builder<WordReader>::darray_builder(const std::string &,meta::succinct::bit_vector_view)'
          with
          [
              WordReader=meta::succinct::word_identity
          ]
  c:\msys64\home\satvik\meta\include\meta\succinct\darray.h(248): note: see reference to function template instantiation 'meta::succinct::darray_builder<WordReader>::darray_builder(const std::string &,meta::succinct::bit_vector_view)' being compiled
          with
          [
              WordReader=meta::succinct::word_identity
          ]
  c:\msys64\home\satvik\meta\include\meta\succinct\darray.h(248): note: see reference to class template instantiation 'meta::succinct::darray_builder<WordReader>' being compiled
          with
          [
              WordReader=meta::succinct::word_identity
          ]
  c:\msys64\home\satvik\meta\include\meta\succinct\darray.h(244): note: while compiling class template member function 'meta::succinct::darray<meta::succinct::word_identity>::darray(const std::string &,meta::succinct::bit_vector_view)'
  c:\msys64\home\satvik\meta\src\succinct\sarray.cpp(145): note: see reference to function template instantiation 'meta::succinct::darray<meta::succinct::word_identity>::darray(const std::string &,meta::succinct::bit_vector_view)' being compiled
  c:\msys64\home\satvik\meta\include\meta\succinct\sarray.h(129): note: see reference to class template instantiation 'meta::succinct::darray<meta::succinct::word_identity>' being compiled
c:\msys64\home\satvik\meta\include\meta\succinct\darray.h(335): warning C4244: 'argument': conversion from 'uint64_t' to '::size_t', possible loss of data
  c:\msys64\home\satvik\meta\include\meta\succinct\darray.h(305): note: while compiling class template member function 'uint64_t meta::succinct::darray<meta::succinct::word_identity>::impl::select(uint64_t) const'
  c:\msys64\home\satvik\meta\include\meta\succinct\darray.h(269): note: see reference to function template instantiation 'uint64_t meta::succinct::darray<meta::succinct::word_identity>::impl::select(uint64_t) const' being compiled
  c:\msys64\home\satvik\meta\include\meta\succinct\darray.h(277): note: see reference to class template instantiation 'meta::succinct::darray<meta::succinct::word_identity>::impl' being compiled
  c:\msys64\home\satvik\meta\include\meta\succinct\darray.h(276): note: while compiling class template member function 'uint64_t meta::succinct::darray<meta::succinct::word_identity>::num_positions(void) const'
  c:\msys64\home\satvik\meta\src\succinct\sarray.cpp(159): note: see reference to function template instantiation 'uint64_t meta::succinct::darray<meta::succinct::word_identity>::num_positions(void) const' being compiled
c:\msys64\home\satvik\meta\include\meta\succinct\darray.h(344): warning C4244: 'argument': conversion from 'uint64_t' to '::size_t', possible loss of data
c:\program files (x86)\microsoft visual studio\2017\community\vc\tools\msvc\14.13.26128\include\xutility(2440): warning C4996: 'std::copy::_Unchecked_iterators::_Deprecate': Call to 'std::copy' with parameters that may be unsafe - this call relies on the caller to check that the passed values are correct. To disable this warning, use -D_SCL_SECURE_NO_WARNINGS. See documentation on how to use Visual C++ 'Checked Iterators'
  c:\program files (x86)\microsoft visual studio\2017\community\vc\tools\msvc\14.13.26128\include\xutility(2440): note: see declaration of 'std::copy::_Unchecked_iterators::_Deprecate'
  c:\msys64\home\satvik\meta\include\meta\hashing\hashes\farm_hash.h(269): note: see reference to function template instantiation '_OutIt std::copy<const uint8_t*,uint8_t*>(_InIt,_InIt,_OutIt)' being compiled
          with
          [
              _OutIt=uint8_t *,
              _InIt=const uint8_t *
          ]
c:\msys64\home\satvik\meta\include\meta\util\disk_vector.tcc(99): warning C4244: 'argument': conversion from 'uint64_t' to '::size_t', possible loss of data
  c:\msys64\home\satvik\meta\include\meta\util\disk_vector.tcc(95): note: while compiling class template member function 'meta::util::disk_vector<int64_t>::~disk_vector(void)'
  c:\msys64\home\satvik\meta\src\succinct\sarray.cpp(163): note: see reference to function template instantiation 'meta::util::disk_vector<int64_t>::~disk_vector(void)' being compiled
  c:\msys64\home\satvik\meta\include\meta\succinct\darray.h(359): note: see reference to class template instantiation 'meta::util::disk_vector<int64_t>' being compiled
  c:\msys64\home\satvik\meta\include\meta\succinct\darray.h(342): note: see reference to class template instantiation 'meta::succinct::darray<WordReader>::impl' being compiled
  c:\msys64\home\satvik\meta\include\meta\succinct\darray.h(377): note: see reference to class template instantiation 'meta::succinct::darray<WordReader>' being compiled
c:\msys64\home\satvik\meta\include\meta\util\disk_vector.tcc(60): warning C4244: 'argument': conversion from 'uint64_t' to '::size_t', possible loss of data
  c:\msys64\home\satvik\meta\include\meta\util\disk_vector.tcc(17): note: while compiling class template member function 'meta::util::disk_vector<uint64_t>::disk_vector(const std::string &,uint64_t)'
  c:\msys64\home\satvik\meta\src\succinct\sarray.cpp(83): note: see reference to function template instantiation 'meta::util::disk_vector<uint64_t>::disk_vector(const std::string &,uint64_t)' being compiled
  c:\msys64\home\satvik\meta\include\meta\succinct\darray.h(370): note: see reference to class template instantiation 'meta::util::disk_vector<uint64_t>' being compiled
  Generating Code...
  meta-succinct.vcxproj -> C:\Users\Satvik\of_v0.9.8_vs_release\apps\myApps\final-project-ssethia2\lib\Debug\meta-succinct.lib
