  Building Custom Rule C:/msys64/home/Satvik/meta/src/sequence/crf/CMakeLists.txt
  CMake does not need to re-run because C:/Users/Satvik/of_v0.9.8_vs_release/apps/myApps/final-project-ssethia2/src/sequence/crf/CMakeFiles/generate.stamp is up-to-date.
  crf.cpp
c:\msys64\home\satvik\meta\include\meta\hashing\hashes\farm_hash.h(284): warning C4307: '*': integral constant overflow
c:\msys64\home\satvik\meta\include\meta\hashing\hashes\metro_hash.h(161): warning C4244: 'return': conversion from 'uint64_t' to '::size_t', possible loss of data
c:\msys64\home\satvik\meta\src\sequence\crf\crf.cpp(69): warning C4244: 'argument': conversion from 'uint64_t' to 'meta::sequence::sequence::size_type', possible loss of data
c:\msys64\home\satvik\meta\src\sequence\crf\crf.cpp(72): warning C4244: 'argument': conversion from 'uint64_t' to 'meta::sequence::sequence::size_type', possible loss of data
c:\msys64\home\satvik\meta\src\sequence\crf\crf.cpp(219): warning C4244: 'argument': conversion from 'uint64_t' to 'const unsigned int', possible loss of data
c:\msys64\home\satvik\meta\src\sequence\crf\crf.cpp(293): warning C4244: 'argument': conversion from 'uint64_t' to 'const unsigned int', possible loss of data
c:\msys64\home\satvik\meta\src\sequence\crf\crf.cpp(321): warning C4244: 'argument': conversion from 'uint64_t' to 'const unsigned int', possible loss of data
c:\msys64\home\satvik\meta\src\sequence\crf\crf.cpp(335): warning C4244: 'argument': conversion from 'uint64_t' to 'const unsigned int', possible loss of data
c:\msys64\home\satvik\meta\src\sequence\crf\crf.cpp(349): warning C4244: 'argument': conversion from 'uint64_t' to 'const unsigned int', possible loss of data
c:\msys64\home\satvik\meta\src\sequence\crf\crf.cpp(349): warning C4244: 'argument': conversion from 'const uint64_t' to 'const unsigned int', possible loss of data
c:\msys64\home\satvik\meta\src\sequence\crf\crf.cpp(410): warning C4244: 'argument': conversion from 'uint64_t' to 'meta::sequence::sequence::size_type', possible loss of data
c:\program files (x86)\microsoft visual studio\2017\community\vc\tools\msvc\14.13.26128\include\xutility(2440): warning C4996: 'std::copy::_Unchecked_iterators::_Deprecate': Call to 'std::copy' with parameters that may be unsafe - this call relies on the caller to check that the passed values are correct. To disable this warning, use -D_SCL_SECURE_NO_WARNINGS. See documentation on how to use Visual C++ 'Checked Iterators'
  c:\program files (x86)\microsoft visual studio\2017\community\vc\tools\msvc\14.13.26128\include\xutility(2440): note: see declaration of 'std::copy::_Unchecked_iterators::_Deprecate'
  c:\msys64\home\satvik\meta\include\meta\hashing\hashes\farm_hash.h(269): note: see reference to function template instantiation '_OutIt std::copy<const uint8_t*,uint8_t*>(_InIt,_InIt,_OutIt)' being compiled
          with
          [
              _OutIt=uint8_t *,
              _InIt=const uint8_t *
          ]
c:\msys64\home\satvik\meta\include\meta\util\disk_vector.tcc(60): warning C4244: 'argument': conversion from 'uint64_t' to '::size_t', possible loss of data
  c:\msys64\home\satvik\meta\include\meta\util\disk_vector.tcc(17): note: while compiling class template member function 'meta::util::disk_vector<meta::sequence::crf_feature_id>::disk_vector(const std::string &,uint64_t)'
  c:\msys64\home\satvik\meta\src\sequence\crf\crf.cpp(35): note: see reference to function template instantiation 'meta::util::disk_vector<meta::sequence::crf_feature_id>::disk_vector(const std::string &,uint64_t)' being compiled
  c:\msys64\home\satvik\meta\include\meta\util\optional.h(78): note: see reference to class template instantiation 'meta::util::disk_vector<meta::sequence::crf_feature_id>' being compiled
  c:\msys64\home\satvik\meta\include\meta\util\optional.h(252): note: see reference to class template instantiation 'meta::util::optional_storage<T>' being compiled
          with
          [
              T=meta::util::disk_vector<meta::sequence::crf_feature_id>
          ]
  c:\msys64\home\satvik\meta\include\meta\sequence\crf\crf.h(325): note: see reference to class template instantiation 'meta::util::optional<meta::util::disk_vector<meta::sequence::crf_feature_id>>' being compiled
c:\msys64\home\satvik\meta\include\meta\util\disk_vector.tcc(99): warning C4244: 'argument': conversion from 'uint64_t' to '::size_t', possible loss of data
  c:\msys64\home\satvik\meta\include\meta\util\disk_vector.tcc(95): note: while compiling class template member function 'meta::util::disk_vector<meta::sequence::crf_feature_id>::~disk_vector(void)'
  c:\msys64\home\satvik\meta\src\sequence\crf\crf.cpp(35): note: see reference to function template instantiation 'meta::util::disk_vector<meta::sequence::crf_feature_id>::~disk_vector(void)' being compiled
c:\msys64\home\satvik\meta\include\meta\util\range.h(194): warning C4244: 'initializing': conversion from 'uint64_t' to '::size_t', possible loss of data
  c:\msys64\home\satvik\meta\include\meta\util\range.h(193): note: while compiling class template member function 'meta::util::basic_range<meta::sequence::crf_feature_id>::basic_range(const T &,const T &,const T &)'
          with
          [
              T=meta::sequence::crf_feature_id
          ]
  c:\msys64\home\satvik\meta\include\meta\util\range.h(229): note: see reference to function template instantiation 'meta::util::basic_range<meta::sequence::crf_feature_id>::basic_range(const T &,const T &,const T &)' being compiled
          with
          [
              T=meta::sequence::crf_feature_id
          ]
  c:\msys64\home\satvik\meta\src\sequence\crf\crf.cpp(179): note: see reference to class template instantiation 'meta::util::basic_range<meta::sequence::crf_feature_id>' being compiled
c:\msys64\home\satvik\meta\include\meta\util\disk_vector.tcc(83): warning C4244: 'argument': conversion from 'uint64_t' to '::size_t', possible loss of data
  c:\msys64\home\satvik\meta\include\meta\util\disk_vector.tcc(78): note: while compiling class template member function 'meta::util::disk_vector<meta::sequence::crf_feature_id> &meta::util::disk_vector<meta::sequence::crf_feature_id>::operator =(meta::util::disk_vector<meta::sequence::crf_feature_id> &&)'
  c:\program files (x86)\microsoft visual studio\2017\community\vc\tools\msvc\14.13.26128\include\utility(67): note: see reference to function template instantiation 'meta::util::disk_vector<meta::sequence::crf_feature_id> &meta::util::disk_vector<meta::sequence::crf_feature_id>::operator =(meta::util::disk_vector<meta::sequence::crf_feature_id> &&)' being compiled
  c:\msys64\home\satvik\meta\include\meta\util\disk_vector.tcc(68): note: while compiling class template member function 'meta::util::disk_vector<meta::sequence::crf_feature_id>::disk_vector(meta::util::disk_vector<meta::sequence::crf_feature_id> &&)'
  c:\msys64\home\satvik\meta\include\meta\util\optional.tcc(89): note: see reference to function template instantiation 'meta::util::disk_vector<meta::sequence::crf_feature_id>::disk_vector(meta::util::disk_vector<meta::sequence::crf_feature_id> &&)' being compiled
  c:\msys64\home\satvik\meta\include\meta\util\optional.tcc(81): note: while compiling class template member function 'void meta::util::optional<meta::util::disk_vector<meta::sequence::crf_feature_id>>::swap(meta::util::optional<meta::util::disk_vector<meta::sequence::crf_feature_id>> &)'
  c:\msys64\home\satvik\meta\include\meta\util\optional.tcc(75): note: see reference to function template instantiation 'void meta::util::optional<meta::util::disk_vector<meta::sequence::crf_feature_id>>::swap(meta::util::optional<meta::util::disk_vector<meta::sequence::crf_feature_id>> &)' being compiled
  c:\msys64\home\satvik\meta\include\meta\util\optional.tcc(51): note: while compiling class template member function 'meta::util::optional<meta::util::disk_vector<meta::sequence::crf_feature_id>>::optional(T &&)'
          with
          [
              T=meta::util::disk_vector<meta::sequence::crf_feature_id>
          ]
  c:\msys64\home\satvik\meta\src\sequence\crf\crf.cpp(35): note: see reference to function template instantiation 'meta::util::optional<meta::util::disk_vector<meta::sequence::crf_feature_id>>::optional(T &&)' being compiled
          with
          [
              T=meta::util::disk_vector<meta::sequence::crf_feature_id>
          ]
  scorer.cpp
c:\msys64\home\satvik\meta\include\meta\hashing\hashes\farm_hash.h(284): warning C4307: '*': integral constant overflow
c:\msys64\home\satvik\meta\include\meta\hashing\hashes\metro_hash.h(161): warning C4244: 'return': conversion from 'uint64_t' to '::size_t', possible loss of data
c:\msys64\home\satvik\meta\src\sequence\crf\scorer.cpp(48): warning C4244: 'argument': conversion from 'uint64_t' to 'meta::sequence::sequence::size_type', possible loss of data
c:\msys64\home\satvik\meta\src\sequence\crf\scorer.cpp(176): warning C4244: 'argument': conversion from 'uint64_t' to 'meta::sequence::sequence::size_type', possible loss of data
c:\program files (x86)\microsoft visual studio\2017\community\vc\tools\msvc\14.13.26128\include\xutility(2440): warning C4996: 'std::copy::_Unchecked_iterators::_Deprecate': Call to 'std::copy' with parameters that may be unsafe - this call relies on the caller to check that the passed values are correct. To disable this warning, use -D_SCL_SECURE_NO_WARNINGS. See documentation on how to use Visual C++ 'Checked Iterators'
  c:\program files (x86)\microsoft visual studio\2017\community\vc\tools\msvc\14.13.26128\include\xutility(2440): note: see declaration of 'std::copy::_Unchecked_iterators::_Deprecate'
  c:\msys64\home\satvik\meta\include\meta\hashing\hashes\farm_hash.h(269): note: see reference to function template instantiation '_OutIt std::copy<const uint8_t*,uint8_t*>(_InIt,_InIt,_OutIt)' being compiled
          with
          [
              _OutIt=uint8_t *,
              _InIt=const uint8_t *
          ]
c:\msys64\home\satvik\meta\include\meta\util\dense_matrix.tcc(15): warning C4244: 'argument': conversion from 'uint64_t' to 'const unsigned int', possible loss of data
  c:\msys64\home\satvik\meta\include\meta\util\dense_matrix.tcc(15): note: while compiling class template member function 'meta::util::dense_matrix<double>::dense_matrix(uint64_t,uint64_t)'
  c:\msys64\home\satvik\meta\src\sequence\crf\scorer.cpp(138): note: see reference to function template instantiation 'meta::util::dense_matrix<double>::dense_matrix(uint64_t,uint64_t)' being compiled
  c:\msys64\home\satvik\meta\include\meta\sequence\trellis.h(33): note: see reference to class template instantiation 'meta::util::dense_matrix<double>' being compiled
c:\msys64\home\satvik\meta\include\meta\util\dense_matrix.tcc(36): warning C4244: 'argument': conversion from 'uint64_t' to 'const unsigned int', possible loss of data
  c:\msys64\home\satvik\meta\include\meta\util\dense_matrix.tcc(35): note: while compiling class template member function 'void meta::util::dense_matrix<double>::resize(uint64_t,uint64_t)'
  c:\msys64\home\satvik\meta\src\sequence\crf\scorer.cpp(26): note: see reference to function template instantiation 'void meta::util::dense_matrix<double>::resize(uint64_t,uint64_t)' being compiled
c:\msys64\home\satvik\meta\include\meta\util\dense_matrix.tcc(30): warning C4244: 'argument': conversion from 'uint64_t' to 'const unsigned int', possible loss of data
  c:\msys64\home\satvik\meta\include\meta\util\dense_matrix.tcc(29): note: while compiling class template member function 'const double &meta::util::dense_matrix<double>::operator ()(uint64_t,uint64_t) const'
  c:\msys64\home\satvik\meta\src\sequence\crf\scorer.cpp(191): note: see reference to function template instantiation 'const double &meta::util::dense_matrix<double>::operator ()(uint64_t,uint64_t) const' being compiled
c:\msys64\home\satvik\meta\include\meta\util\dense_matrix.tcc(24): warning C4244: 'argument': conversion from 'uint64_t' to 'const unsigned int', possible loss of data
  c:\msys64\home\satvik\meta\include\meta\util\dense_matrix.tcc(23): note: while compiling class template member function 'double &meta::util::dense_matrix<double>::operator ()(uint64_t,uint64_t)'
  c:\msys64\home\satvik\meta\src\sequence\crf\scorer.cpp(31): note: see reference to function template instantiation 'double &meta::util::dense_matrix<double>::operator ()(uint64_t,uint64_t)' being compiled
  tagger.cpp
c:\msys64\home\satvik\meta\include\meta\hashing\hashes\farm_hash.h(284): warning C4307: '*': integral constant overflow
c:\msys64\home\satvik\meta\include\meta\hashing\hashes\metro_hash.h(161): warning C4244: 'return': conversion from 'uint64_t' to '::size_t', possible loss of data
c:\msys64\home\satvik\meta\src\sequence\crf\tagger.cpp(39): warning C4244: 'argument': conversion from 'uint64_t' to 'meta::sequence::sequence::size_type', possible loss of data
c:\program files (x86)\microsoft visual studio\2017\community\vc\tools\msvc\14.13.26128\include\xutility(2440): warning C4996: 'std::copy::_Unchecked_iterators::_Deprecate': Call to 'std::copy' with parameters that may be unsafe - this call relies on the caller to check that the passed values are correct. To disable this warning, use -D_SCL_SECURE_NO_WARNINGS. See documentation on how to use Visual C++ 'Checked Iterators'
  c:\program files (x86)\microsoft visual studio\2017\community\vc\tools\msvc\14.13.26128\include\xutility(2440): note: see declaration of 'std::copy::_Unchecked_iterators::_Deprecate'
  c:\msys64\home\satvik\meta\include\meta\hashing\hashes\farm_hash.h(269): note: see reference to function template instantiation '_OutIt std::copy<const uint8_t*,uint8_t*>(_InIt,_InIt,_OutIt)' being compiled
          with
          [
              _OutIt=uint8_t *,
              _InIt=const uint8_t *
          ]
  viterbi_scorer.cpp
c:\msys64\home\satvik\meta\include\meta\hashing\hashes\farm_hash.h(284): warning C4307: '*': integral constant overflow
c:\msys64\home\satvik\meta\include\meta\hashing\hashes\metro_hash.h(161): warning C4244: 'return': conversion from 'uint64_t' to '::size_t', possible loss of data
c:\program files (x86)\microsoft visual studio\2017\community\vc\tools\msvc\14.13.26128\include\xutility(2440): warning C4996: 'std::copy::_Unchecked_iterators::_Deprecate': Call to 'std::copy' with parameters that may be unsafe - this call relies on the caller to check that the passed values are correct. To disable this warning, use -D_SCL_SECURE_NO_WARNINGS. See documentation on how to use Visual C++ 'Checked Iterators'
  c:\program files (x86)\microsoft visual studio\2017\community\vc\tools\msvc\14.13.26128\include\xutility(2440): note: see declaration of 'std::copy::_Unchecked_iterators::_Deprecate'
  c:\msys64\home\satvik\meta\include\meta\hashing\hashes\farm_hash.h(269): note: see reference to function template instantiation '_OutIt std::copy<const uint8_t*,uint8_t*>(_InIt,_InIt,_OutIt)' being compiled
          with
          [
              _OutIt=uint8_t *,
              _InIt=const uint8_t *
          ]
  Generating Code...
  meta-crf.vcxproj -> C:\Users\Satvik\of_v0.9.8_vs_release\apps\myApps\final-project-ssethia2\lib\Debug\meta-crf.lib
